TN:
SF:src/app.d.ts
FN:1,(empty-report)
FNF:1
FNH:1
FNDA:1,(empty-report)
DA:17,0
LF:1
LH:0
BRDA:1,0,0,1
BRF:1
BRH:1
end_of_record
TN:
SF:src/demo.spec.ts
FNF:0
FNH:0
DA:1,1
DA:3,1
DA:4,1
DA:5,1
DA:6,1
DA:7,1
LF:6
LH:6
BRDA:3,0,0,1
BRDA:4,1,0,1
BRF:2
BRH:2
end_of_record
TN:
SF:src/hooks.server.ts
FN:1,(empty-report)
FNF:1
FNH:0
FNDA:0,(empty-report)
DA:1,0
DA:8,0
DA:10,0
DA:11,0
DA:12,0
DA:13,0
DA:14,0
DA:15,0
DA:16,0
DA:18,0
DA:19,0
DA:20,0
DA:21,0
DA:22,0
DA:23,0
DA:25,0
DA:26,0
DA:28,0
DA:29,0
DA:30,0
DA:31,0
DA:32,0
DA:33,0
DA:34,0
DA:35,0
DA:36,0
DA:38,0
DA:39,0
DA:41,0
DA:42,0
DA:43,0
DA:44,0
DA:45,0
DA:46,0
DA:47,0
DA:48,0
DA:49,0
DA:50,0
DA:52,0
DA:54,0
DA:55,0
DA:56,0
DA:57,0
DA:58,0
DA:59,0
DA:60,0
DA:61,0
DA:62,0
DA:64,0
DA:66,0
DA:67,0
DA:68,0
DA:69,0
DA:70,0
DA:71,0
DA:72,0
DA:73,0
DA:74,0
LF:58
LH:0
BRDA:1,0,0,0
BRF:1
BRH:0
end_of_record
TN:
SF:src/hooks.ts
FN:1,(empty-report)
FNF:1
FNH:0
FNDA:0,(empty-report)
DA:1,0
DA:3,0
LF:2
LH:0
BRDA:1,0,0,0
BRF:1
BRH:0
end_of_record
TN:
SF:src/lib/i18n.ts
FN:1,(empty-report)
FNF:1
FNH:0
FNDA:0,(empty-report)
DA:1,0
DA:3,0
LF:2
LH:0
BRDA:1,0,0,0
BRF:1
BRH:0
end_of_record
TN:
SF:src/lib/index.ts
FN:1,(empty-report)
FNF:1
FNH:1
FNDA:1,(empty-report)
LF:0
LH:0
BRDA:1,0,0,1
BRF:1
BRH:1
end_of_record
TN:
SF:src/lib/paraglide/messages.js
FN:20,hello_world
FN:42,goodbye
FN:64,copy_right
FN:86,program
FN:108,tickets
FN:130,about
FN:152,follow_us
FN:174,quick_links
FN:196,home
FN:218,legal
FN:240,imprint
FN:262,privacy_policy
FN:284,terms_of_service
FN:306,stay_in_touch
FN:328,newsletter_text
FN:350,subscribe
FN:372,your_email
FN:394,about_us_text
FN:416,logout
FN:438,login
FN:460,settings
FN:482,switch_language
FN:504,login_to_account
FN:526,email_address
FN:548,enter_email
FN:570,password
FN:592,enter_password
FN:614,forgot_password
FN:636,or
FN:658,login_with_google
FN:680,login_with_github
FN:702,no_account
FN:724,sign_up
FN:746,register_new
FN:768,password_confirm
FN:790,enter_password_confirm
FN:812,already_account
FN:834,admin_tools
FN:856,movies
FN:878,shows
FN:900,directed_by
FN:922,released_in
FN:944,validate_tickets
FN:966,save
FN:988,cancel
FN:1010,edit
FN:1032,back
FN:1054,delete_something
FN:1076,internal_server_error
FN:1098,show_for_movie
FN:1120,cancelled
FN:1142,cancel_show
FN:1164,new_show
FN:1186,date
FN:1208,start_time
FN:1230,end_time
FN:1252,price_set
FN:1274,uncancel
FN:1296,reschedule
FN:1318,reschedule_show
FN:1340,show_not_found
FN:1362,missing_inputs
FN:1384,slot_not_available
FN:1406,show_rescheduled
FN:1428,price_set_management
FN:1450,seat_category_management
FN:1472,ticket_type_management
FN:1494,create_new_price_set
FN:1516,cancel_price_set
FN:1538,new_price_set
FN:1560,name_of_price_set
FN:1582,price_factor
FN:1604,choose_seat_categories
FN:1626,choose_ticket_types
FN:1648,seat_categories
FN:1670,ticket_types
FN:1692,for_base_prices
FN:1714,including_base_prices
FN:1736,including_price_factors
FN:1758,error_creating_price_set
FN:1780,error_deleting_price_set
FN:1802,error_updating_price_set
FN:1824,seat_categories_management
FN:1846,back_arrow
FN:1868,cancel_with_arrow
FN:1890,create_new_seat_category
FN:1912,new_seat_category
FN:1934,seat_category_name
FN:1956,price
FN:1978,seat_category_price
FN:2000,description
FN:2022,seat_category_description
FN:2044,emoji
FN:2066,cannot_remove_seat_category
FN:2088,ticket_types_management
FN:2110,manage_price_sets
FN:2132,create_new_ticket_type
FN:2154,new_ticket_type
FN:2176,ticket_type_name
FN:2198,factor
FN:2220,ticket_type_factor
FN:2242,ticket_type_description
FN:2264,refund_options_for_cancelled_shows
FN:2286,no_refundable_shows
FN:2308,apology_and_instructions
FN:2330,time
FN:2352,o_clock
FN:2374,booked_seats
FN:2396,refund_amount
FN:2418,collect_refund
FN:2440,movie_management
FN:2462,new_movie
FN:2484,edit_movie
FN:2506,movie_details
FN:2528,genre
FN:2550,add_show
FN:2572,movie_not_found
FN:2594,add_new_show
FN:2616,free_slots
FN:2638,hall
FN:2660,load_free_slots
FN:2682,search_movies
FN:2704,search
FN:2726,no_movies_found
FN:2748,year
FN:2770,select
FN:2792,title
FN:2814,director
FN:2836,runtime
FN:2858,genres
FN:2880,loading
FN:2902,error_fetching_movie_details
FN:2924,error_processing_results
FN:2946,system_logs
FN:2968,id
FN:2990,level
FN:3012,message
FN:3034,metadata
FN:3056,timestamp
FN:3078,not_available
FN:3100,plan_screening_time
FN:3122,cinema
FN:3144,select_hall
FN:3166,film_duration_minutes
FN:3188,search_available_time_windows
FN:3210,available_time_windows
FN:3232,choose_start_time
FN:3254,available_time_range
FN:3276,required_time
FN:3298,film
FN:3320,cleaning
FN:3342,advertisement
FN:3364,start_time_hhmm
FN:3386,screening_time
FN:3408,start
FN:3430,end
FN:3452,total_duration
FN:3474,chosen_time_not_fit
FN:3496,save_screening
FN:3518,name
FN:3540,address
FN:3562,search_address
FN:3584,opening_time
FN:3606,closing_time
FN:3628,selected_address
FN:3650,create
FN:3672,cinema_management
FN:3694,new_cinema
FN:3716,opens_at
FN:3738,closes_at
FN:3760,actions
FN:3782,dashboard
FN:3804,pricing_sets
FN:3826,cinemas
FN:3848,halls
FN:3870,cinema_admin
FN:3892,subscription_success
FN:3914,subscription_error
FN:3936,connection_error
FN:3958,search_placeholder
FN:3980,no_time
FN:4002,movie_poster
FN:4024,trailer
FN:4046,fsk_0
FN:4068,fsk_6
FN:4090,fsk_12
FN:4112,fsk_16
FN:4134,fsk_18
FN:4156,default_user
FN:4178,welcome
FN:4200,user_id
FN:4222,reservations
FN:4244,visits
FN:4266,search_results_for
FN:4288,sort_by
FN:4310,age_rating
FN:4332,no_films_found
FN:4354,release_date
FN:4376,show_details
FN:4398,price_per_ticket
FN:4420,to_booking
FN:4442,page_not_found
FN:4464,error_occurred
FN:4486,page_not_found_message
FN:4508,general_error_message
FN:4530,go_back
FN:4552,to_homepage
FN:4574,persistent_problem_message
FN:4596,contact_us
FN:4618,please
FN:4640,trailer_title
FN:4662,book_new_ticket
FN:4684,return_to_home
FN:4706,discount_code_created
FN:4728,book_here
FNF:215
FNH:2
FNDA:0,hello_world
FNDA:0,goodbye
FNDA:0,copy_right
FNDA:0,program
FNDA:0,tickets
FNDA:0,about
FNDA:0,follow_us
FNDA:0,quick_links
FNDA:0,home
FNDA:0,legal
FNDA:0,imprint
FNDA:0,privacy_policy
FNDA:0,terms_of_service
FNDA:0,stay_in_touch
FNDA:0,newsletter_text
FNDA:0,subscribe
FNDA:0,your_email
FNDA:0,about_us_text
FNDA:0,logout
FNDA:0,login
FNDA:0,settings
FNDA:0,switch_language
FNDA:0,login_to_account
FNDA:0,email_address
FNDA:0,enter_email
FNDA:0,password
FNDA:0,enter_password
FNDA:0,forgot_password
FNDA:0,or
FNDA:0,login_with_google
FNDA:0,login_with_github
FNDA:0,no_account
FNDA:0,sign_up
FNDA:0,register_new
FNDA:0,password_confirm
FNDA:0,enter_password_confirm
FNDA:0,already_account
FNDA:0,admin_tools
FNDA:0,movies
FNDA:0,shows
FNDA:0,directed_by
FNDA:0,released_in
FNDA:0,validate_tickets
FNDA:0,save
FNDA:0,cancel
FNDA:0,edit
FNDA:0,back
FNDA:0,delete_something
FNDA:7,internal_server_error
FNDA:0,show_for_movie
FNDA:0,cancelled
FNDA:0,cancel_show
FNDA:0,new_show
FNDA:0,date
FNDA:0,start_time
FNDA:0,end_time
FNDA:0,price_set
FNDA:0,uncancel
FNDA:0,reschedule
FNDA:0,reschedule_show
FNDA:0,show_not_found
FNDA:1,missing_inputs
FNDA:0,slot_not_available
FNDA:0,show_rescheduled
FNDA:0,price_set_management
FNDA:0,seat_category_management
FNDA:0,ticket_type_management
FNDA:0,create_new_price_set
FNDA:0,cancel_price_set
FNDA:0,new_price_set
FNDA:0,name_of_price_set
FNDA:0,price_factor
FNDA:0,choose_seat_categories
FNDA:0,choose_ticket_types
FNDA:0,seat_categories
FNDA:0,ticket_types
FNDA:0,for_base_prices
FNDA:0,including_base_prices
FNDA:0,including_price_factors
FNDA:0,error_creating_price_set
FNDA:0,error_deleting_price_set
FNDA:0,error_updating_price_set
FNDA:0,seat_categories_management
FNDA:0,back_arrow
FNDA:0,cancel_with_arrow
FNDA:0,create_new_seat_category
FNDA:0,new_seat_category
FNDA:0,seat_category_name
FNDA:0,price
FNDA:0,seat_category_price
FNDA:0,description
FNDA:0,seat_category_description
FNDA:0,emoji
FNDA:0,cannot_remove_seat_category
FNDA:0,ticket_types_management
FNDA:0,manage_price_sets
FNDA:0,create_new_ticket_type
FNDA:0,new_ticket_type
FNDA:0,ticket_type_name
FNDA:0,factor
FNDA:0,ticket_type_factor
FNDA:0,ticket_type_description
FNDA:0,refund_options_for_cancelled_shows
FNDA:0,no_refundable_shows
FNDA:0,apology_and_instructions
FNDA:0,time
FNDA:0,o_clock
FNDA:0,booked_seats
FNDA:0,refund_amount
FNDA:0,collect_refund
FNDA:0,movie_management
FNDA:0,new_movie
FNDA:0,edit_movie
FNDA:0,movie_details
FNDA:0,genre
FNDA:0,add_show
FNDA:0,movie_not_found
FNDA:0,add_new_show
FNDA:0,free_slots
FNDA:0,hall
FNDA:0,load_free_slots
FNDA:0,search_movies
FNDA:0,search
FNDA:0,no_movies_found
FNDA:0,year
FNDA:0,select
FNDA:0,title
FNDA:0,director
FNDA:0,runtime
FNDA:0,genres
FNDA:0,loading
FNDA:0,error_fetching_movie_details
FNDA:0,error_processing_results
FNDA:0,system_logs
FNDA:0,id
FNDA:0,level
FNDA:0,message
FNDA:0,metadata
FNDA:0,timestamp
FNDA:0,not_available
FNDA:0,plan_screening_time
FNDA:0,cinema
FNDA:0,select_hall
FNDA:0,film_duration_minutes
FNDA:0,search_available_time_windows
FNDA:0,available_time_windows
FNDA:0,choose_start_time
FNDA:0,available_time_range
FNDA:0,required_time
FNDA:0,film
FNDA:0,cleaning
FNDA:0,advertisement
FNDA:0,start_time_hhmm
FNDA:0,screening_time
FNDA:0,start
FNDA:0,end
FNDA:0,total_duration
FNDA:0,chosen_time_not_fit
FNDA:0,save_screening
FNDA:0,name
FNDA:0,address
FNDA:0,search_address
FNDA:0,opening_time
FNDA:0,closing_time
FNDA:0,selected_address
FNDA:0,create
FNDA:0,cinema_management
FNDA:0,new_cinema
FNDA:0,opens_at
FNDA:0,closes_at
FNDA:0,actions
FNDA:0,dashboard
FNDA:0,pricing_sets
FNDA:0,cinemas
FNDA:0,halls
FNDA:0,cinema_admin
FNDA:0,subscription_success
FNDA:0,subscription_error
FNDA:0,connection_error
FNDA:0,search_placeholder
FNDA:0,no_time
FNDA:0,movie_poster
FNDA:0,trailer
FNDA:0,fsk_0
FNDA:0,fsk_6
FNDA:0,fsk_12
FNDA:0,fsk_16
FNDA:0,fsk_18
FNDA:0,default_user
FNDA:0,welcome
FNDA:0,user_id
FNDA:0,reservations
FNDA:0,visits
FNDA:0,search_results_for
FNDA:0,sort_by
FNDA:0,age_rating
FNDA:0,no_films_found
FNDA:0,release_date
FNDA:0,show_details
FNDA:0,price_per_ticket
FNDA:0,to_booking
FNDA:0,page_not_found
FNDA:0,error_occurred
FNDA:0,page_not_found_message
FNDA:0,general_error_message
FNDA:0,go_back
FNDA:0,to_homepage
FNDA:0,persistent_problem_message
FNDA:0,contact_us
FNDA:0,please
FNDA:0,trailer_title
FNDA:0,book_new_ticket
FNDA:0,return_to_home
FNDA:0,discount_code_created
FNDA:0,book_here
DA:1,1
DA:7,1
DA:8,1
DA:9,1
DA:10,1
DA:11,1
DA:12,1
DA:13,1
DA:14,1
DA:15,1
DA:16,1
DA:17,1
DA:18,1
DA:19,1
DA:20,1
DA:21,0
DA:22,0
DA:23,0
DA:24,0
DA:25,0
DA:29,1
DA:30,1
DA:31,1
DA:32,1
DA:33,1
DA:34,1
DA:35,1
DA:36,1
DA:37,1
DA:38,1
DA:39,1
DA:40,1
DA:41,1
DA:42,1
DA:43,0
DA:44,0
DA:45,0
DA:46,0
DA:47,0
DA:51,1
DA:52,1
DA:53,1
DA:54,1
DA:55,1
DA:56,1
DA:57,1
DA:58,1
DA:59,1
DA:60,1
DA:61,1
DA:62,1
DA:63,1
DA:64,1
DA:65,0
DA:66,0
DA:67,0
DA:68,0
DA:69,0
DA:73,1
DA:74,1
DA:75,1
DA:76,1
DA:77,1
DA:78,1
DA:79,1
DA:80,1
DA:81,1
DA:82,1
DA:83,1
DA:84,1
DA:85,1
DA:86,1
DA:87,0
DA:88,0
DA:89,0
DA:90,0
DA:91,0
DA:95,1
DA:96,1
DA:97,1
DA:98,1
DA:99,1
DA:100,1
DA:101,1
DA:102,1
DA:103,1
DA:104,1
DA:105,1
DA:106,1
DA:107,1
DA:108,1
DA:109,0
DA:110,0
DA:111,0
DA:112,0
DA:113,0
DA:117,1
DA:118,1
DA:119,1
DA:120,1
DA:121,1
DA:122,1
DA:123,1
DA:124,1
DA:125,1
DA:126,1
DA:127,1
DA:128,1
DA:129,1
DA:130,1
DA:131,0
DA:132,0
DA:133,0
DA:134,0
DA:135,0
DA:139,1
DA:140,1
DA:141,1
DA:142,1
DA:143,1
DA:144,1
DA:145,1
DA:146,1
DA:147,1
DA:148,1
DA:149,1
DA:150,1
DA:151,1
DA:152,1
DA:153,0
DA:154,0
DA:155,0
DA:156,0
DA:157,0
DA:161,1
DA:162,1
DA:163,1
DA:164,1
DA:165,1
DA:166,1
DA:167,1
DA:168,1
DA:169,1
DA:170,1
DA:171,1
DA:172,1
DA:173,1
DA:174,1
DA:175,0
DA:176,0
DA:177,0
DA:178,0
DA:179,0
DA:183,1
DA:184,1
DA:185,1
DA:186,1
DA:187,1
DA:188,1
DA:189,1
DA:190,1
DA:191,1
DA:192,1
DA:193,1
DA:194,1
DA:195,1
DA:196,1
DA:197,0
DA:198,0
DA:199,0
DA:200,0
DA:201,0
DA:205,1
DA:206,1
DA:207,1
DA:208,1
DA:209,1
DA:210,1
DA:211,1
DA:212,1
DA:213,1
DA:214,1
DA:215,1
DA:216,1
DA:217,1
DA:218,1
DA:219,0
DA:220,0
DA:221,0
DA:222,0
DA:223,0
DA:227,1
DA:228,1
DA:229,1
DA:230,1
DA:231,1
DA:232,1
DA:233,1
DA:234,1
DA:235,1
DA:236,1
DA:237,1
DA:238,1
DA:239,1
DA:240,1
DA:241,0
DA:242,0
DA:243,0
DA:244,0
DA:245,0
DA:249,1
DA:250,1
DA:251,1
DA:252,1
DA:253,1
DA:254,1
DA:255,1
DA:256,1
DA:257,1
DA:258,1
DA:259,1
DA:260,1
DA:261,1
DA:262,1
DA:263,0
DA:264,0
DA:265,0
DA:266,0
DA:267,0
DA:271,1
DA:272,1
DA:273,1
DA:274,1
DA:275,1
DA:276,1
DA:277,1
DA:278,1
DA:279,1
DA:280,1
DA:281,1
DA:282,1
DA:283,1
DA:284,1
DA:285,0
DA:286,0
DA:287,0
DA:288,0
DA:289,0
DA:293,1
DA:294,1
DA:295,1
DA:296,1
DA:297,1
DA:298,1
DA:299,1
DA:300,1
DA:301,1
DA:302,1
DA:303,1
DA:304,1
DA:305,1
DA:306,1
DA:307,0
DA:308,0
DA:309,0
DA:310,0
DA:311,0
DA:315,1
DA:316,1
DA:317,1
DA:318,1
DA:319,1
DA:320,1
DA:321,1
DA:322,1
DA:323,1
DA:324,1
DA:325,1
DA:326,1
DA:327,1
DA:328,1
DA:329,0
DA:330,0
DA:331,0
DA:332,0
DA:333,0
DA:337,1
DA:338,1
DA:339,1
DA:340,1
DA:341,1
DA:342,1
DA:343,1
DA:344,1
DA:345,1
DA:346,1
DA:347,1
DA:348,1
DA:349,1
DA:350,1
DA:351,0
DA:352,0
DA:353,0
DA:354,0
DA:355,0
DA:359,1
DA:360,1
DA:361,1
DA:362,1
DA:363,1
DA:364,1
DA:365,1
DA:366,1
DA:367,1
DA:368,1
DA:369,1
DA:370,1
DA:371,1
DA:372,1
DA:373,0
DA:374,0
DA:375,0
DA:376,0
DA:377,0
DA:381,1
DA:382,1
DA:383,1
DA:384,1
DA:385,1
DA:386,1
DA:387,1
DA:388,1
DA:389,1
DA:390,1
DA:391,1
DA:392,1
DA:393,1
DA:394,1
DA:395,0
DA:396,0
DA:397,0
DA:398,0
DA:399,0
DA:403,1
DA:404,1
DA:405,1
DA:406,1
DA:407,1
DA:408,1
DA:409,1
DA:410,1
DA:411,1
DA:412,1
DA:413,1
DA:414,1
DA:415,1
DA:416,1
DA:417,0
DA:418,0
DA:419,0
DA:420,0
DA:421,0
DA:425,1
DA:426,1
DA:427,1
DA:428,1
DA:429,1
DA:430,1
DA:431,1
DA:432,1
DA:433,1
DA:434,1
DA:435,1
DA:436,1
DA:437,1
DA:438,1
DA:439,0
DA:440,0
DA:441,0
DA:442,0
DA:443,0
DA:447,1
DA:448,1
DA:449,1
DA:450,1
DA:451,1
DA:452,1
DA:453,1
DA:454,1
DA:455,1
DA:456,1
DA:457,1
DA:458,1
DA:459,1
DA:460,1
DA:461,0
DA:462,0
DA:463,0
DA:464,0
DA:465,0
DA:469,1
DA:470,1
DA:471,1
DA:472,1
DA:473,1
DA:474,1
DA:475,1
DA:476,1
DA:477,1
DA:478,1
DA:479,1
DA:480,1
DA:481,1
DA:482,1
DA:483,0
DA:484,0
DA:485,0
DA:486,0
DA:487,0
DA:491,1
DA:492,1
DA:493,1
DA:494,1
DA:495,1
DA:496,1
DA:497,1
DA:498,1
DA:499,1
DA:500,1
DA:501,1
DA:502,1
DA:503,1
DA:504,1
DA:505,0
DA:506,0
DA:507,0
DA:508,0
DA:509,0
DA:513,1
DA:514,1
DA:515,1
DA:516,1
DA:517,1
DA:518,1
DA:519,1
DA:520,1
DA:521,1
DA:522,1
DA:523,1
DA:524,1
DA:525,1
DA:526,1
DA:527,0
DA:528,0
DA:529,0
DA:530,0
DA:531,0
DA:535,1
DA:536,1
DA:537,1
DA:538,1
DA:539,1
DA:540,1
DA:541,1
DA:542,1
DA:543,1
DA:544,1
DA:545,1
DA:546,1
DA:547,1
DA:548,1
DA:549,0
DA:550,0
DA:551,0
DA:552,0
DA:553,0
DA:557,1
DA:558,1
DA:559,1
DA:560,1
DA:561,1
DA:562,1
DA:563,1
DA:564,1
DA:565,1
DA:566,1
DA:567,1
DA:568,1
DA:569,1
DA:570,1
DA:571,0
DA:572,0
DA:573,0
DA:574,0
DA:575,0
DA:579,1
DA:580,1
DA:581,1
DA:582,1
DA:583,1
DA:584,1
DA:585,1
DA:586,1
DA:587,1
DA:588,1
DA:589,1
DA:590,1
DA:591,1
DA:592,1
DA:593,0
DA:594,0
DA:595,0
DA:596,0
DA:597,0
DA:601,1
DA:602,1
DA:603,1
DA:604,1
DA:605,1
DA:606,1
DA:607,1
DA:608,1
DA:609,1
DA:610,1
DA:611,1
DA:612,1
DA:613,1
DA:614,1
DA:615,0
DA:616,0
DA:617,0
DA:618,0
DA:619,0
DA:623,1
DA:624,1
DA:625,1
DA:626,1
DA:627,1
DA:628,1
DA:629,1
DA:630,1
DA:631,1
DA:632,1
DA:633,1
DA:634,1
DA:635,1
DA:636,1
DA:637,0
DA:638,0
DA:639,0
DA:640,0
DA:641,0
DA:645,1
DA:646,1
DA:647,1
DA:648,1
DA:649,1
DA:650,1
DA:651,1
DA:652,1
DA:653,1
DA:654,1
DA:655,1
DA:656,1
DA:657,1
DA:658,1
DA:659,0
DA:660,0
DA:661,0
DA:662,0
DA:663,0
DA:667,1
DA:668,1
DA:669,1
DA:670,1
DA:671,1
DA:672,1
DA:673,1
DA:674,1
DA:675,1
DA:676,1
DA:677,1
DA:678,1
DA:679,1
DA:680,1
DA:681,0
DA:682,0
DA:683,0
DA:684,0
DA:685,0
DA:689,1
DA:690,1
DA:691,1
DA:692,1
DA:693,1
DA:694,1
DA:695,1
DA:696,1
DA:697,1
DA:698,1
DA:699,1
DA:700,1
DA:701,1
DA:702,1
DA:703,0
DA:704,0
DA:705,0
DA:706,0
DA:707,0
DA:711,1
DA:712,1
DA:713,1
DA:714,1
DA:715,1
DA:716,1
DA:717,1
DA:718,1
DA:719,1
DA:720,1
DA:721,1
DA:722,1
DA:723,1
DA:724,1
DA:725,0
DA:726,0
DA:727,0
DA:728,0
DA:729,0
DA:733,1
DA:734,1
DA:735,1
DA:736,1
DA:737,1
DA:738,1
DA:739,1
DA:740,1
DA:741,1
DA:742,1
DA:743,1
DA:744,1
DA:745,1
DA:746,1
DA:747,0
DA:748,0
DA:749,0
DA:750,0
DA:751,0
DA:755,1
DA:756,1
DA:757,1
DA:758,1
DA:759,1
DA:760,1
DA:761,1
DA:762,1
DA:763,1
DA:764,1
DA:765,1
DA:766,1
DA:767,1
DA:768,1
DA:769,0
DA:770,0
DA:771,0
DA:772,0
DA:773,0
DA:777,1
DA:778,1
DA:779,1
DA:780,1
DA:781,1
DA:782,1
DA:783,1
DA:784,1
DA:785,1
DA:786,1
DA:787,1
DA:788,1
DA:789,1
DA:790,1
DA:791,0
DA:792,0
DA:793,0
DA:794,0
DA:795,0
DA:799,1
DA:800,1
DA:801,1
DA:802,1
DA:803,1
DA:804,1
DA:805,1
DA:806,1
DA:807,1
DA:808,1
DA:809,1
DA:810,1
DA:811,1
DA:812,1
DA:813,0
DA:814,0
DA:815,0
DA:816,0
DA:817,0
DA:821,1
DA:822,1
DA:823,1
DA:824,1
DA:825,1
DA:826,1
DA:827,1
DA:828,1
DA:829,1
DA:830,1
DA:831,1
DA:832,1
DA:833,1
DA:834,1
DA:835,0
DA:836,0
DA:837,0
DA:838,0
DA:839,0
DA:843,1
DA:844,1
DA:845,1
DA:846,1
DA:847,1
DA:848,1
DA:849,1
DA:850,1
DA:851,1
DA:852,1
DA:853,1
DA:854,1
DA:855,1
DA:856,1
DA:857,0
DA:858,0
DA:859,0
DA:860,0
DA:861,0
DA:865,1
DA:866,1
DA:867,1
DA:868,1
DA:869,1
DA:870,1
DA:871,1
DA:872,1
DA:873,1
DA:874,1
DA:875,1
DA:876,1
DA:877,1
DA:878,1
DA:879,0
DA:880,0
DA:881,0
DA:882,0
DA:883,0
DA:887,1
DA:888,1
DA:889,1
DA:890,1
DA:891,1
DA:892,1
DA:893,1
DA:894,1
DA:895,1
DA:896,1
DA:897,1
DA:898,1
DA:899,1
DA:900,1
DA:901,0
DA:902,0
DA:903,0
DA:904,0
DA:905,0
DA:909,1
DA:910,1
DA:911,1
DA:912,1
DA:913,1
DA:914,1
DA:915,1
DA:916,1
DA:917,1
DA:918,1
DA:919,1
DA:920,1
DA:921,1
DA:922,1
DA:923,0
DA:924,0
DA:925,0
DA:926,0
DA:927,0
DA:931,1
DA:932,1
DA:933,1
DA:934,1
DA:935,1
DA:936,1
DA:937,1
DA:938,1
DA:939,1
DA:940,1
DA:941,1
DA:942,1
DA:943,1
DA:944,1
DA:945,0
DA:946,0
DA:947,0
DA:948,0
DA:949,0
DA:953,1
DA:954,1
DA:955,1
DA:956,1
DA:957,1
DA:958,1
DA:959,1
DA:960,1
DA:961,1
DA:962,1
DA:963,1
DA:964,1
DA:965,1
DA:966,1
DA:967,0
DA:968,0
DA:969,0
DA:970,0
DA:971,0
DA:975,1
DA:976,1
DA:977,1
DA:978,1
DA:979,1
DA:980,1
DA:981,1
DA:982,1
DA:983,1
DA:984,1
DA:985,1
DA:986,1
DA:987,1
DA:988,1
DA:989,0
DA:990,0
DA:991,0
DA:992,0
DA:993,0
DA:997,1
DA:998,1
DA:999,1
DA:1000,1
DA:1001,1
DA:1002,1
DA:1003,1
DA:1004,1
DA:1005,1
DA:1006,1
DA:1007,1
DA:1008,1
DA:1009,1
DA:1010,1
DA:1011,0
DA:1012,0
DA:1013,0
DA:1014,0
DA:1015,0
DA:1019,1
DA:1020,1
DA:1021,1
DA:1022,1
DA:1023,1
DA:1024,1
DA:1025,1
DA:1026,1
DA:1027,1
DA:1028,1
DA:1029,1
DA:1030,1
DA:1031,1
DA:1032,1
DA:1033,0
DA:1034,0
DA:1035,0
DA:1036,0
DA:1037,0
DA:1041,1
DA:1042,1
DA:1043,1
DA:1044,1
DA:1045,1
DA:1046,1
DA:1047,1
DA:1048,1
DA:1049,1
DA:1050,1
DA:1051,1
DA:1052,1
DA:1053,1
DA:1054,1
DA:1055,0
DA:1056,0
DA:1057,0
DA:1058,0
DA:1059,0
DA:1063,1
DA:1064,1
DA:1065,1
DA:1066,1
DA:1067,1
DA:1068,1
DA:1069,1
DA:1070,1
DA:1071,1
DA:1072,1
DA:1073,1
DA:1074,1
DA:1075,1
DA:1076,1
DA:1077,7
DA:1078,7
DA:1079,7
DA:1080,7
DA:1081,7
DA:1085,1
DA:1086,1
DA:1087,1
DA:1088,1
DA:1089,1
DA:1090,1
DA:1091,1
DA:1092,1
DA:1093,1
DA:1094,1
DA:1095,1
DA:1096,1
DA:1097,1
DA:1098,1
DA:1099,0
DA:1100,0
DA:1101,0
DA:1102,0
DA:1103,0
DA:1107,1
DA:1108,1
DA:1109,1
DA:1110,1
DA:1111,1
DA:1112,1
DA:1113,1
DA:1114,1
DA:1115,1
DA:1116,1
DA:1117,1
DA:1118,1
DA:1119,1
DA:1120,1
DA:1121,0
DA:1122,0
DA:1123,0
DA:1124,0
DA:1125,0
DA:1129,1
DA:1130,1
DA:1131,1
DA:1132,1
DA:1133,1
DA:1134,1
DA:1135,1
DA:1136,1
DA:1137,1
DA:1138,1
DA:1139,1
DA:1140,1
DA:1141,1
DA:1142,1
DA:1143,0
DA:1144,0
DA:1145,0
DA:1146,0
DA:1147,0
DA:1151,1
DA:1152,1
DA:1153,1
DA:1154,1
DA:1155,1
DA:1156,1
DA:1157,1
DA:1158,1
DA:1159,1
DA:1160,1
DA:1161,1
DA:1162,1
DA:1163,1
DA:1164,1
DA:1165,0
DA:1166,0
DA:1167,0
DA:1168,0
DA:1169,0
DA:1173,1
DA:1174,1
DA:1175,1
DA:1176,1
DA:1177,1
DA:1178,1
DA:1179,1
DA:1180,1
DA:1181,1
DA:1182,1
DA:1183,1
DA:1184,1
DA:1185,1
DA:1186,1
DA:1187,0
DA:1188,0
DA:1189,0
DA:1190,0
DA:1191,0
DA:1195,1
DA:1196,1
DA:1197,1
DA:1198,1
DA:1199,1
DA:1200,1
DA:1201,1
DA:1202,1
DA:1203,1
DA:1204,1
DA:1205,1
DA:1206,1
DA:1207,1
DA:1208,1
DA:1209,0
DA:1210,0
DA:1211,0
DA:1212,0
DA:1213,0
DA:1217,1
DA:1218,1
DA:1219,1
DA:1220,1
DA:1221,1
DA:1222,1
DA:1223,1
DA:1224,1
DA:1225,1
DA:1226,1
DA:1227,1
DA:1228,1
DA:1229,1
DA:1230,1
DA:1231,0
DA:1232,0
DA:1233,0
DA:1234,0
DA:1235,0
DA:1239,1
DA:1240,1
DA:1241,1
DA:1242,1
DA:1243,1
DA:1244,1
DA:1245,1
DA:1246,1
DA:1247,1
DA:1248,1
DA:1249,1
DA:1250,1
DA:1251,1
DA:1252,1
DA:1253,0
DA:1254,0
DA:1255,0
DA:1256,0
DA:1257,0
DA:1261,1
DA:1262,1
DA:1263,1
DA:1264,1
DA:1265,1
DA:1266,1
DA:1267,1
DA:1268,1
DA:1269,1
DA:1270,1
DA:1271,1
DA:1272,1
DA:1273,1
DA:1274,1
DA:1275,0
DA:1276,0
DA:1277,0
DA:1278,0
DA:1279,0
DA:1283,1
DA:1284,1
DA:1285,1
DA:1286,1
DA:1287,1
DA:1288,1
DA:1289,1
DA:1290,1
DA:1291,1
DA:1292,1
DA:1293,1
DA:1294,1
DA:1295,1
DA:1296,1
DA:1297,0
DA:1298,0
DA:1299,0
DA:1300,0
DA:1301,0
DA:1305,1
DA:1306,1
DA:1307,1
DA:1308,1
DA:1309,1
DA:1310,1
DA:1311,1
DA:1312,1
DA:1313,1
DA:1314,1
DA:1315,1
DA:1316,1
DA:1317,1
DA:1318,1
DA:1319,0
DA:1320,0
DA:1321,0
DA:1322,0
DA:1323,0
DA:1327,1
DA:1328,1
DA:1329,1
DA:1330,1
DA:1331,1
DA:1332,1
DA:1333,1
DA:1334,1
DA:1335,1
DA:1336,1
DA:1337,1
DA:1338,1
DA:1339,1
DA:1340,1
DA:1341,0
DA:1342,0
DA:1343,0
DA:1344,0
DA:1345,0
DA:1349,1
DA:1350,1
DA:1351,1
DA:1352,1
DA:1353,1
DA:1354,1
DA:1355,1
DA:1356,1
DA:1357,1
DA:1358,1
DA:1359,1
DA:1360,1
DA:1361,1
DA:1362,1
DA:1363,1
DA:1364,1
DA:1365,1
DA:1366,1
DA:1367,1
DA:1371,1
DA:1372,1
DA:1373,1
DA:1374,1
DA:1375,1
DA:1376,1
DA:1377,1
DA:1378,1
DA:1379,1
DA:1380,1
DA:1381,1
DA:1382,1
DA:1383,1
DA:1384,1
DA:1385,0
DA:1386,0
DA:1387,0
DA:1388,0
DA:1389,0
DA:1393,1
DA:1394,1
DA:1395,1
DA:1396,1
DA:1397,1
DA:1398,1
DA:1399,1
DA:1400,1
DA:1401,1
DA:1402,1
DA:1403,1
DA:1404,1
DA:1405,1
DA:1406,1
DA:1407,0
DA:1408,0
DA:1409,0
DA:1410,0
DA:1411,0
DA:1415,1
DA:1416,1
DA:1417,1
DA:1418,1
DA:1419,1
DA:1420,1
DA:1421,1
DA:1422,1
DA:1423,1
DA:1424,1
DA:1425,1
DA:1426,1
DA:1427,1
DA:1428,1
DA:1429,0
DA:1430,0
DA:1431,0
DA:1432,0
DA:1433,0
DA:1437,1
DA:1438,1
DA:1439,1
DA:1440,1
DA:1441,1
DA:1442,1
DA:1443,1
DA:1444,1
DA:1445,1
DA:1446,1
DA:1447,1
DA:1448,1
DA:1449,1
DA:1450,1
DA:1451,0
DA:1452,0
DA:1453,0
DA:1454,0
DA:1455,0
DA:1459,1
DA:1460,1
DA:1461,1
DA:1462,1
DA:1463,1
DA:1464,1
DA:1465,1
DA:1466,1
DA:1467,1
DA:1468,1
DA:1469,1
DA:1470,1
DA:1471,1
DA:1472,1
DA:1473,0
DA:1474,0
DA:1475,0
DA:1476,0
DA:1477,0
DA:1481,1
DA:1482,1
DA:1483,1
DA:1484,1
DA:1485,1
DA:1486,1
DA:1487,1
DA:1488,1
DA:1489,1
DA:1490,1
DA:1491,1
DA:1492,1
DA:1493,1
DA:1494,1
DA:1495,0
DA:1496,0
DA:1497,0
DA:1498,0
DA:1499,0
DA:1503,1
DA:1504,1
DA:1505,1
DA:1506,1
DA:1507,1
DA:1508,1
DA:1509,1
DA:1510,1
DA:1511,1
DA:1512,1
DA:1513,1
DA:1514,1
DA:1515,1
DA:1516,1
DA:1517,0
DA:1518,0
DA:1519,0
DA:1520,0
DA:1521,0
DA:1525,1
DA:1526,1
DA:1527,1
DA:1528,1
DA:1529,1
DA:1530,1
DA:1531,1
DA:1532,1
DA:1533,1
DA:1534,1
DA:1535,1
DA:1536,1
DA:1537,1
DA:1538,1
DA:1539,0
DA:1540,0
DA:1541,0
DA:1542,0
DA:1543,0
DA:1547,1
DA:1548,1
DA:1549,1
DA:1550,1
DA:1551,1
DA:1552,1
DA:1553,1
DA:1554,1
DA:1555,1
DA:1556,1
DA:1557,1
DA:1558,1
DA:1559,1
DA:1560,1
DA:1561,0
DA:1562,0
DA:1563,0
DA:1564,0
DA:1565,0
DA:1569,1
DA:1570,1
DA:1571,1
DA:1572,1
DA:1573,1
DA:1574,1
DA:1575,1
DA:1576,1
DA:1577,1
DA:1578,1
DA:1579,1
DA:1580,1
DA:1581,1
DA:1582,1
DA:1583,0
DA:1584,0
DA:1585,0
DA:1586,0
DA:1587,0
DA:1591,1
DA:1592,1
DA:1593,1
DA:1594,1
DA:1595,1
DA:1596,1
DA:1597,1
DA:1598,1
DA:1599,1
DA:1600,1
DA:1601,1
DA:1602,1
DA:1603,1
DA:1604,1
DA:1605,0
DA:1606,0
DA:1607,0
DA:1608,0
DA:1609,0
DA:1613,1
DA:1614,1
DA:1615,1
DA:1616,1
DA:1617,1
DA:1618,1
DA:1619,1
DA:1620,1
DA:1621,1
DA:1622,1
DA:1623,1
DA:1624,1
DA:1625,1
DA:1626,1
DA:1627,0
DA:1628,0
DA:1629,0
DA:1630,0
DA:1631,0
DA:1635,1
DA:1636,1
DA:1637,1
DA:1638,1
DA:1639,1
DA:1640,1
DA:1641,1
DA:1642,1
DA:1643,1
DA:1644,1
DA:1645,1
DA:1646,1
DA:1647,1
DA:1648,1
DA:1649,0
DA:1650,0
DA:1651,0
DA:1652,0
DA:1653,0
DA:1657,1
DA:1658,1
DA:1659,1
DA:1660,1
DA:1661,1
DA:1662,1
DA:1663,1
DA:1664,1
DA:1665,1
DA:1666,1
DA:1667,1
DA:1668,1
DA:1669,1
DA:1670,1
DA:1671,0
DA:1672,0
DA:1673,0
DA:1674,0
DA:1675,0
DA:1679,1
DA:1680,1
DA:1681,1
DA:1682,1
DA:1683,1
DA:1684,1
DA:1685,1
DA:1686,1
DA:1687,1
DA:1688,1
DA:1689,1
DA:1690,1
DA:1691,1
DA:1692,1
DA:1693,0
DA:1694,0
DA:1695,0
DA:1696,0
DA:1697,0
DA:1701,1
DA:1702,1
DA:1703,1
DA:1704,1
DA:1705,1
DA:1706,1
DA:1707,1
DA:1708,1
DA:1709,1
DA:1710,1
DA:1711,1
DA:1712,1
DA:1713,1
DA:1714,1
DA:1715,0
DA:1716,0
DA:1717,0
DA:1718,0
DA:1719,0
DA:1723,1
DA:1724,1
DA:1725,1
DA:1726,1
DA:1727,1
DA:1728,1
DA:1729,1
DA:1730,1
DA:1731,1
DA:1732,1
DA:1733,1
DA:1734,1
DA:1735,1
DA:1736,1
DA:1737,0
DA:1738,0
DA:1739,0
DA:1740,0
DA:1741,0
DA:1745,1
DA:1746,1
DA:1747,1
DA:1748,1
DA:1749,1
DA:1750,1
DA:1751,1
DA:1752,1
DA:1753,1
DA:1754,1
DA:1755,1
DA:1756,1
DA:1757,1
DA:1758,1
DA:1759,0
DA:1760,0
DA:1761,0
DA:1762,0
DA:1763,0
DA:1767,1
DA:1768,1
DA:1769,1
DA:1770,1
DA:1771,1
DA:1772,1
DA:1773,1
DA:1774,1
DA:1775,1
DA:1776,1
DA:1777,1
DA:1778,1
DA:1779,1
DA:1780,1
DA:1781,0
DA:1782,0
DA:1783,0
DA:1784,0
DA:1785,0
DA:1789,1
DA:1790,1
DA:1791,1
DA:1792,1
DA:1793,1
DA:1794,1
DA:1795,1
DA:1796,1
DA:1797,1
DA:1798,1
DA:1799,1
DA:1800,1
DA:1801,1
DA:1802,1
DA:1803,0
DA:1804,0
DA:1805,0
DA:1806,0
DA:1807,0
DA:1811,1
DA:1812,1
DA:1813,1
DA:1814,1
DA:1815,1
DA:1816,1
DA:1817,1
DA:1818,1
DA:1819,1
DA:1820,1
DA:1821,1
DA:1822,1
DA:1823,1
DA:1824,1
DA:1825,0
DA:1826,0
DA:1827,0
DA:1828,0
DA:1829,0
DA:1833,1
DA:1834,1
DA:1835,1
DA:1836,1
DA:1837,1
DA:1838,1
DA:1839,1
DA:1840,1
DA:1841,1
DA:1842,1
DA:1843,1
DA:1844,1
DA:1845,1
DA:1846,1
DA:1847,0
DA:1848,0
DA:1849,0
DA:1850,0
DA:1851,0
DA:1855,1
DA:1856,1
DA:1857,1
DA:1858,1
DA:1859,1
DA:1860,1
DA:1861,1
DA:1862,1
DA:1863,1
DA:1864,1
DA:1865,1
DA:1866,1
DA:1867,1
DA:1868,1
DA:1869,0
DA:1870,0
DA:1871,0
DA:1872,0
DA:1873,0
DA:1877,1
DA:1878,1
DA:1879,1
DA:1880,1
DA:1881,1
DA:1882,1
DA:1883,1
DA:1884,1
DA:1885,1
DA:1886,1
DA:1887,1
DA:1888,1
DA:1889,1
DA:1890,1
DA:1891,0
DA:1892,0
DA:1893,0
DA:1894,0
DA:1895,0
DA:1899,1
DA:1900,1
DA:1901,1
DA:1902,1
DA:1903,1
DA:1904,1
DA:1905,1
DA:1906,1
DA:1907,1
DA:1908,1
DA:1909,1
DA:1910,1
DA:1911,1
DA:1912,1
DA:1913,0
DA:1914,0
DA:1915,0
DA:1916,0
DA:1917,0
DA:1921,1
DA:1922,1
DA:1923,1
DA:1924,1
DA:1925,1
DA:1926,1
DA:1927,1
DA:1928,1
DA:1929,1
DA:1930,1
DA:1931,1
DA:1932,1
DA:1933,1
DA:1934,1
DA:1935,0
DA:1936,0
DA:1937,0
DA:1938,0
DA:1939,0
DA:1943,1
DA:1944,1
DA:1945,1
DA:1946,1
DA:1947,1
DA:1948,1
DA:1949,1
DA:1950,1
DA:1951,1
DA:1952,1
DA:1953,1
DA:1954,1
DA:1955,1
DA:1956,1
DA:1957,0
DA:1958,0
DA:1959,0
DA:1960,0
DA:1961,0
DA:1965,1
DA:1966,1
DA:1967,1
DA:1968,1
DA:1969,1
DA:1970,1
DA:1971,1
DA:1972,1
DA:1973,1
DA:1974,1
DA:1975,1
DA:1976,1
DA:1977,1
DA:1978,1
DA:1979,0
DA:1980,0
DA:1981,0
DA:1982,0
DA:1983,0
DA:1987,1
DA:1988,1
DA:1989,1
DA:1990,1
DA:1991,1
DA:1992,1
DA:1993,1
DA:1994,1
DA:1995,1
DA:1996,1
DA:1997,1
DA:1998,1
DA:1999,1
DA:2000,1
DA:2001,0
DA:2002,0
DA:2003,0
DA:2004,0
DA:2005,0
DA:2009,1
DA:2010,1
DA:2011,1
DA:2012,1
DA:2013,1
DA:2014,1
DA:2015,1
DA:2016,1
DA:2017,1
DA:2018,1
DA:2019,1
DA:2020,1
DA:2021,1
DA:2022,1
DA:2023,0
DA:2024,0
DA:2025,0
DA:2026,0
DA:2027,0
DA:2031,1
DA:2032,1
DA:2033,1
DA:2034,1
DA:2035,1
DA:2036,1
DA:2037,1
DA:2038,1
DA:2039,1
DA:2040,1
DA:2041,1
DA:2042,1
DA:2043,1
DA:2044,1
DA:2045,0
DA:2046,0
DA:2047,0
DA:2048,0
DA:2049,0
DA:2053,1
DA:2054,1
DA:2055,1
DA:2056,1
DA:2057,1
DA:2058,1
DA:2059,1
DA:2060,1
DA:2061,1
DA:2062,1
DA:2063,1
DA:2064,1
DA:2065,1
DA:2066,1
DA:2067,0
DA:2068,0
DA:2069,0
DA:2070,0
DA:2071,0
DA:2075,1
DA:2076,1
DA:2077,1
DA:2078,1
DA:2079,1
DA:2080,1
DA:2081,1
DA:2082,1
DA:2083,1
DA:2084,1
DA:2085,1
DA:2086,1
DA:2087,1
DA:2088,1
DA:2089,0
DA:2090,0
DA:2091,0
DA:2092,0
DA:2093,0
DA:2097,1
DA:2098,1
DA:2099,1
DA:2100,1
DA:2101,1
DA:2102,1
DA:2103,1
DA:2104,1
DA:2105,1
DA:2106,1
DA:2107,1
DA:2108,1
DA:2109,1
DA:2110,1
DA:2111,0
DA:2112,0
DA:2113,0
DA:2114,0
DA:2115,0
DA:2119,1
DA:2120,1
DA:2121,1
DA:2122,1
DA:2123,1
DA:2124,1
DA:2125,1
DA:2126,1
DA:2127,1
DA:2128,1
DA:2129,1
DA:2130,1
DA:2131,1
DA:2132,1
DA:2133,0
DA:2134,0
DA:2135,0
DA:2136,0
DA:2137,0
DA:2141,1
DA:2142,1
DA:2143,1
DA:2144,1
DA:2145,1
DA:2146,1
DA:2147,1
DA:2148,1
DA:2149,1
DA:2150,1
DA:2151,1
DA:2152,1
DA:2153,1
DA:2154,1
DA:2155,0
DA:2156,0
DA:2157,0
DA:2158,0
DA:2159,0
DA:2163,1
DA:2164,1
DA:2165,1
DA:2166,1
DA:2167,1
DA:2168,1
DA:2169,1
DA:2170,1
DA:2171,1
DA:2172,1
DA:2173,1
DA:2174,1
DA:2175,1
DA:2176,1
DA:2177,0
DA:2178,0
DA:2179,0
DA:2180,0
DA:2181,0
DA:2185,1
DA:2186,1
DA:2187,1
DA:2188,1
DA:2189,1
DA:2190,1
DA:2191,1
DA:2192,1
DA:2193,1
DA:2194,1
DA:2195,1
DA:2196,1
DA:2197,1
DA:2198,1
DA:2199,0
DA:2200,0
DA:2201,0
DA:2202,0
DA:2203,0
DA:2207,1
DA:2208,1
DA:2209,1
DA:2210,1
DA:2211,1
DA:2212,1
DA:2213,1
DA:2214,1
DA:2215,1
DA:2216,1
DA:2217,1
DA:2218,1
DA:2219,1
DA:2220,1
DA:2221,0
DA:2222,0
DA:2223,0
DA:2224,0
DA:2225,0
DA:2229,1
DA:2230,1
DA:2231,1
DA:2232,1
DA:2233,1
DA:2234,1
DA:2235,1
DA:2236,1
DA:2237,1
DA:2238,1
DA:2239,1
DA:2240,1
DA:2241,1
DA:2242,1
DA:2243,0
DA:2244,0
DA:2245,0
DA:2246,0
DA:2247,0
DA:2251,1
DA:2252,1
DA:2253,1
DA:2254,1
DA:2255,1
DA:2256,1
DA:2257,1
DA:2258,1
DA:2259,1
DA:2260,1
DA:2261,1
DA:2262,1
DA:2263,1
DA:2264,1
DA:2265,0
DA:2266,0
DA:2267,0
DA:2268,0
DA:2269,0
DA:2273,1
DA:2274,1
DA:2275,1
DA:2276,1
DA:2277,1
DA:2278,1
DA:2279,1
DA:2280,1
DA:2281,1
DA:2282,1
DA:2283,1
DA:2284,1
DA:2285,1
DA:2286,1
DA:2287,0
DA:2288,0
DA:2289,0
DA:2290,0
DA:2291,0
DA:2295,1
DA:2296,1
DA:2297,1
DA:2298,1
DA:2299,1
DA:2300,1
DA:2301,1
DA:2302,1
DA:2303,1
DA:2304,1
DA:2305,1
DA:2306,1
DA:2307,1
DA:2308,1
DA:2309,0
DA:2310,0
DA:2311,0
DA:2312,0
DA:2313,0
DA:2317,1
DA:2318,1
DA:2319,1
DA:2320,1
DA:2321,1
DA:2322,1
DA:2323,1
DA:2324,1
DA:2325,1
DA:2326,1
DA:2327,1
DA:2328,1
DA:2329,1
DA:2330,1
DA:2331,0
DA:2332,0
DA:2333,0
DA:2334,0
DA:2335,0
DA:2339,1
DA:2340,1
DA:2341,1
DA:2342,1
DA:2343,1
DA:2344,1
DA:2345,1
DA:2346,1
DA:2347,1
DA:2348,1
DA:2349,1
DA:2350,1
DA:2351,1
DA:2352,1
DA:2353,0
DA:2354,0
DA:2355,0
DA:2356,0
DA:2357,0
DA:2361,1
DA:2362,1
DA:2363,1
DA:2364,1
DA:2365,1
DA:2366,1
DA:2367,1
DA:2368,1
DA:2369,1
DA:2370,1
DA:2371,1
DA:2372,1
DA:2373,1
DA:2374,1
DA:2375,0
DA:2376,0
DA:2377,0
DA:2378,0
DA:2379,0
DA:2383,1
DA:2384,1
DA:2385,1
DA:2386,1
DA:2387,1
DA:2388,1
DA:2389,1
DA:2390,1
DA:2391,1
DA:2392,1
DA:2393,1
DA:2394,1
DA:2395,1
DA:2396,1
DA:2397,0
DA:2398,0
DA:2399,0
DA:2400,0
DA:2401,0
DA:2405,1
DA:2406,1
DA:2407,1
DA:2408,1
DA:2409,1
DA:2410,1
DA:2411,1
DA:2412,1
DA:2413,1
DA:2414,1
DA:2415,1
DA:2416,1
DA:2417,1
DA:2418,1
DA:2419,0
DA:2420,0
DA:2421,0
DA:2422,0
DA:2423,0
DA:2427,1
DA:2428,1
DA:2429,1
DA:2430,1
DA:2431,1
DA:2432,1
DA:2433,1
DA:2434,1
DA:2435,1
DA:2436,1
DA:2437,1
DA:2438,1
DA:2439,1
DA:2440,1
DA:2441,0
DA:2442,0
DA:2443,0
DA:2444,0
DA:2445,0
DA:2449,1
DA:2450,1
DA:2451,1
DA:2452,1
DA:2453,1
DA:2454,1
DA:2455,1
DA:2456,1
DA:2457,1
DA:2458,1
DA:2459,1
DA:2460,1
DA:2461,1
DA:2462,1
DA:2463,0
DA:2464,0
DA:2465,0
DA:2466,0
DA:2467,0
DA:2471,1
DA:2472,1
DA:2473,1
DA:2474,1
DA:2475,1
DA:2476,1
DA:2477,1
DA:2478,1
DA:2479,1
DA:2480,1
DA:2481,1
DA:2482,1
DA:2483,1
DA:2484,1
DA:2485,0
DA:2486,0
DA:2487,0
DA:2488,0
DA:2489,0
DA:2493,1
DA:2494,1
DA:2495,1
DA:2496,1
DA:2497,1
DA:2498,1
DA:2499,1
DA:2500,1
DA:2501,1
DA:2502,1
DA:2503,1
DA:2504,1
DA:2505,1
DA:2506,1
DA:2507,0
DA:2508,0
DA:2509,0
DA:2510,0
DA:2511,0
DA:2515,1
DA:2516,1
DA:2517,1
DA:2518,1
DA:2519,1
DA:2520,1
DA:2521,1
DA:2522,1
DA:2523,1
DA:2524,1
DA:2525,1
DA:2526,1
DA:2527,1
DA:2528,1
DA:2529,0
DA:2530,0
DA:2531,0
DA:2532,0
DA:2533,0
DA:2537,1
DA:2538,1
DA:2539,1
DA:2540,1
DA:2541,1
DA:2542,1
DA:2543,1
DA:2544,1
DA:2545,1
DA:2546,1
DA:2547,1
DA:2548,1
DA:2549,1
DA:2550,1
DA:2551,0
DA:2552,0
DA:2553,0
DA:2554,0
DA:2555,0
DA:2559,1
DA:2560,1
DA:2561,1
DA:2562,1
DA:2563,1
DA:2564,1
DA:2565,1
DA:2566,1
DA:2567,1
DA:2568,1
DA:2569,1
DA:2570,1
DA:2571,1
DA:2572,1
DA:2573,0
DA:2574,0
DA:2575,0
DA:2576,0
DA:2577,0
DA:2581,1
DA:2582,1
DA:2583,1
DA:2584,1
DA:2585,1
DA:2586,1
DA:2587,1
DA:2588,1
DA:2589,1
DA:2590,1
DA:2591,1
DA:2592,1
DA:2593,1
DA:2594,1
DA:2595,0
DA:2596,0
DA:2597,0
DA:2598,0
DA:2599,0
DA:2603,1
DA:2604,1
DA:2605,1
DA:2606,1
DA:2607,1
DA:2608,1
DA:2609,1
DA:2610,1
DA:2611,1
DA:2612,1
DA:2613,1
DA:2614,1
DA:2615,1
DA:2616,1
DA:2617,0
DA:2618,0
DA:2619,0
DA:2620,0
DA:2621,0
DA:2625,1
DA:2626,1
DA:2627,1
DA:2628,1
DA:2629,1
DA:2630,1
DA:2631,1
DA:2632,1
DA:2633,1
DA:2634,1
DA:2635,1
DA:2636,1
DA:2637,1
DA:2638,1
DA:2639,0
DA:2640,0
DA:2641,0
DA:2642,0
DA:2643,0
DA:2647,1
DA:2648,1
DA:2649,1
DA:2650,1
DA:2651,1
DA:2652,1
DA:2653,1
DA:2654,1
DA:2655,1
DA:2656,1
DA:2657,1
DA:2658,1
DA:2659,1
DA:2660,1
DA:2661,0
DA:2662,0
DA:2663,0
DA:2664,0
DA:2665,0
DA:2669,1
DA:2670,1
DA:2671,1
DA:2672,1
DA:2673,1
DA:2674,1
DA:2675,1
DA:2676,1
DA:2677,1
DA:2678,1
DA:2679,1
DA:2680,1
DA:2681,1
DA:2682,1
DA:2683,0
DA:2684,0
DA:2685,0
DA:2686,0
DA:2687,0
DA:2691,1
DA:2692,1
DA:2693,1
DA:2694,1
DA:2695,1
DA:2696,1
DA:2697,1
DA:2698,1
DA:2699,1
DA:2700,1
DA:2701,1
DA:2702,1
DA:2703,1
DA:2704,1
DA:2705,0
DA:2706,0
DA:2707,0
DA:2708,0
DA:2709,0
DA:2713,1
DA:2714,1
DA:2715,1
DA:2716,1
DA:2717,1
DA:2718,1
DA:2719,1
DA:2720,1
DA:2721,1
DA:2722,1
DA:2723,1
DA:2724,1
DA:2725,1
DA:2726,1
DA:2727,0
DA:2728,0
DA:2729,0
DA:2730,0
DA:2731,0
DA:2735,1
DA:2736,1
DA:2737,1
DA:2738,1
DA:2739,1
DA:2740,1
DA:2741,1
DA:2742,1
DA:2743,1
DA:2744,1
DA:2745,1
DA:2746,1
DA:2747,1
DA:2748,1
DA:2749,0
DA:2750,0
DA:2751,0
DA:2752,0
DA:2753,0
DA:2757,1
DA:2758,1
DA:2759,1
DA:2760,1
DA:2761,1
DA:2762,1
DA:2763,1
DA:2764,1
DA:2765,1
DA:2766,1
DA:2767,1
DA:2768,1
DA:2769,1
DA:2770,1
DA:2771,0
DA:2772,0
DA:2773,0
DA:2774,0
DA:2775,0
DA:2779,1
DA:2780,1
DA:2781,1
DA:2782,1
DA:2783,1
DA:2784,1
DA:2785,1
DA:2786,1
DA:2787,1
DA:2788,1
DA:2789,1
DA:2790,1
DA:2791,1
DA:2792,1
DA:2793,0
DA:2794,0
DA:2795,0
DA:2796,0
DA:2797,0
DA:2801,1
DA:2802,1
DA:2803,1
DA:2804,1
DA:2805,1
DA:2806,1
DA:2807,1
DA:2808,1
DA:2809,1
DA:2810,1
DA:2811,1
DA:2812,1
DA:2813,1
DA:2814,1
DA:2815,0
DA:2816,0
DA:2817,0
DA:2818,0
DA:2819,0
DA:2823,1
DA:2824,1
DA:2825,1
DA:2826,1
DA:2827,1
DA:2828,1
DA:2829,1
DA:2830,1
DA:2831,1
DA:2832,1
DA:2833,1
DA:2834,1
DA:2835,1
DA:2836,1
DA:2837,0
DA:2838,0
DA:2839,0
DA:2840,0
DA:2841,0
DA:2845,1
DA:2846,1
DA:2847,1
DA:2848,1
DA:2849,1
DA:2850,1
DA:2851,1
DA:2852,1
DA:2853,1
DA:2854,1
DA:2855,1
DA:2856,1
DA:2857,1
DA:2858,1
DA:2859,0
DA:2860,0
DA:2861,0
DA:2862,0
DA:2863,0
DA:2867,1
DA:2868,1
DA:2869,1
DA:2870,1
DA:2871,1
DA:2872,1
DA:2873,1
DA:2874,1
DA:2875,1
DA:2876,1
DA:2877,1
DA:2878,1
DA:2879,1
DA:2880,1
DA:2881,0
DA:2882,0
DA:2883,0
DA:2884,0
DA:2885,0
DA:2889,1
DA:2890,1
DA:2891,1
DA:2892,1
DA:2893,1
DA:2894,1
DA:2895,1
DA:2896,1
DA:2897,1
DA:2898,1
DA:2899,1
DA:2900,1
DA:2901,1
DA:2902,1
DA:2903,0
DA:2904,0
DA:2905,0
DA:2906,0
DA:2907,0
DA:2911,1
DA:2912,1
DA:2913,1
DA:2914,1
DA:2915,1
DA:2916,1
DA:2917,1
DA:2918,1
DA:2919,1
DA:2920,1
DA:2921,1
DA:2922,1
DA:2923,1
DA:2924,1
DA:2925,0
DA:2926,0
DA:2927,0
DA:2928,0
DA:2929,0
DA:2933,1
DA:2934,1
DA:2935,1
DA:2936,1
DA:2937,1
DA:2938,1
DA:2939,1
DA:2940,1
DA:2941,1
DA:2942,1
DA:2943,1
DA:2944,1
DA:2945,1
DA:2946,1
DA:2947,0
DA:2948,0
DA:2949,0
DA:2950,0
DA:2951,0
DA:2955,1
DA:2956,1
DA:2957,1
DA:2958,1
DA:2959,1
DA:2960,1
DA:2961,1
DA:2962,1
DA:2963,1
DA:2964,1
DA:2965,1
DA:2966,1
DA:2967,1
DA:2968,1
DA:2969,0
DA:2970,0
DA:2971,0
DA:2972,0
DA:2973,0
DA:2977,1
DA:2978,1
DA:2979,1
DA:2980,1
DA:2981,1
DA:2982,1
DA:2983,1
DA:2984,1
DA:2985,1
DA:2986,1
DA:2987,1
DA:2988,1
DA:2989,1
DA:2990,1
DA:2991,0
DA:2992,0
DA:2993,0
DA:2994,0
DA:2995,0
DA:2999,1
DA:3000,1
DA:3001,1
DA:3002,1
DA:3003,1
DA:3004,1
DA:3005,1
DA:3006,1
DA:3007,1
DA:3008,1
DA:3009,1
DA:3010,1
DA:3011,1
DA:3012,1
DA:3013,0
DA:3014,0
DA:3015,0
DA:3016,0
DA:3017,0
DA:3021,1
DA:3022,1
DA:3023,1
DA:3024,1
DA:3025,1
DA:3026,1
DA:3027,1
DA:3028,1
DA:3029,1
DA:3030,1
DA:3031,1
DA:3032,1
DA:3033,1
DA:3034,1
DA:3035,0
DA:3036,0
DA:3037,0
DA:3038,0
DA:3039,0
DA:3043,1
DA:3044,1
DA:3045,1
DA:3046,1
DA:3047,1
DA:3048,1
DA:3049,1
DA:3050,1
DA:3051,1
DA:3052,1
DA:3053,1
DA:3054,1
DA:3055,1
DA:3056,1
DA:3057,0
DA:3058,0
DA:3059,0
DA:3060,0
DA:3061,0
DA:3065,1
DA:3066,1
DA:3067,1
DA:3068,1
DA:3069,1
DA:3070,1
DA:3071,1
DA:3072,1
DA:3073,1
DA:3074,1
DA:3075,1
DA:3076,1
DA:3077,1
DA:3078,1
DA:3079,0
DA:3080,0
DA:3081,0
DA:3082,0
DA:3083,0
DA:3087,1
DA:3088,1
DA:3089,1
DA:3090,1
DA:3091,1
DA:3092,1
DA:3093,1
DA:3094,1
DA:3095,1
DA:3096,1
DA:3097,1
DA:3098,1
DA:3099,1
DA:3100,1
DA:3101,0
DA:3102,0
DA:3103,0
DA:3104,0
DA:3105,0
DA:3109,1
DA:3110,1
DA:3111,1
DA:3112,1
DA:3113,1
DA:3114,1
DA:3115,1
DA:3116,1
DA:3117,1
DA:3118,1
DA:3119,1
DA:3120,1
DA:3121,1
DA:3122,1
DA:3123,0
DA:3124,0
DA:3125,0
DA:3126,0
DA:3127,0
DA:3131,1
DA:3132,1
DA:3133,1
DA:3134,1
DA:3135,1
DA:3136,1
DA:3137,1
DA:3138,1
DA:3139,1
DA:3140,1
DA:3141,1
DA:3142,1
DA:3143,1
DA:3144,1
DA:3145,0
DA:3146,0
DA:3147,0
DA:3148,0
DA:3149,0
DA:3153,1
DA:3154,1
DA:3155,1
DA:3156,1
DA:3157,1
DA:3158,1
DA:3159,1
DA:3160,1
DA:3161,1
DA:3162,1
DA:3163,1
DA:3164,1
DA:3165,1
DA:3166,1
DA:3167,0
DA:3168,0
DA:3169,0
DA:3170,0
DA:3171,0
DA:3175,1
DA:3176,1
DA:3177,1
DA:3178,1
DA:3179,1
DA:3180,1
DA:3181,1
DA:3182,1
DA:3183,1
DA:3184,1
DA:3185,1
DA:3186,1
DA:3187,1
DA:3188,1
DA:3189,0
DA:3190,0
DA:3191,0
DA:3192,0
DA:3193,0
DA:3197,1
DA:3198,1
DA:3199,1
DA:3200,1
DA:3201,1
DA:3202,1
DA:3203,1
DA:3204,1
DA:3205,1
DA:3206,1
DA:3207,1
DA:3208,1
DA:3209,1
DA:3210,1
DA:3211,0
DA:3212,0
DA:3213,0
DA:3214,0
DA:3215,0
DA:3219,1
DA:3220,1
DA:3221,1
DA:3222,1
DA:3223,1
DA:3224,1
DA:3225,1
DA:3226,1
DA:3227,1
DA:3228,1
DA:3229,1
DA:3230,1
DA:3231,1
DA:3232,1
DA:3233,0
DA:3234,0
DA:3235,0
DA:3236,0
DA:3237,0
DA:3241,1
DA:3242,1
DA:3243,1
DA:3244,1
DA:3245,1
DA:3246,1
DA:3247,1
DA:3248,1
DA:3249,1
DA:3250,1
DA:3251,1
DA:3252,1
DA:3253,1
DA:3254,1
DA:3255,0
DA:3256,0
DA:3257,0
DA:3258,0
DA:3259,0
DA:3263,1
DA:3264,1
DA:3265,1
DA:3266,1
DA:3267,1
DA:3268,1
DA:3269,1
DA:3270,1
DA:3271,1
DA:3272,1
DA:3273,1
DA:3274,1
DA:3275,1
DA:3276,1
DA:3277,0
DA:3278,0
DA:3279,0
DA:3280,0
DA:3281,0
DA:3285,1
DA:3286,1
DA:3287,1
DA:3288,1
DA:3289,1
DA:3290,1
DA:3291,1
DA:3292,1
DA:3293,1
DA:3294,1
DA:3295,1
DA:3296,1
DA:3297,1
DA:3298,1
DA:3299,0
DA:3300,0
DA:3301,0
DA:3302,0
DA:3303,0
DA:3307,1
DA:3308,1
DA:3309,1
DA:3310,1
DA:3311,1
DA:3312,1
DA:3313,1
DA:3314,1
DA:3315,1
DA:3316,1
DA:3317,1
DA:3318,1
DA:3319,1
DA:3320,1
DA:3321,0
DA:3322,0
DA:3323,0
DA:3324,0
DA:3325,0
DA:3329,1
DA:3330,1
DA:3331,1
DA:3332,1
DA:3333,1
DA:3334,1
DA:3335,1
DA:3336,1
DA:3337,1
DA:3338,1
DA:3339,1
DA:3340,1
DA:3341,1
DA:3342,1
DA:3343,0
DA:3344,0
DA:3345,0
DA:3346,0
DA:3347,0
DA:3351,1
DA:3352,1
DA:3353,1
DA:3354,1
DA:3355,1
DA:3356,1
DA:3357,1
DA:3358,1
DA:3359,1
DA:3360,1
DA:3361,1
DA:3362,1
DA:3363,1
DA:3364,1
DA:3365,0
DA:3366,0
DA:3367,0
DA:3368,0
DA:3369,0
DA:3373,1
DA:3374,1
DA:3375,1
DA:3376,1
DA:3377,1
DA:3378,1
DA:3379,1
DA:3380,1
DA:3381,1
DA:3382,1
DA:3383,1
DA:3384,1
DA:3385,1
DA:3386,1
DA:3387,0
DA:3388,0
DA:3389,0
DA:3390,0
DA:3391,0
DA:3395,1
DA:3396,1
DA:3397,1
DA:3398,1
DA:3399,1
DA:3400,1
DA:3401,1
DA:3402,1
DA:3403,1
DA:3404,1
DA:3405,1
DA:3406,1
DA:3407,1
DA:3408,1
DA:3409,0
DA:3410,0
DA:3411,0
DA:3412,0
DA:3413,0
DA:3417,1
DA:3418,1
DA:3419,1
DA:3420,1
DA:3421,1
DA:3422,1
DA:3423,1
DA:3424,1
DA:3425,1
DA:3426,1
DA:3427,1
DA:3428,1
DA:3429,1
DA:3430,1
DA:3431,0
DA:3432,0
DA:3433,0
DA:3434,0
DA:3435,0
DA:3439,1
DA:3440,1
DA:3441,1
DA:3442,1
DA:3443,1
DA:3444,1
DA:3445,1
DA:3446,1
DA:3447,1
DA:3448,1
DA:3449,1
DA:3450,1
DA:3451,1
DA:3452,1
DA:3453,0
DA:3454,0
DA:3455,0
DA:3456,0
DA:3457,0
DA:3461,1
DA:3462,1
DA:3463,1
DA:3464,1
DA:3465,1
DA:3466,1
DA:3467,1
DA:3468,1
DA:3469,1
DA:3470,1
DA:3471,1
DA:3472,1
DA:3473,1
DA:3474,1
DA:3475,0
DA:3476,0
DA:3477,0
DA:3478,0
DA:3479,0
DA:3483,1
DA:3484,1
DA:3485,1
DA:3486,1
DA:3487,1
DA:3488,1
DA:3489,1
DA:3490,1
DA:3491,1
DA:3492,1
DA:3493,1
DA:3494,1
DA:3495,1
DA:3496,1
DA:3497,0
DA:3498,0
DA:3499,0
DA:3500,0
DA:3501,0
DA:3505,1
DA:3506,1
DA:3507,1
DA:3508,1
DA:3509,1
DA:3510,1
DA:3511,1
DA:3512,1
DA:3513,1
DA:3514,1
DA:3515,1
DA:3516,1
DA:3517,1
DA:3518,1
DA:3519,0
DA:3520,0
DA:3521,0
DA:3522,0
DA:3523,0
DA:3527,1
DA:3528,1
DA:3529,1
DA:3530,1
DA:3531,1
DA:3532,1
DA:3533,1
DA:3534,1
DA:3535,1
DA:3536,1
DA:3537,1
DA:3538,1
DA:3539,1
DA:3540,1
DA:3541,0
DA:3542,0
DA:3543,0
DA:3544,0
DA:3545,0
DA:3549,1
DA:3550,1
DA:3551,1
DA:3552,1
DA:3553,1
DA:3554,1
DA:3555,1
DA:3556,1
DA:3557,1
DA:3558,1
DA:3559,1
DA:3560,1
DA:3561,1
DA:3562,1
DA:3563,0
DA:3564,0
DA:3565,0
DA:3566,0
DA:3567,0
DA:3571,1
DA:3572,1
DA:3573,1
DA:3574,1
DA:3575,1
DA:3576,1
DA:3577,1
DA:3578,1
DA:3579,1
DA:3580,1
DA:3581,1
DA:3582,1
DA:3583,1
DA:3584,1
DA:3585,0
DA:3586,0
DA:3587,0
DA:3588,0
DA:3589,0
DA:3593,1
DA:3594,1
DA:3595,1
DA:3596,1
DA:3597,1
DA:3598,1
DA:3599,1
DA:3600,1
DA:3601,1
DA:3602,1
DA:3603,1
DA:3604,1
DA:3605,1
DA:3606,1
DA:3607,0
DA:3608,0
DA:3609,0
DA:3610,0
DA:3611,0
DA:3615,1
DA:3616,1
DA:3617,1
DA:3618,1
DA:3619,1
DA:3620,1
DA:3621,1
DA:3622,1
DA:3623,1
DA:3624,1
DA:3625,1
DA:3626,1
DA:3627,1
DA:3628,1
DA:3629,0
DA:3630,0
DA:3631,0
DA:3632,0
DA:3633,0
DA:3637,1
DA:3638,1
DA:3639,1
DA:3640,1
DA:3641,1
DA:3642,1
DA:3643,1
DA:3644,1
DA:3645,1
DA:3646,1
DA:3647,1
DA:3648,1
DA:3649,1
DA:3650,1
DA:3651,0
DA:3652,0
DA:3653,0
DA:3654,0
DA:3655,0
DA:3659,1
DA:3660,1
DA:3661,1
DA:3662,1
DA:3663,1
DA:3664,1
DA:3665,1
DA:3666,1
DA:3667,1
DA:3668,1
DA:3669,1
DA:3670,1
DA:3671,1
DA:3672,1
DA:3673,0
DA:3674,0
DA:3675,0
DA:3676,0
DA:3677,0
DA:3681,1
DA:3682,1
DA:3683,1
DA:3684,1
DA:3685,1
DA:3686,1
DA:3687,1
DA:3688,1
DA:3689,1
DA:3690,1
DA:3691,1
DA:3692,1
DA:3693,1
DA:3694,1
DA:3695,0
DA:3696,0
DA:3697,0
DA:3698,0
DA:3699,0
DA:3703,1
DA:3704,1
DA:3705,1
DA:3706,1
DA:3707,1
DA:3708,1
DA:3709,1
DA:3710,1
DA:3711,1
DA:3712,1
DA:3713,1
DA:3714,1
DA:3715,1
DA:3716,1
DA:3717,0
DA:3718,0
DA:3719,0
DA:3720,0
DA:3721,0
DA:3725,1
DA:3726,1
DA:3727,1
DA:3728,1
DA:3729,1
DA:3730,1
DA:3731,1
DA:3732,1
DA:3733,1
DA:3734,1
DA:3735,1
DA:3736,1
DA:3737,1
DA:3738,1
DA:3739,0
DA:3740,0
DA:3741,0
DA:3742,0
DA:3743,0
DA:3747,1
DA:3748,1
DA:3749,1
DA:3750,1
DA:3751,1
DA:3752,1
DA:3753,1
DA:3754,1
DA:3755,1
DA:3756,1
DA:3757,1
DA:3758,1
DA:3759,1
DA:3760,1
DA:3761,0
DA:3762,0
DA:3763,0
DA:3764,0
DA:3765,0
DA:3769,1
DA:3770,1
DA:3771,1
DA:3772,1
DA:3773,1
DA:3774,1
DA:3775,1
DA:3776,1
DA:3777,1
DA:3778,1
DA:3779,1
DA:3780,1
DA:3781,1
DA:3782,1
DA:3783,0
DA:3784,0
DA:3785,0
DA:3786,0
DA:3787,0
DA:3791,1
DA:3792,1
DA:3793,1
DA:3794,1
DA:3795,1
DA:3796,1
DA:3797,1
DA:3798,1
DA:3799,1
DA:3800,1
DA:3801,1
DA:3802,1
DA:3803,1
DA:3804,1
DA:3805,0
DA:3806,0
DA:3807,0
DA:3808,0
DA:3809,0
DA:3813,1
DA:3814,1
DA:3815,1
DA:3816,1
DA:3817,1
DA:3818,1
DA:3819,1
DA:3820,1
DA:3821,1
DA:3822,1
DA:3823,1
DA:3824,1
DA:3825,1
DA:3826,1
DA:3827,0
DA:3828,0
DA:3829,0
DA:3830,0
DA:3831,0
DA:3835,1
DA:3836,1
DA:3837,1
DA:3838,1
DA:3839,1
DA:3840,1
DA:3841,1
DA:3842,1
DA:3843,1
DA:3844,1
DA:3845,1
DA:3846,1
DA:3847,1
DA:3848,1
DA:3849,0
DA:3850,0
DA:3851,0
DA:3852,0
DA:3853,0
DA:3857,1
DA:3858,1
DA:3859,1
DA:3860,1
DA:3861,1
DA:3862,1
DA:3863,1
DA:3864,1
DA:3865,1
DA:3866,1
DA:3867,1
DA:3868,1
DA:3869,1
DA:3870,1
DA:3871,0
DA:3872,0
DA:3873,0
DA:3874,0
DA:3875,0
DA:3879,1
DA:3880,1
DA:3881,1
DA:3882,1
DA:3883,1
DA:3884,1
DA:3885,1
DA:3886,1
DA:3887,1
DA:3888,1
DA:3889,1
DA:3890,1
DA:3891,1
DA:3892,1
DA:3893,0
DA:3894,0
DA:3895,0
DA:3896,0
DA:3897,0
DA:3901,1
DA:3902,1
DA:3903,1
DA:3904,1
DA:3905,1
DA:3906,1
DA:3907,1
DA:3908,1
DA:3909,1
DA:3910,1
DA:3911,1
DA:3912,1
DA:3913,1
DA:3914,1
DA:3915,0
DA:3916,0
DA:3917,0
DA:3918,0
DA:3919,0
DA:3923,1
DA:3924,1
DA:3925,1
DA:3926,1
DA:3927,1
DA:3928,1
DA:3929,1
DA:3930,1
DA:3931,1
DA:3932,1
DA:3933,1
DA:3934,1
DA:3935,1
DA:3936,1
DA:3937,0
DA:3938,0
DA:3939,0
DA:3940,0
DA:3941,0
DA:3945,1
DA:3946,1
DA:3947,1
DA:3948,1
DA:3949,1
DA:3950,1
DA:3951,1
DA:3952,1
DA:3953,1
DA:3954,1
DA:3955,1
DA:3956,1
DA:3957,1
DA:3958,1
DA:3959,0
DA:3960,0
DA:3961,0
DA:3962,0
DA:3963,0
DA:3967,1
DA:3968,1
DA:3969,1
DA:3970,1
DA:3971,1
DA:3972,1
DA:3973,1
DA:3974,1
DA:3975,1
DA:3976,1
DA:3977,1
DA:3978,1
DA:3979,1
DA:3980,1
DA:3981,0
DA:3982,0
DA:3983,0
DA:3984,0
DA:3985,0
DA:3989,1
DA:3990,1
DA:3991,1
DA:3992,1
DA:3993,1
DA:3994,1
DA:3995,1
DA:3996,1
DA:3997,1
DA:3998,1
DA:3999,1
DA:4000,1
DA:4001,1
DA:4002,1
DA:4003,0
DA:4004,0
DA:4005,0
DA:4006,0
DA:4007,0
DA:4011,1
DA:4012,1
DA:4013,1
DA:4014,1
DA:4015,1
DA:4016,1
DA:4017,1
DA:4018,1
DA:4019,1
DA:4020,1
DA:4021,1
DA:4022,1
DA:4023,1
DA:4024,1
DA:4025,0
DA:4026,0
DA:4027,0
DA:4028,0
DA:4029,0
DA:4033,1
DA:4034,1
DA:4035,1
DA:4036,1
DA:4037,1
DA:4038,1
DA:4039,1
DA:4040,1
DA:4041,1
DA:4042,1
DA:4043,1
DA:4044,1
DA:4045,1
DA:4046,1
DA:4047,0
DA:4048,0
DA:4049,0
DA:4050,0
DA:4051,0
DA:4055,1
DA:4056,1
DA:4057,1
DA:4058,1
DA:4059,1
DA:4060,1
DA:4061,1
DA:4062,1
DA:4063,1
DA:4064,1
DA:4065,1
DA:4066,1
DA:4067,1
DA:4068,1
DA:4069,0
DA:4070,0
DA:4071,0
DA:4072,0
DA:4073,0
DA:4077,1
DA:4078,1
DA:4079,1
DA:4080,1
DA:4081,1
DA:4082,1
DA:4083,1
DA:4084,1
DA:4085,1
DA:4086,1
DA:4087,1
DA:4088,1
DA:4089,1
DA:4090,1
DA:4091,0
DA:4092,0
DA:4093,0
DA:4094,0
DA:4095,0
DA:4099,1
DA:4100,1
DA:4101,1
DA:4102,1
DA:4103,1
DA:4104,1
DA:4105,1
DA:4106,1
DA:4107,1
DA:4108,1
DA:4109,1
DA:4110,1
DA:4111,1
DA:4112,1
DA:4113,0
DA:4114,0
DA:4115,0
DA:4116,0
DA:4117,0
DA:4121,1
DA:4122,1
DA:4123,1
DA:4124,1
DA:4125,1
DA:4126,1
DA:4127,1
DA:4128,1
DA:4129,1
DA:4130,1
DA:4131,1
DA:4132,1
DA:4133,1
DA:4134,1
DA:4135,0
DA:4136,0
DA:4137,0
DA:4138,0
DA:4139,0
DA:4143,1
DA:4144,1
DA:4145,1
DA:4146,1
DA:4147,1
DA:4148,1
DA:4149,1
DA:4150,1
DA:4151,1
DA:4152,1
DA:4153,1
DA:4154,1
DA:4155,1
DA:4156,1
DA:4157,0
DA:4158,0
DA:4159,0
DA:4160,0
DA:4161,0
DA:4165,1
DA:4166,1
DA:4167,1
DA:4168,1
DA:4169,1
DA:4170,1
DA:4171,1
DA:4172,1
DA:4173,1
DA:4174,1
DA:4175,1
DA:4176,1
DA:4177,1
DA:4178,1
DA:4179,0
DA:4180,0
DA:4181,0
DA:4182,0
DA:4183,0
DA:4187,1
DA:4188,1
DA:4189,1
DA:4190,1
DA:4191,1
DA:4192,1
DA:4193,1
DA:4194,1
DA:4195,1
DA:4196,1
DA:4197,1
DA:4198,1
DA:4199,1
DA:4200,1
DA:4201,0
DA:4202,0
DA:4203,0
DA:4204,0
DA:4205,0
DA:4209,1
DA:4210,1
DA:4211,1
DA:4212,1
DA:4213,1
DA:4214,1
DA:4215,1
DA:4216,1
DA:4217,1
DA:4218,1
DA:4219,1
DA:4220,1
DA:4221,1
DA:4222,1
DA:4223,0
DA:4224,0
DA:4225,0
DA:4226,0
DA:4227,0
DA:4231,1
DA:4232,1
DA:4233,1
DA:4234,1
DA:4235,1
DA:4236,1
DA:4237,1
DA:4238,1
DA:4239,1
DA:4240,1
DA:4241,1
DA:4242,1
DA:4243,1
DA:4244,1
DA:4245,0
DA:4246,0
DA:4247,0
DA:4248,0
DA:4249,0
DA:4253,1
DA:4254,1
DA:4255,1
DA:4256,1
DA:4257,1
DA:4258,1
DA:4259,1
DA:4260,1
DA:4261,1
DA:4262,1
DA:4263,1
DA:4264,1
DA:4265,1
DA:4266,1
DA:4267,0
DA:4268,0
DA:4269,0
DA:4270,0
DA:4271,0
DA:4275,1
DA:4276,1
DA:4277,1
DA:4278,1
DA:4279,1
DA:4280,1
DA:4281,1
DA:4282,1
DA:4283,1
DA:4284,1
DA:4285,1
DA:4286,1
DA:4287,1
DA:4288,1
DA:4289,0
DA:4290,0
DA:4291,0
DA:4292,0
DA:4293,0
DA:4297,1
DA:4298,1
DA:4299,1
DA:4300,1
DA:4301,1
DA:4302,1
DA:4303,1
DA:4304,1
DA:4305,1
DA:4306,1
DA:4307,1
DA:4308,1
DA:4309,1
DA:4310,1
DA:4311,0
DA:4312,0
DA:4313,0
DA:4314,0
DA:4315,0
DA:4319,1
DA:4320,1
DA:4321,1
DA:4322,1
DA:4323,1
DA:4324,1
DA:4325,1
DA:4326,1
DA:4327,1
DA:4328,1
DA:4329,1
DA:4330,1
DA:4331,1
DA:4332,1
DA:4333,0
DA:4334,0
DA:4335,0
DA:4336,0
DA:4337,0
DA:4341,1
DA:4342,1
DA:4343,1
DA:4344,1
DA:4345,1
DA:4346,1
DA:4347,1
DA:4348,1
DA:4349,1
DA:4350,1
DA:4351,1
DA:4352,1
DA:4353,1
DA:4354,1
DA:4355,0
DA:4356,0
DA:4357,0
DA:4358,0
DA:4359,0
DA:4363,1
DA:4364,1
DA:4365,1
DA:4366,1
DA:4367,1
DA:4368,1
DA:4369,1
DA:4370,1
DA:4371,1
DA:4372,1
DA:4373,1
DA:4374,1
DA:4375,1
DA:4376,1
DA:4377,0
DA:4378,0
DA:4379,0
DA:4380,0
DA:4381,0
DA:4385,1
DA:4386,1
DA:4387,1
DA:4388,1
DA:4389,1
DA:4390,1
DA:4391,1
DA:4392,1
DA:4393,1
DA:4394,1
DA:4395,1
DA:4396,1
DA:4397,1
DA:4398,1
DA:4399,0
DA:4400,0
DA:4401,0
DA:4402,0
DA:4403,0
DA:4407,1
DA:4408,1
DA:4409,1
DA:4410,1
DA:4411,1
DA:4412,1
DA:4413,1
DA:4414,1
DA:4415,1
DA:4416,1
DA:4417,1
DA:4418,1
DA:4419,1
DA:4420,1
DA:4421,0
DA:4422,0
DA:4423,0
DA:4424,0
DA:4425,0
DA:4429,1
DA:4430,1
DA:4431,1
DA:4432,1
DA:4433,1
DA:4434,1
DA:4435,1
DA:4436,1
DA:4437,1
DA:4438,1
DA:4439,1
DA:4440,1
DA:4441,1
DA:4442,1
DA:4443,0
DA:4444,0
DA:4445,0
DA:4446,0
DA:4447,0
DA:4451,1
DA:4452,1
DA:4453,1
DA:4454,1
DA:4455,1
DA:4456,1
DA:4457,1
DA:4458,1
DA:4459,1
DA:4460,1
DA:4461,1
DA:4462,1
DA:4463,1
DA:4464,1
DA:4465,0
DA:4466,0
DA:4467,0
DA:4468,0
DA:4469,0
DA:4473,1
DA:4474,1
DA:4475,1
DA:4476,1
DA:4477,1
DA:4478,1
DA:4479,1
DA:4480,1
DA:4481,1
DA:4482,1
DA:4483,1
DA:4484,1
DA:4485,1
DA:4486,1
DA:4487,0
DA:4488,0
DA:4489,0
DA:4490,0
DA:4491,0
DA:4495,1
DA:4496,1
DA:4497,1
DA:4498,1
DA:4499,1
DA:4500,1
DA:4501,1
DA:4502,1
DA:4503,1
DA:4504,1
DA:4505,1
DA:4506,1
DA:4507,1
DA:4508,1
DA:4509,0
DA:4510,0
DA:4511,0
DA:4512,0
DA:4513,0
DA:4517,1
DA:4518,1
DA:4519,1
DA:4520,1
DA:4521,1
DA:4522,1
DA:4523,1
DA:4524,1
DA:4525,1
DA:4526,1
DA:4527,1
DA:4528,1
DA:4529,1
DA:4530,1
DA:4531,0
DA:4532,0
DA:4533,0
DA:4534,0
DA:4535,0
DA:4539,1
DA:4540,1
DA:4541,1
DA:4542,1
DA:4543,1
DA:4544,1
DA:4545,1
DA:4546,1
DA:4547,1
DA:4548,1
DA:4549,1
DA:4550,1
DA:4551,1
DA:4552,1
DA:4553,0
DA:4554,0
DA:4555,0
DA:4556,0
DA:4557,0
DA:4561,1
DA:4562,1
DA:4563,1
DA:4564,1
DA:4565,1
DA:4566,1
DA:4567,1
DA:4568,1
DA:4569,1
DA:4570,1
DA:4571,1
DA:4572,1
DA:4573,1
DA:4574,1
DA:4575,0
DA:4576,0
DA:4577,0
DA:4578,0
DA:4579,0
DA:4583,1
DA:4584,1
DA:4585,1
DA:4586,1
DA:4587,1
DA:4588,1
DA:4589,1
DA:4590,1
DA:4591,1
DA:4592,1
DA:4593,1
DA:4594,1
DA:4595,1
DA:4596,1
DA:4597,0
DA:4598,0
DA:4599,0
DA:4600,0
DA:4601,0
DA:4605,1
DA:4606,1
DA:4607,1
DA:4608,1
DA:4609,1
DA:4610,1
DA:4611,1
DA:4612,1
DA:4613,1
DA:4614,1
DA:4615,1
DA:4616,1
DA:4617,1
DA:4618,1
DA:4619,0
DA:4620,0
DA:4621,0
DA:4622,0
DA:4623,0
DA:4627,1
DA:4628,1
DA:4629,1
DA:4630,1
DA:4631,1
DA:4632,1
DA:4633,1
DA:4634,1
DA:4635,1
DA:4636,1
DA:4637,1
DA:4638,1
DA:4639,1
DA:4640,1
DA:4641,0
DA:4642,0
DA:4643,0
DA:4644,0
DA:4645,0
DA:4649,1
DA:4650,1
DA:4651,1
DA:4652,1
DA:4653,1
DA:4654,1
DA:4655,1
DA:4656,1
DA:4657,1
DA:4658,1
DA:4659,1
DA:4660,1
DA:4661,1
DA:4662,1
DA:4663,0
DA:4664,0
DA:4665,0
DA:4666,0
DA:4667,0
DA:4671,1
DA:4672,1
DA:4673,1
DA:4674,1
DA:4675,1
DA:4676,1
DA:4677,1
DA:4678,1
DA:4679,1
DA:4680,1
DA:4681,1
DA:4682,1
DA:4683,1
DA:4684,1
DA:4685,0
DA:4686,0
DA:4687,0
DA:4688,0
DA:4689,0
DA:4693,1
DA:4694,1
DA:4695,1
DA:4696,1
DA:4697,1
DA:4698,1
DA:4699,1
DA:4700,1
DA:4701,1
DA:4702,1
DA:4703,1
DA:4704,1
DA:4705,1
DA:4706,1
DA:4707,0
DA:4708,0
DA:4709,0
DA:4710,0
DA:4711,0
DA:4715,1
DA:4716,1
DA:4717,1
DA:4718,1
DA:4719,1
DA:4720,1
DA:4721,1
DA:4722,1
DA:4723,1
DA:4724,1
DA:4725,1
DA:4726,1
DA:4727,1
DA:4728,1
DA:4729,0
DA:4730,0
DA:4731,0
DA:4732,0
DA:4733,0
LF:4086
LH:3021
BRDA:1076,0,0,7
BRDA:1362,1,0,1
BRF:2
BRH:2
end_of_record
TN:
SF:src/lib/paraglide/runtime.js
FN:38,languageTag
FN:58,setLanguageTag
FN:75,enforceLanguageTag
FN:111,onSetLanguageTag
FN:128,isAvailableLanguageTag
FNF:5
FNH:1
FNDA:8,languageTag
FNDA:0,setLanguageTag
FNDA:0,enforceLanguageTag
FNDA:0,onSetLanguageTag
FNDA:0,isAvailableLanguageTag
DA:1,1
DA:2,1
DA:3,1
DA:5,1
DA:6,1
DA:7,1
DA:8,1
DA:9,1
DA:10,1
DA:11,1
DA:12,1
DA:13,1
DA:14,1
DA:16,1
DA:17,1
DA:18,1
DA:19,1
DA:20,1
DA:21,1
DA:22,1
DA:23,1
DA:24,1
DA:26,1
DA:27,1
DA:28,1
DA:29,1
DA:30,1
DA:31,1
DA:32,1
DA:33,1
DA:34,1
DA:35,1
DA:36,1
DA:37,1
DA:38,1
DA:40,1
DA:41,1
DA:42,1
DA:43,1
DA:44,1
DA:45,1
DA:46,1
DA:47,1
DA:48,1
DA:49,1
DA:50,1
DA:51,1
DA:52,1
DA:53,1
DA:54,1
DA:55,1
DA:56,1
DA:57,1
DA:58,1
DA:59,0
DA:60,0
DA:61,0
DA:62,0
DA:63,0
DA:64,0
DA:65,0
DA:66,0
DA:67,0
DA:68,0
DA:70,1
DA:71,1
DA:72,1
DA:73,1
DA:74,1
DA:75,0
DA:76,0
DA:77,0
DA:78,0
DA:79,0
DA:80,0
DA:81,0
DA:82,0
DA:83,0
DA:85,1
DA:86,1
DA:87,1
DA:88,1
DA:89,1
DA:90,1
DA:91,1
DA:92,1
DA:93,1
DA:94,1
DA:95,1
DA:96,1
DA:97,1
DA:98,1
DA:99,1
DA:100,1
DA:101,1
DA:102,1
DA:103,1
DA:104,1
DA:105,1
DA:106,1
DA:107,1
DA:108,1
DA:109,1
DA:110,1
DA:111,1
DA:112,0
DA:113,0
DA:115,1
DA:116,1
DA:117,1
DA:118,1
DA:119,1
DA:120,1
DA:121,1
DA:122,1
DA:123,1
DA:124,1
DA:125,1
DA:126,1
DA:127,1
DA:128,1
DA:129,0
DA:130,0
DA:132,1
DA:134,1
DA:135,1
DA:136,1
DA:137,1
DA:138,1
DA:139,1
DA:140,1
DA:141,1
LF:132
LH:109
BRDA:38,0,0,8
BRF:1
BRH:1
end_of_record
TN:
SF:src/lib/paraglide/messages/de.js
FN:18,hello_world
FN:26,goodbye
FN:34,copy_right
FN:42,program
FN:50,tickets
FN:58,about
FN:66,follow_us
FN:74,quick_links
FN:82,home
FN:90,legal
FN:98,imprint
FN:106,privacy_policy
FN:114,terms_of_service
FN:122,stay_in_touch
FN:130,newsletter_text
FN:138,subscribe
FN:146,your_email
FN:154,about_us_text
FN:162,logout
FN:170,login
FN:178,settings
FN:186,switch_language
FN:194,login_to_account
FN:202,email_address
FN:210,enter_email
FN:218,password
FN:226,enter_password
FN:234,forgot_password
FN:242,or
FN:250,login_with_google
FN:258,login_with_github
FN:266,no_account
FN:274,sign_up
FN:282,register_new
FN:290,password_confirm
FN:298,enter_password_confirm
FN:306,already_account
FN:314,admin_tools
FN:322,movies
FN:330,shows
FN:338,directed_by
FN:346,released_in
FN:354,validate_tickets
FN:362,save
FN:370,cancel
FN:378,edit
FN:386,back
FN:394,delete_something
FN:402,internal_server_error
FN:410,show_for_movie
FN:418,cancelled
FN:426,cancel_show
FN:434,new_show
FN:442,date
FN:450,start_time
FN:458,end_time
FN:466,price_set
FN:474,uncancel
FN:482,reschedule
FN:490,reschedule_show
FN:498,show_not_found
FN:506,missing_inputs
FN:514,slot_not_available
FN:522,show_rescheduled
FN:530,price_set_management
FN:538,seat_category_management
FN:546,ticket_type_management
FN:554,create_new_price_set
FN:562,cancel_price_set
FN:570,new_price_set
FN:578,name_of_price_set
FN:586,price_factor
FN:594,choose_seat_categories
FN:602,choose_ticket_types
FN:610,seat_categories
FN:618,ticket_types
FN:626,for_base_prices
FN:634,including_base_prices
FN:642,including_price_factors
FN:650,error_creating_price_set
FN:658,error_deleting_price_set
FN:666,error_updating_price_set
FN:674,seat_categories_management
FN:682,back_arrow
FN:690,cancel_with_arrow
FN:698,create_new_seat_category
FN:706,new_seat_category
FN:714,seat_category_name
FN:722,price
FN:730,seat_category_price
FN:738,description
FN:746,seat_category_description
FN:754,emoji
FN:762,cannot_remove_seat_category
FN:770,ticket_types_management
FN:778,manage_price_sets
FN:786,create_new_ticket_type
FN:794,new_ticket_type
FN:802,ticket_type_name
FN:810,factor
FN:818,ticket_type_factor
FN:826,ticket_type_description
FN:834,refund_options_for_cancelled_shows
FN:842,no_refundable_shows
FN:850,apology_and_instructions
FN:858,time
FN:866,o_clock
FN:874,booked_seats
FN:882,refund_amount
FN:890,collect_refund
FN:898,movie_management
FN:906,new_movie
FN:914,edit_movie
FN:922,movie_details
FN:930,genre
FN:938,add_show
FN:946,movie_not_found
FN:954,add_new_show
FN:962,free_slots
FN:970,hall
FN:978,load_free_slots
FN:986,search_movies
FN:994,search
FN:1002,no_movies_found
FN:1010,year
FN:1018,select
FN:1026,title
FN:1034,director
FN:1042,runtime
FN:1050,genres
FN:1058,loading
FN:1066,error_fetching_movie_details
FN:1074,error_processing_results
FN:1082,system_logs
FN:1090,id
FN:1098,level
FN:1106,message
FN:1114,metadata
FN:1122,timestamp
FN:1130,not_available
FN:1138,plan_screening_time
FN:1146,cinema
FN:1154,select_hall
FN:1162,film_duration_minutes
FN:1170,search_available_time_windows
FN:1178,available_time_windows
FN:1186,choose_start_time
FN:1194,available_time_range
FN:1202,required_time
FN:1210,film
FN:1218,cleaning
FN:1226,advertisement
FN:1234,start_time_hhmm
FN:1242,screening_time
FN:1250,start
FN:1258,end
FN:1266,total_duration
FN:1274,chosen_time_not_fit
FN:1282,save_screening
FN:1290,name
FN:1298,address
FN:1306,search_address
FN:1314,opening_time
FN:1322,closing_time
FN:1330,selected_address
FN:1338,create
FN:1346,cinema_management
FN:1354,new_cinema
FN:1362,opens_at
FN:1370,closes_at
FN:1378,actions
FN:1386,dashboard
FN:1394,pricing_sets
FN:1402,cinemas
FN:1410,halls
FN:1418,cinema_admin
FN:1426,subscription_success
FN:1434,subscription_error
FN:1442,connection_error
FN:1450,search_placeholder
FN:1458,no_time
FN:1466,movie_poster
FN:1474,trailer
FN:1482,fsk_0
FN:1490,fsk_6
FN:1498,fsk_12
FN:1506,fsk_16
FN:1514,fsk_18
FN:1522,default_user
FN:1530,welcome
FN:1538,user_id
FN:1546,reservations
FN:1554,visits
FN:1562,search_results_for
FN:1570,sort_by
FN:1578,age_rating
FN:1586,no_films_found
FN:1594,release_date
FN:1602,show_details
FN:1610,price_per_ticket
FN:1618,to_booking
FN:1626,page_not_found
FN:1634,error_occurred
FN:1642,page_not_found_message
FN:1650,general_error_message
FN:1658,go_back
FN:1666,to_homepage
FN:1674,persistent_problem_message
FN:1682,contact_us
FN:1690,please
FN:1698,trailer_title
FN:1706,book_new_ticket
FN:1714,return_to_home
FN:1722,discount_code_created
FN:1730,book_here
FNF:215
FNH:0
FNDA:0,hello_world
FNDA:0,goodbye
FNDA:0,copy_right
FNDA:0,program
FNDA:0,tickets
FNDA:0,about
FNDA:0,follow_us
FNDA:0,quick_links
FNDA:0,home
FNDA:0,legal
FNDA:0,imprint
FNDA:0,privacy_policy
FNDA:0,terms_of_service
FNDA:0,stay_in_touch
FNDA:0,newsletter_text
FNDA:0,subscribe
FNDA:0,your_email
FNDA:0,about_us_text
FNDA:0,logout
FNDA:0,login
FNDA:0,settings
FNDA:0,switch_language
FNDA:0,login_to_account
FNDA:0,email_address
FNDA:0,enter_email
FNDA:0,password
FNDA:0,enter_password
FNDA:0,forgot_password
FNDA:0,or
FNDA:0,login_with_google
FNDA:0,login_with_github
FNDA:0,no_account
FNDA:0,sign_up
FNDA:0,register_new
FNDA:0,password_confirm
FNDA:0,enter_password_confirm
FNDA:0,already_account
FNDA:0,admin_tools
FNDA:0,movies
FNDA:0,shows
FNDA:0,directed_by
FNDA:0,released_in
FNDA:0,validate_tickets
FNDA:0,save
FNDA:0,cancel
FNDA:0,edit
FNDA:0,back
FNDA:0,delete_something
FNDA:0,internal_server_error
FNDA:0,show_for_movie
FNDA:0,cancelled
FNDA:0,cancel_show
FNDA:0,new_show
FNDA:0,date
FNDA:0,start_time
FNDA:0,end_time
FNDA:0,price_set
FNDA:0,uncancel
FNDA:0,reschedule
FNDA:0,reschedule_show
FNDA:0,show_not_found
FNDA:0,missing_inputs
FNDA:0,slot_not_available
FNDA:0,show_rescheduled
FNDA:0,price_set_management
FNDA:0,seat_category_management
FNDA:0,ticket_type_management
FNDA:0,create_new_price_set
FNDA:0,cancel_price_set
FNDA:0,new_price_set
FNDA:0,name_of_price_set
FNDA:0,price_factor
FNDA:0,choose_seat_categories
FNDA:0,choose_ticket_types
FNDA:0,seat_categories
FNDA:0,ticket_types
FNDA:0,for_base_prices
FNDA:0,including_base_prices
FNDA:0,including_price_factors
FNDA:0,error_creating_price_set
FNDA:0,error_deleting_price_set
FNDA:0,error_updating_price_set
FNDA:0,seat_categories_management
FNDA:0,back_arrow
FNDA:0,cancel_with_arrow
FNDA:0,create_new_seat_category
FNDA:0,new_seat_category
FNDA:0,seat_category_name
FNDA:0,price
FNDA:0,seat_category_price
FNDA:0,description
FNDA:0,seat_category_description
FNDA:0,emoji
FNDA:0,cannot_remove_seat_category
FNDA:0,ticket_types_management
FNDA:0,manage_price_sets
FNDA:0,create_new_ticket_type
FNDA:0,new_ticket_type
FNDA:0,ticket_type_name
FNDA:0,factor
FNDA:0,ticket_type_factor
FNDA:0,ticket_type_description
FNDA:0,refund_options_for_cancelled_shows
FNDA:0,no_refundable_shows
FNDA:0,apology_and_instructions
FNDA:0,time
FNDA:0,o_clock
FNDA:0,booked_seats
FNDA:0,refund_amount
FNDA:0,collect_refund
FNDA:0,movie_management
FNDA:0,new_movie
FNDA:0,edit_movie
FNDA:0,movie_details
FNDA:0,genre
FNDA:0,add_show
FNDA:0,movie_not_found
FNDA:0,add_new_show
FNDA:0,free_slots
FNDA:0,hall
FNDA:0,load_free_slots
FNDA:0,search_movies
FNDA:0,search
FNDA:0,no_movies_found
FNDA:0,year
FNDA:0,select
FNDA:0,title
FNDA:0,director
FNDA:0,runtime
FNDA:0,genres
FNDA:0,loading
FNDA:0,error_fetching_movie_details
FNDA:0,error_processing_results
FNDA:0,system_logs
FNDA:0,id
FNDA:0,level
FNDA:0,message
FNDA:0,metadata
FNDA:0,timestamp
FNDA:0,not_available
FNDA:0,plan_screening_time
FNDA:0,cinema
FNDA:0,select_hall
FNDA:0,film_duration_minutes
FNDA:0,search_available_time_windows
FNDA:0,available_time_windows
FNDA:0,choose_start_time
FNDA:0,available_time_range
FNDA:0,required_time
FNDA:0,film
FNDA:0,cleaning
FNDA:0,advertisement
FNDA:0,start_time_hhmm
FNDA:0,screening_time
FNDA:0,start
FNDA:0,end
FNDA:0,total_duration
FNDA:0,chosen_time_not_fit
FNDA:0,save_screening
FNDA:0,name
FNDA:0,address
FNDA:0,search_address
FNDA:0,opening_time
FNDA:0,closing_time
FNDA:0,selected_address
FNDA:0,create
FNDA:0,cinema_management
FNDA:0,new_cinema
FNDA:0,opens_at
FNDA:0,closes_at
FNDA:0,actions
FNDA:0,dashboard
FNDA:0,pricing_sets
FNDA:0,cinemas
FNDA:0,halls
FNDA:0,cinema_admin
FNDA:0,subscription_success
FNDA:0,subscription_error
FNDA:0,connection_error
FNDA:0,search_placeholder
FNDA:0,no_time
FNDA:0,movie_poster
FNDA:0,trailer
FNDA:0,fsk_0
FNDA:0,fsk_6
FNDA:0,fsk_12
FNDA:0,fsk_16
FNDA:0,fsk_18
FNDA:0,default_user
FNDA:0,welcome
FNDA:0,user_id
FNDA:0,reservations
FNDA:0,visits
FNDA:0,search_results_for
FNDA:0,sort_by
FNDA:0,age_rating
FNDA:0,no_films_found
FNDA:0,release_date
FNDA:0,show_details
FNDA:0,price_per_ticket
FNDA:0,to_booking
FNDA:0,page_not_found
FNDA:0,error_occurred
FNDA:0,page_not_found_message
FNDA:0,general_error_message
FNDA:0,go_back
FNDA:0,to_homepage
FNDA:0,persistent_problem_message
FNDA:0,contact_us
FNDA:0,please
FNDA:0,trailer_title
FNDA:0,book_new_ticket
FNDA:0,return_to_home
FNDA:0,discount_code_created
FNDA:0,book_here
DA:1,1
DA:2,1
DA:3,1
DA:4,1
DA:5,1
DA:6,1
DA:7,1
DA:8,1
DA:9,1
DA:10,1
DA:13,1
DA:14,1
DA:15,1
DA:16,1
DA:17,1
DA:18,1
DA:21,1
DA:22,1
DA:23,1
DA:24,1
DA:25,1
DA:26,1
DA:29,1
DA:30,1
DA:31,1
DA:32,1
DA:33,1
DA:34,1
DA:37,1
DA:38,1
DA:39,1
DA:40,1
DA:41,1
DA:42,1
DA:45,1
DA:46,1
DA:47,1
DA:48,1
DA:49,1
DA:50,1
DA:53,1
DA:54,1
DA:55,1
DA:56,1
DA:57,1
DA:58,1
DA:61,1
DA:62,1
DA:63,1
DA:64,1
DA:65,1
DA:66,1
DA:69,1
DA:70,1
DA:71,1
DA:72,1
DA:73,1
DA:74,1
DA:77,1
DA:78,1
DA:79,1
DA:80,1
DA:81,1
DA:82,1
DA:85,1
DA:86,1
DA:87,1
DA:88,1
DA:89,1
DA:90,1
DA:93,1
DA:94,1
DA:95,1
DA:96,1
DA:97,1
DA:98,1
DA:101,1
DA:102,1
DA:103,1
DA:104,1
DA:105,1
DA:106,1
DA:109,1
DA:110,1
DA:111,1
DA:112,1
DA:113,1
DA:114,1
DA:117,1
DA:118,1
DA:119,1
DA:120,1
DA:121,1
DA:122,1
DA:125,1
DA:126,1
DA:127,1
DA:128,1
DA:129,1
DA:130,1
DA:133,1
DA:134,1
DA:135,1
DA:136,1
DA:137,1
DA:138,1
DA:141,1
DA:142,1
DA:143,1
DA:144,1
DA:145,1
DA:146,1
DA:149,1
DA:150,1
DA:151,1
DA:152,1
DA:153,1
DA:154,1
DA:157,1
DA:158,1
DA:159,1
DA:160,1
DA:161,1
DA:162,1
DA:165,1
DA:166,1
DA:167,1
DA:168,1
DA:169,1
DA:170,1
DA:173,1
DA:174,1
DA:175,1
DA:176,1
DA:177,1
DA:178,1
DA:181,1
DA:182,1
DA:183,1
DA:184,1
DA:185,1
DA:186,1
DA:189,1
DA:190,1
DA:191,1
DA:192,1
DA:193,1
DA:194,1
DA:197,1
DA:198,1
DA:199,1
DA:200,1
DA:201,1
DA:202,1
DA:205,1
DA:206,1
DA:207,1
DA:208,1
DA:209,1
DA:210,1
DA:213,1
DA:214,1
DA:215,1
DA:216,1
DA:217,1
DA:218,1
DA:221,1
DA:222,1
DA:223,1
DA:224,1
DA:225,1
DA:226,1
DA:229,1
DA:230,1
DA:231,1
DA:232,1
DA:233,1
DA:234,1
DA:237,1
DA:238,1
DA:239,1
DA:240,1
DA:241,1
DA:242,1
DA:245,1
DA:246,1
DA:247,1
DA:248,1
DA:249,1
DA:250,1
DA:253,1
DA:254,1
DA:255,1
DA:256,1
DA:257,1
DA:258,1
DA:261,1
DA:262,1
DA:263,1
DA:264,1
DA:265,1
DA:266,1
DA:269,1
DA:270,1
DA:271,1
DA:272,1
DA:273,1
DA:274,1
DA:277,1
DA:278,1
DA:279,1
DA:280,1
DA:281,1
DA:282,1
DA:285,1
DA:286,1
DA:287,1
DA:288,1
DA:289,1
DA:290,1
DA:293,1
DA:294,1
DA:295,1
DA:296,1
DA:297,1
DA:298,1
DA:301,1
DA:302,1
DA:303,1
DA:304,1
DA:305,1
DA:306,1
DA:309,1
DA:310,1
DA:311,1
DA:312,1
DA:313,1
DA:314,1
DA:317,1
DA:318,1
DA:319,1
DA:320,1
DA:321,1
DA:322,1
DA:325,1
DA:326,1
DA:327,1
DA:328,1
DA:329,1
DA:330,1
DA:333,1
DA:334,1
DA:335,1
DA:336,1
DA:337,1
DA:338,1
DA:341,1
DA:342,1
DA:343,1
DA:344,1
DA:345,1
DA:346,1
DA:349,1
DA:350,1
DA:351,1
DA:352,1
DA:353,1
DA:354,1
DA:357,1
DA:358,1
DA:359,1
DA:360,1
DA:361,1
DA:362,1
DA:365,1
DA:366,1
DA:367,1
DA:368,1
DA:369,1
DA:370,1
DA:373,1
DA:374,1
DA:375,1
DA:376,1
DA:377,1
DA:378,1
DA:381,1
DA:382,1
DA:383,1
DA:384,1
DA:385,1
DA:386,1
DA:389,1
DA:390,1
DA:391,1
DA:392,1
DA:393,1
DA:394,1
DA:397,1
DA:398,1
DA:399,1
DA:400,1
DA:401,1
DA:402,1
DA:405,1
DA:406,1
DA:407,1
DA:408,1
DA:409,1
DA:410,1
DA:413,1
DA:414,1
DA:415,1
DA:416,1
DA:417,1
DA:418,1
DA:421,1
DA:422,1
DA:423,1
DA:424,1
DA:425,1
DA:426,1
DA:429,1
DA:430,1
DA:431,1
DA:432,1
DA:433,1
DA:434,1
DA:437,1
DA:438,1
DA:439,1
DA:440,1
DA:441,1
DA:442,1
DA:445,1
DA:446,1
DA:447,1
DA:448,1
DA:449,1
DA:450,1
DA:453,1
DA:454,1
DA:455,1
DA:456,1
DA:457,1
DA:458,1
DA:461,1
DA:462,1
DA:463,1
DA:464,1
DA:465,1
DA:466,1
DA:469,1
DA:470,1
DA:471,1
DA:472,1
DA:473,1
DA:474,1
DA:477,1
DA:478,1
DA:479,1
DA:480,1
DA:481,1
DA:482,1
DA:485,1
DA:486,1
DA:487,1
DA:488,1
DA:489,1
DA:490,1
DA:493,1
DA:494,1
DA:495,1
DA:496,1
DA:497,1
DA:498,1
DA:501,1
DA:502,1
DA:503,1
DA:504,1
DA:505,1
DA:506,1
DA:509,1
DA:510,1
DA:511,1
DA:512,1
DA:513,1
DA:514,1
DA:517,1
DA:518,1
DA:519,1
DA:520,1
DA:521,1
DA:522,1
DA:525,1
DA:526,1
DA:527,1
DA:528,1
DA:529,1
DA:530,1
DA:533,1
DA:534,1
DA:535,1
DA:536,1
DA:537,1
DA:538,1
DA:541,1
DA:542,1
DA:543,1
DA:544,1
DA:545,1
DA:546,1
DA:549,1
DA:550,1
DA:551,1
DA:552,1
DA:553,1
DA:554,1
DA:557,1
DA:558,1
DA:559,1
DA:560,1
DA:561,1
DA:562,1
DA:565,1
DA:566,1
DA:567,1
DA:568,1
DA:569,1
DA:570,1
DA:573,1
DA:574,1
DA:575,1
DA:576,1
DA:577,1
DA:578,1
DA:581,1
DA:582,1
DA:583,1
DA:584,1
DA:585,1
DA:586,1
DA:589,1
DA:590,1
DA:591,1
DA:592,1
DA:593,1
DA:594,1
DA:597,1
DA:598,1
DA:599,1
DA:600,1
DA:601,1
DA:602,1
DA:605,1
DA:606,1
DA:607,1
DA:608,1
DA:609,1
DA:610,1
DA:613,1
DA:614,1
DA:615,1
DA:616,1
DA:617,1
DA:618,1
DA:621,1
DA:622,1
DA:623,1
DA:624,1
DA:625,1
DA:626,1
DA:629,1
DA:630,1
DA:631,1
DA:632,1
DA:633,1
DA:634,1
DA:637,1
DA:638,1
DA:639,1
DA:640,1
DA:641,1
DA:642,1
DA:645,1
DA:646,1
DA:647,1
DA:648,1
DA:649,1
DA:650,1
DA:653,1
DA:654,1
DA:655,1
DA:656,1
DA:657,1
DA:658,1
DA:661,1
DA:662,1
DA:663,1
DA:664,1
DA:665,1
DA:666,1
DA:669,1
DA:670,1
DA:671,1
DA:672,1
DA:673,1
DA:674,1
DA:677,1
DA:678,1
DA:679,1
DA:680,1
DA:681,1
DA:682,1
DA:685,1
DA:686,1
DA:687,1
DA:688,1
DA:689,1
DA:690,1
DA:693,1
DA:694,1
DA:695,1
DA:696,1
DA:697,1
DA:698,1
DA:701,1
DA:702,1
DA:703,1
DA:704,1
DA:705,1
DA:706,1
DA:709,1
DA:710,1
DA:711,1
DA:712,1
DA:713,1
DA:714,1
DA:717,1
DA:718,1
DA:719,1
DA:720,1
DA:721,1
DA:722,1
DA:725,1
DA:726,1
DA:727,1
DA:728,1
DA:729,1
DA:730,1
DA:733,1
DA:734,1
DA:735,1
DA:736,1
DA:737,1
DA:738,1
DA:741,1
DA:742,1
DA:743,1
DA:744,1
DA:745,1
DA:746,1
DA:749,1
DA:750,1
DA:751,1
DA:752,1
DA:753,1
DA:754,1
DA:757,1
DA:758,1
DA:759,1
DA:760,1
DA:761,1
DA:762,1
DA:765,1
DA:766,1
DA:767,1
DA:768,1
DA:769,1
DA:770,1
DA:773,1
DA:774,1
DA:775,1
DA:776,1
DA:777,1
DA:778,1
DA:781,1
DA:782,1
DA:783,1
DA:784,1
DA:785,1
DA:786,1
DA:789,1
DA:790,1
DA:791,1
DA:792,1
DA:793,1
DA:794,1
DA:797,1
DA:798,1
DA:799,1
DA:800,1
DA:801,1
DA:802,1
DA:805,1
DA:806,1
DA:807,1
DA:808,1
DA:809,1
DA:810,1
DA:813,1
DA:814,1
DA:815,1
DA:816,1
DA:817,1
DA:818,1
DA:821,1
DA:822,1
DA:823,1
DA:824,1
DA:825,1
DA:826,1
DA:829,1
DA:830,1
DA:831,1
DA:832,1
DA:833,1
DA:834,1
DA:837,1
DA:838,1
DA:839,1
DA:840,1
DA:841,1
DA:842,1
DA:845,1
DA:846,1
DA:847,1
DA:848,1
DA:849,1
DA:850,1
DA:853,1
DA:854,1
DA:855,1
DA:856,1
DA:857,1
DA:858,1
DA:861,1
DA:862,1
DA:863,1
DA:864,1
DA:865,1
DA:866,1
DA:869,1
DA:870,1
DA:871,1
DA:872,1
DA:873,1
DA:874,1
DA:877,1
DA:878,1
DA:879,1
DA:880,1
DA:881,1
DA:882,1
DA:885,1
DA:886,1
DA:887,1
DA:888,1
DA:889,1
DA:890,1
DA:893,1
DA:894,1
DA:895,1
DA:896,1
DA:897,1
DA:898,1
DA:901,1
DA:902,1
DA:903,1
DA:904,1
DA:905,1
DA:906,1
DA:909,1
DA:910,1
DA:911,1
DA:912,1
DA:913,1
DA:914,1
DA:917,1
DA:918,1
DA:919,1
DA:920,1
DA:921,1
DA:922,1
DA:925,1
DA:926,1
DA:927,1
DA:928,1
DA:929,1
DA:930,1
DA:933,1
DA:934,1
DA:935,1
DA:936,1
DA:937,1
DA:938,1
DA:941,1
DA:942,1
DA:943,1
DA:944,1
DA:945,1
DA:946,1
DA:949,1
DA:950,1
DA:951,1
DA:952,1
DA:953,1
DA:954,1
DA:957,1
DA:958,1
DA:959,1
DA:960,1
DA:961,1
DA:962,1
DA:965,1
DA:966,1
DA:967,1
DA:968,1
DA:969,1
DA:970,1
DA:973,1
DA:974,1
DA:975,1
DA:976,1
DA:977,1
DA:978,1
DA:981,1
DA:982,1
DA:983,1
DA:984,1
DA:985,1
DA:986,1
DA:989,1
DA:990,1
DA:991,1
DA:992,1
DA:993,1
DA:994,1
DA:997,1
DA:998,1
DA:999,1
DA:1000,1
DA:1001,1
DA:1002,1
DA:1005,1
DA:1006,1
DA:1007,1
DA:1008,1
DA:1009,1
DA:1010,1
DA:1013,1
DA:1014,1
DA:1015,1
DA:1016,1
DA:1017,1
DA:1018,1
DA:1021,1
DA:1022,1
DA:1023,1
DA:1024,1
DA:1025,1
DA:1026,1
DA:1029,1
DA:1030,1
DA:1031,1
DA:1032,1
DA:1033,1
DA:1034,1
DA:1037,1
DA:1038,1
DA:1039,1
DA:1040,1
DA:1041,1
DA:1042,1
DA:1045,1
DA:1046,1
DA:1047,1
DA:1048,1
DA:1049,1
DA:1050,1
DA:1053,1
DA:1054,1
DA:1055,1
DA:1056,1
DA:1057,1
DA:1058,1
DA:1061,1
DA:1062,1
DA:1063,1
DA:1064,1
DA:1065,1
DA:1066,1
DA:1069,1
DA:1070,1
DA:1071,1
DA:1072,1
DA:1073,1
DA:1074,1
DA:1077,1
DA:1078,1
DA:1079,1
DA:1080,1
DA:1081,1
DA:1082,1
DA:1085,1
DA:1086,1
DA:1087,1
DA:1088,1
DA:1089,1
DA:1090,1
DA:1093,1
DA:1094,1
DA:1095,1
DA:1096,1
DA:1097,1
DA:1098,1
DA:1101,1
DA:1102,1
DA:1103,1
DA:1104,1
DA:1105,1
DA:1106,1
DA:1109,1
DA:1110,1
DA:1111,1
DA:1112,1
DA:1113,1
DA:1114,1
DA:1117,1
DA:1118,1
DA:1119,1
DA:1120,1
DA:1121,1
DA:1122,1
DA:1125,1
DA:1126,1
DA:1127,1
DA:1128,1
DA:1129,1
DA:1130,1
DA:1133,1
DA:1134,1
DA:1135,1
DA:1136,1
DA:1137,1
DA:1138,1
DA:1141,1
DA:1142,1
DA:1143,1
DA:1144,1
DA:1145,1
DA:1146,1
DA:1149,1
DA:1150,1
DA:1151,1
DA:1152,1
DA:1153,1
DA:1154,1
DA:1157,1
DA:1158,1
DA:1159,1
DA:1160,1
DA:1161,1
DA:1162,1
DA:1165,1
DA:1166,1
DA:1167,1
DA:1168,1
DA:1169,1
DA:1170,1
DA:1173,1
DA:1174,1
DA:1175,1
DA:1176,1
DA:1177,1
DA:1178,1
DA:1181,1
DA:1182,1
DA:1183,1
DA:1184,1
DA:1185,1
DA:1186,1
DA:1189,1
DA:1190,1
DA:1191,1
DA:1192,1
DA:1193,1
DA:1194,1
DA:1197,1
DA:1198,1
DA:1199,1
DA:1200,1
DA:1201,1
DA:1202,1
DA:1205,1
DA:1206,1
DA:1207,1
DA:1208,1
DA:1209,1
DA:1210,1
DA:1213,1
DA:1214,1
DA:1215,1
DA:1216,1
DA:1217,1
DA:1218,1
DA:1221,1
DA:1222,1
DA:1223,1
DA:1224,1
DA:1225,1
DA:1226,1
DA:1229,1
DA:1230,1
DA:1231,1
DA:1232,1
DA:1233,1
DA:1234,1
DA:1237,1
DA:1238,1
DA:1239,1
DA:1240,1
DA:1241,1
DA:1242,1
DA:1245,1
DA:1246,1
DA:1247,1
DA:1248,1
DA:1249,1
DA:1250,1
DA:1253,1
DA:1254,1
DA:1255,1
DA:1256,1
DA:1257,1
DA:1258,1
DA:1261,1
DA:1262,1
DA:1263,1
DA:1264,1
DA:1265,1
DA:1266,1
DA:1269,1
DA:1270,1
DA:1271,1
DA:1272,1
DA:1273,1
DA:1274,1
DA:1277,1
DA:1278,1
DA:1279,1
DA:1280,1
DA:1281,1
DA:1282,1
DA:1285,1
DA:1286,1
DA:1287,1
DA:1288,1
DA:1289,1
DA:1290,1
DA:1293,1
DA:1294,1
DA:1295,1
DA:1296,1
DA:1297,1
DA:1298,1
DA:1301,1
DA:1302,1
DA:1303,1
DA:1304,1
DA:1305,1
DA:1306,1
DA:1309,1
DA:1310,1
DA:1311,1
DA:1312,1
DA:1313,1
DA:1314,1
DA:1317,1
DA:1318,1
DA:1319,1
DA:1320,1
DA:1321,1
DA:1322,1
DA:1325,1
DA:1326,1
DA:1327,1
DA:1328,1
DA:1329,1
DA:1330,1
DA:1333,1
DA:1334,1
DA:1335,1
DA:1336,1
DA:1337,1
DA:1338,1
DA:1341,1
DA:1342,1
DA:1343,1
DA:1344,1
DA:1345,1
DA:1346,1
DA:1349,1
DA:1350,1
DA:1351,1
DA:1352,1
DA:1353,1
DA:1354,1
DA:1357,1
DA:1358,1
DA:1359,1
DA:1360,1
DA:1361,1
DA:1362,1
DA:1365,1
DA:1366,1
DA:1367,1
DA:1368,1
DA:1369,1
DA:1370,1
DA:1373,1
DA:1374,1
DA:1375,1
DA:1376,1
DA:1377,1
DA:1378,1
DA:1381,1
DA:1382,1
DA:1383,1
DA:1384,1
DA:1385,1
DA:1386,1
DA:1389,1
DA:1390,1
DA:1391,1
DA:1392,1
DA:1393,1
DA:1394,1
DA:1397,1
DA:1398,1
DA:1399,1
DA:1400,1
DA:1401,1
DA:1402,1
DA:1405,1
DA:1406,1
DA:1407,1
DA:1408,1
DA:1409,1
DA:1410,1
DA:1413,1
DA:1414,1
DA:1415,1
DA:1416,1
DA:1417,1
DA:1418,1
DA:1421,1
DA:1422,1
DA:1423,1
DA:1424,1
DA:1425,1
DA:1426,1
DA:1429,1
DA:1430,1
DA:1431,1
DA:1432,1
DA:1433,1
DA:1434,1
DA:1437,1
DA:1438,1
DA:1439,1
DA:1440,1
DA:1441,1
DA:1442,1
DA:1445,1
DA:1446,1
DA:1447,1
DA:1448,1
DA:1449,1
DA:1450,1
DA:1453,1
DA:1454,1
DA:1455,1
DA:1456,1
DA:1457,1
DA:1458,1
DA:1461,1
DA:1462,1
DA:1463,1
DA:1464,1
DA:1465,1
DA:1466,1
DA:1469,1
DA:1470,1
DA:1471,1
DA:1472,1
DA:1473,1
DA:1474,1
DA:1477,1
DA:1478,1
DA:1479,1
DA:1480,1
DA:1481,1
DA:1482,1
DA:1485,1
DA:1486,1
DA:1487,1
DA:1488,1
DA:1489,1
DA:1490,1
DA:1493,1
DA:1494,1
DA:1495,1
DA:1496,1
DA:1497,1
DA:1498,1
DA:1501,1
DA:1502,1
DA:1503,1
DA:1504,1
DA:1505,1
DA:1506,1
DA:1509,1
DA:1510,1
DA:1511,1
DA:1512,1
DA:1513,1
DA:1514,1
DA:1517,1
DA:1518,1
DA:1519,1
DA:1520,1
DA:1521,1
DA:1522,1
DA:1525,1
DA:1526,1
DA:1527,1
DA:1528,1
DA:1529,1
DA:1530,1
DA:1533,1
DA:1534,1
DA:1535,1
DA:1536,1
DA:1537,1
DA:1538,1
DA:1541,1
DA:1542,1
DA:1543,1
DA:1544,1
DA:1545,1
DA:1546,1
DA:1549,1
DA:1550,1
DA:1551,1
DA:1552,1
DA:1553,1
DA:1554,1
DA:1557,1
DA:1558,1
DA:1559,1
DA:1560,1
DA:1561,1
DA:1562,1
DA:1565,1
DA:1566,1
DA:1567,1
DA:1568,1
DA:1569,1
DA:1570,1
DA:1573,1
DA:1574,1
DA:1575,1
DA:1576,1
DA:1577,1
DA:1578,1
DA:1581,1
DA:1582,1
DA:1583,1
DA:1584,1
DA:1585,1
DA:1586,1
DA:1589,1
DA:1590,1
DA:1591,1
DA:1592,1
DA:1593,1
DA:1594,1
DA:1597,1
DA:1598,1
DA:1599,1
DA:1600,1
DA:1601,1
DA:1602,1
DA:1605,1
DA:1606,1
DA:1607,1
DA:1608,1
DA:1609,1
DA:1610,1
DA:1613,1
DA:1614,1
DA:1615,1
DA:1616,1
DA:1617,1
DA:1618,1
DA:1621,1
DA:1622,1
DA:1623,1
DA:1624,1
DA:1625,1
DA:1626,1
DA:1629,1
DA:1630,1
DA:1631,1
DA:1632,1
DA:1633,1
DA:1634,1
DA:1637,1
DA:1638,1
DA:1639,1
DA:1640,1
DA:1641,1
DA:1642,1
DA:1645,1
DA:1646,1
DA:1647,1
DA:1648,1
DA:1649,1
DA:1650,1
DA:1653,1
DA:1654,1
DA:1655,1
DA:1656,1
DA:1657,1
DA:1658,1
DA:1661,1
DA:1662,1
DA:1663,1
DA:1664,1
DA:1665,1
DA:1666,1
DA:1669,1
DA:1670,1
DA:1671,1
DA:1672,1
DA:1673,1
DA:1674,1
DA:1677,1
DA:1678,1
DA:1679,1
DA:1680,1
DA:1681,1
DA:1682,1
DA:1685,1
DA:1686,1
DA:1687,1
DA:1688,1
DA:1689,1
DA:1690,1
DA:1693,1
DA:1694,1
DA:1695,1
DA:1696,1
DA:1697,1
DA:1698,1
DA:1701,1
DA:1702,1
DA:1703,1
DA:1704,1
DA:1705,1
DA:1706,1
DA:1709,1
DA:1710,1
DA:1711,1
DA:1712,1
DA:1713,1
DA:1714,1
DA:1717,1
DA:1718,1
DA:1719,1
DA:1720,1
DA:1721,1
DA:1722,1
DA:1725,1
DA:1726,1
DA:1727,1
DA:1728,1
DA:1729,1
DA:1730,1
LF:1300
LH:1300
BRF:0
BRH:0
end_of_record
TN:
SF:src/lib/paraglide/messages/en.js
FN:18,hello_world
FN:26,goodbye
FN:34,copy_right
FN:42,program
FN:50,tickets
FN:58,about
FN:66,follow_us
FN:74,quick_links
FN:82,home
FN:90,legal
FN:98,imprint
FN:106,privacy_policy
FN:114,terms_of_service
FN:122,stay_in_touch
FN:130,newsletter_text
FN:138,subscribe
FN:146,your_email
FN:154,about_us_text
FN:162,logout
FN:170,login
FN:178,settings
FN:186,switch_language
FN:194,login_to_account
FN:202,email_address
FN:210,enter_email
FN:218,password
FN:226,enter_password
FN:234,forgot_password
FN:242,or
FN:250,login_with_google
FN:258,login_with_github
FN:266,no_account
FN:274,sign_up
FN:282,register_new
FN:290,password_confirm
FN:298,enter_password_confirm
FN:306,already_account
FN:314,admin_tools
FN:322,movies
FN:330,shows
FN:338,directed_by
FN:346,released_in
FN:354,validate_tickets
FN:362,save
FN:370,cancel
FN:378,edit
FN:386,back
FN:394,delete_something
FN:402,internal_server_error
FN:410,show_for_movie
FN:418,cancelled
FN:426,cancel_show
FN:434,new_show
FN:442,date
FN:450,start_time
FN:458,end_time
FN:466,price_set
FN:474,uncancel
FN:482,reschedule
FN:490,reschedule_show
FN:498,show_not_found
FN:506,missing_inputs
FN:514,slot_not_available
FN:522,show_rescheduled
FN:530,price_set_management
FN:538,seat_category_management
FN:546,ticket_type_management
FN:554,create_new_price_set
FN:562,cancel_price_set
FN:570,new_price_set
FN:578,name_of_price_set
FN:586,price_factor
FN:594,choose_seat_categories
FN:602,choose_ticket_types
FN:610,seat_categories
FN:618,ticket_types
FN:626,for_base_prices
FN:634,including_base_prices
FN:642,including_price_factors
FN:650,error_creating_price_set
FN:658,error_deleting_price_set
FN:666,error_updating_price_set
FN:674,seat_categories_management
FN:682,back_arrow
FN:690,cancel_with_arrow
FN:698,create_new_seat_category
FN:706,new_seat_category
FN:714,seat_category_name
FN:722,price
FN:730,seat_category_price
FN:738,description
FN:746,seat_category_description
FN:754,emoji
FN:762,cannot_remove_seat_category
FN:770,ticket_types_management
FN:778,manage_price_sets
FN:786,create_new_ticket_type
FN:794,new_ticket_type
FN:802,ticket_type_name
FN:810,factor
FN:818,ticket_type_factor
FN:826,ticket_type_description
FN:834,refund_options_for_cancelled_shows
FN:842,no_refundable_shows
FN:850,apology_and_instructions
FN:858,time
FN:866,o_clock
FN:874,booked_seats
FN:882,refund_amount
FN:890,collect_refund
FN:898,movie_management
FN:906,new_movie
FN:914,edit_movie
FN:922,movie_details
FN:930,genre
FN:938,add_show
FN:946,movie_not_found
FN:954,add_new_show
FN:962,free_slots
FN:970,hall
FN:978,load_free_slots
FN:986,search_movies
FN:994,search
FN:1002,no_movies_found
FN:1010,year
FN:1018,select
FN:1026,title
FN:1034,director
FN:1042,runtime
FN:1050,genres
FN:1058,loading
FN:1066,error_fetching_movie_details
FN:1074,error_processing_results
FN:1082,system_logs
FN:1090,id
FN:1098,level
FN:1106,message
FN:1114,metadata
FN:1122,timestamp
FN:1130,not_available
FN:1138,plan_screening_time
FN:1146,cinema
FN:1154,select_hall
FN:1162,film_duration_minutes
FN:1170,search_available_time_windows
FN:1178,available_time_windows
FN:1186,choose_start_time
FN:1194,available_time_range
FN:1202,required_time
FN:1210,film
FN:1218,cleaning
FN:1226,advertisement
FN:1234,start_time_hhmm
FN:1242,screening_time
FN:1250,start
FN:1258,end
FN:1266,total_duration
FN:1274,chosen_time_not_fit
FN:1282,save_screening
FN:1290,name
FN:1298,address
FN:1306,search_address
FN:1314,opening_time
FN:1322,closing_time
FN:1330,selected_address
FN:1338,create
FN:1346,cinema_management
FN:1354,new_cinema
FN:1362,opens_at
FN:1370,closes_at
FN:1378,actions
FN:1386,dashboard
FN:1394,pricing_sets
FN:1402,cinemas
FN:1410,halls
FN:1418,cinema_admin
FN:1426,subscription_success
FN:1434,subscription_error
FN:1442,connection_error
FN:1450,search_placeholder
FN:1458,no_time
FN:1466,movie_poster
FN:1474,trailer
FN:1482,fsk_0
FN:1490,fsk_6
FN:1498,fsk_12
FN:1506,fsk_16
FN:1514,fsk_18
FN:1522,default_user
FN:1530,welcome
FN:1538,user_id
FN:1546,reservations
FN:1554,visits
FN:1562,search_results_for
FN:1570,sort_by
FN:1578,age_rating
FN:1586,no_films_found
FN:1594,release_date
FN:1602,show_details
FN:1610,price_per_ticket
FN:1618,to_booking
FN:1626,page_not_found
FN:1634,error_occurred
FN:1642,page_not_found_message
FN:1650,general_error_message
FN:1658,go_back
FN:1666,to_homepage
FN:1674,persistent_problem_message
FN:1682,contact_us
FN:1690,please
FN:1698,trailer_title
FN:1706,book_new_ticket
FN:1714,return_to_home
FN:1722,discount_code_created
FN:1730,book_here
FNF:215
FNH:2
FNDA:0,hello_world
FNDA:0,goodbye
FNDA:0,copy_right
FNDA:0,program
FNDA:0,tickets
FNDA:0,about
FNDA:0,follow_us
FNDA:0,quick_links
FNDA:0,home
FNDA:0,legal
FNDA:0,imprint
FNDA:0,privacy_policy
FNDA:0,terms_of_service
FNDA:0,stay_in_touch
FNDA:0,newsletter_text
FNDA:0,subscribe
FNDA:0,your_email
FNDA:0,about_us_text
FNDA:0,logout
FNDA:0,login
FNDA:0,settings
FNDA:0,switch_language
FNDA:0,login_to_account
FNDA:0,email_address
FNDA:0,enter_email
FNDA:0,password
FNDA:0,enter_password
FNDA:0,forgot_password
FNDA:0,or
FNDA:0,login_with_google
FNDA:0,login_with_github
FNDA:0,no_account
FNDA:0,sign_up
FNDA:0,register_new
FNDA:0,password_confirm
FNDA:0,enter_password_confirm
FNDA:0,already_account
FNDA:0,admin_tools
FNDA:0,movies
FNDA:0,shows
FNDA:0,directed_by
FNDA:0,released_in
FNDA:0,validate_tickets
FNDA:0,save
FNDA:0,cancel
FNDA:0,edit
FNDA:0,back
FNDA:0,delete_something
FNDA:7,internal_server_error
FNDA:0,show_for_movie
FNDA:0,cancelled
FNDA:0,cancel_show
FNDA:0,new_show
FNDA:0,date
FNDA:0,start_time
FNDA:0,end_time
FNDA:0,price_set
FNDA:0,uncancel
FNDA:0,reschedule
FNDA:0,reschedule_show
FNDA:0,show_not_found
FNDA:1,missing_inputs
FNDA:0,slot_not_available
FNDA:0,show_rescheduled
FNDA:0,price_set_management
FNDA:0,seat_category_management
FNDA:0,ticket_type_management
FNDA:0,create_new_price_set
FNDA:0,cancel_price_set
FNDA:0,new_price_set
FNDA:0,name_of_price_set
FNDA:0,price_factor
FNDA:0,choose_seat_categories
FNDA:0,choose_ticket_types
FNDA:0,seat_categories
FNDA:0,ticket_types
FNDA:0,for_base_prices
FNDA:0,including_base_prices
FNDA:0,including_price_factors
FNDA:0,error_creating_price_set
FNDA:0,error_deleting_price_set
FNDA:0,error_updating_price_set
FNDA:0,seat_categories_management
FNDA:0,back_arrow
FNDA:0,cancel_with_arrow
FNDA:0,create_new_seat_category
FNDA:0,new_seat_category
FNDA:0,seat_category_name
FNDA:0,price
FNDA:0,seat_category_price
FNDA:0,description
FNDA:0,seat_category_description
FNDA:0,emoji
FNDA:0,cannot_remove_seat_category
FNDA:0,ticket_types_management
FNDA:0,manage_price_sets
FNDA:0,create_new_ticket_type
FNDA:0,new_ticket_type
FNDA:0,ticket_type_name
FNDA:0,factor
FNDA:0,ticket_type_factor
FNDA:0,ticket_type_description
FNDA:0,refund_options_for_cancelled_shows
FNDA:0,no_refundable_shows
FNDA:0,apology_and_instructions
FNDA:0,time
FNDA:0,o_clock
FNDA:0,booked_seats
FNDA:0,refund_amount
FNDA:0,collect_refund
FNDA:0,movie_management
FNDA:0,new_movie
FNDA:0,edit_movie
FNDA:0,movie_details
FNDA:0,genre
FNDA:0,add_show
[...]
DA:69,1
DA:70,1
DA:71,1
DA:72,1
DA:73,1
DA:74,1
DA:75,1
DA:76,1
DA:78,1
DA:79,1
DA:80,1
DA:81,1
DA:82,1
DA:83,1
DA:84,0
DA:85,0
DA:86,0
DA:87,1
DA:89,1
DA:90,1
DA:92,1
DA:95,1
DA:96,1
DA:97,1
DA:99,1
DA:100,0
DA:101,0
DA:103,1
DA:104,1
DA:105,1
DA:106,1
DA:107,1
DA:108,1
DA:109,0
DA:110,0
DA:111,0
DA:112,1
DA:113,1
DA:114,1
DA:116,1
DA:117,1
DA:118,1
DA:119,0
DA:120,0
DA:121,0
DA:122,1
DA:123,1
DA:124,1
DA:125,1
DA:127,1
DA:128,1
DA:129,0
DA:130,0
DA:132,1
DA:133,1
DA:134,1
DA:135,1
DA:136,0
DA:137,0
DA:138,0
DA:139,1
DA:140,1
DA:141,1
DA:142,1
DA:143,1
DA:144,1
DA:145,1
DA:146,1
DA:148,1
DA:149,0
DA:150,0
DA:151,1
DA:153,1
DA:154,0
DA:155,0
DA:156,0
DA:157,0
DA:158,0
DA:159,0
DA:160,0
DA:161,0
DA:162,0
DA:163,1
DA:164,1
DA:165,1
DA:166,1
DA:167,0
DA:168,0
DA:169,0
DA:170,1
DA:171,1
DA:172,1
DA:173,0
DA:174,0
DA:175,0
DA:176,0
DA:177,0
DA:178,0
DA:179,0
DA:181,0
DA:182,0
DA:183,0
DA:184,0
DA:185,0
DA:186,0
DA:187,0
DA:188,0
DA:189,0
DA:190,0
DA:191,0
DA:192,0
DA:193,0
DA:194,0
DA:195,0
DA:196,0
DA:197,0
DA:198,0
DA:199,0
DA:200,0
DA:201,0
DA:202,0
DA:203,0
DA:204,0
DA:205,0
DA:206,0
DA:207,0
DA:208,0
DA:209,0
DA:210,0
DA:211,0
DA:212,0
DA:214,0
DA:215,0
DA:216,0
DA:217,0
DA:218,0
DA:219,0
DA:220,0
DA:221,0
DA:223,0
DA:224,0
DA:225,0
DA:226,0
DA:227,0
DA:228,0
DA:229,0
DA:230,1
LF:193
LH:98
BRDA:20,0,0,3
BRDA:21,1,0,0
BRDA:24,2,0,1
BRDA:35,3,0,0
BRDA:57,4,0,1
BRDA:83,5,0,0
BRDA:90,6,0,1
BRDA:99,7,0,0
BRDA:108,8,0,0
BRDA:113,9,0,1
BRDA:118,10,0,0
BRDA:124,11,0,1
BRDA:128,12,0,0
BRDA:135,13,0,0
BRDA:140,14,0,1
BRDA:148,15,0,0
BRDA:153,16,0,0
BRDA:166,17,0,0
BRF:18
BRH:7
end_of_record
TN:
SF:src/routes/admin/show/[id]/showDetail.test.ts
FNF:0
FNH:0
DA:1,1
DA:42,1
DA:43,1
DA:44,1
DA:45,1
DA:46,1
DA:47,1
DA:48,1
DA:49,1
DA:50,1
DA:51,1
DA:52,1
DA:53,1
DA:54,1
DA:55,1
DA:56,1
DA:57,1
DA:58,1
DA:60,1
DA:61,1
DA:62,1
DA:63,1
DA:64,1
DA:65,1
DA:66,1
DA:67,1
DA:68,1
DA:70,1
DA:71,1
DA:72,1
DA:74,1
DA:76,1
DA:77,1
DA:78,1
DA:80,1
DA:81,1
DA:82,1
DA:83,1
DA:84,1
DA:85,1
DA:86,1
DA:87,1
DA:88,1
DA:89,1
DA:90,1
DA:92,1
DA:93,1
DA:94,1
DA:95,1
DA:96,1
DA:98,1
DA:100,1
DA:101,1
DA:102,1
DA:103,1
DA:104,1
DA:105,1
DA:106,1
DA:107,1
DA:108,1
DA:110,1
DA:111,1
DA:112,1
DA:113,1
DA:114,1
DA:115,1
DA:117,1
DA:118,1
DA:119,1
DA:121,1
DA:123,1
DA:124,1
DA:125,1
DA:126,1
DA:127,1
DA:129,1
DA:130,1
DA:131,1
DA:132,1
DA:133,1
DA:135,1
DA:136,1
DA:137,1
DA:138,1
DA:139,1
DA:141,1
DA:143,1
DA:144,1
DA:145,1
DA:146,1
DA:148,1
DA:149,1
DA:150,1
DA:151,1
DA:152,1
DA:153,1
DA:154,1
DA:155,1
DA:156,1
DA:157,1
DA:158,1
DA:160,1
DA:161,1
DA:162,1
DA:163,1
DA:164,1
DA:166,1
DA:168,1
DA:169,1
DA:170,1
DA:171,1
DA:235,1
LF:112
LH:112
BRDA:42,0,0,1
BRDA:43,1,0,1
BRDA:80,2,0,1
BRDA:81,3,0,1
BRDA:82,4,0,1
BRDA:110,5,0,1
BRDA:111,6,0,1
BRDA:129,7,0,1
BRDA:130,8,0,1
BRDA:148,9,0,1
BRDA:149,10,0,1
BRF:11
BRH:11
end_of_record
TN:
SF:src/routes/admin/show/create/[id]/+page.server.ts
FN:1,(empty-report)
FNF:1
FNH:0
FNDA:0,(empty-report)
DA:1,0
DA:25,0
DA:26,0
DA:27,0
DA:28,0
DA:29,0
DA:30,0
DA:32,0
DA:33,0
DA:34,0
DA:35,0
DA:36,0
DA:37,0
DA:38,0
DA:39,0
DA:40,0
DA:41,0
DA:43,0
DA:44,0
DA:45,0
DA:46,0
DA:47,0
DA:48,0
DA:49,0
DA:50,0
DA:51,0
DA:52,0
DA:53,0
DA:55,0
DA:56,0
DA:57,0
DA:58,0
DA:59,0
DA:60,0
DA:61,0
DA:62,0
DA:64,0
DA:65,0
DA:66,0
DA:67,0
DA:68,0
DA:69,0
DA:71,0
DA:72,0
DA:73,0
DA:74,0
DA:75,0
DA:77,0
DA:78,0
DA:79,0
DA:81,0
DA:82,0
DA:83,0
DA:84,0
DA:85,0
DA:87,0
DA:88,0
DA:89,0
DA:90,0
DA:91,0
DA:92,0
DA:93,0
DA:94,0
DA:95,0
DA:96,0
DA:97,0
DA:99,0
DA:100,0
DA:101,0
DA:102,0
DA:103,0
DA:104,0
DA:105,0
DA:106,0
DA:107,0
DA:108,0
DA:109,0
DA:110,0
DA:111,0
DA:112,0
DA:113,0
DA:114,0
DA:115,0
DA:117,0
DA:118,0
DA:119,0
DA:120,0
DA:121,0
DA:122,0
DA:123,0
DA:124,0
DA:125,0
DA:126,0
DA:127,0
DA:128,0
DA:129,0
DA:130,0
DA:131,0
DA:132,0
DA:133,0
DA:134,0
DA:136,0
DA:137,0
DA:138,0
DA:139,0
DA:140,0
DA:141,0
DA:142,0
DA:143,0
DA:144,0
DA:145,0
DA:146,0
DA:147,0
DA:148,0
DA:149,0
DA:150,0
DA:151,0
DA:152,0
DA:154,0
DA:155,0
DA:157,0
DA:158,0
DA:159,0
DA:160,0
DA:161,0
DA:162,0
DA:163,0
DA:164,0
DA:165,0
DA:166,0
DA:167,0
DA:168,0
DA:170,0
DA:171,0
DA:172,0
DA:174,0
DA:175,0
DA:176,0
DA:177,0
DA:178,0
DA:179,0
DA:180,0
DA:181,0
DA:182,0
DA:184,0
DA:185,0
DA:186,0
DA:187,0
DA:188,0
DA:189,0
DA:190,0
DA:191,0
DA:193,0
DA:194,0
DA:196,0
DA:197,0
DA:198,0
DA:199,0
DA:200,0
DA:201,0
DA:202,0
DA:203,0
DA:205,0
DA:206,0
DA:207,0
DA:209,0
DA:210,0
DA:211,0
DA:213,0
DA:214,0
DA:216,0
DA:217,0
DA:218,0
DA:221,0
DA:222,0
DA:223,0
DA:225,0
DA:226,0
LF:178
LH:0
BRDA:1,0,0,0
BRF:1
BRH:0
end_of_record
TN:
SF:src/routes/admin/ticket-type/+page.server.ts
FN:9,load
FN:24,createTicketType
FN:46,deleteTicketType
FN:57,updateTicketType
FNF:4
FNH:4
FNDA:2,load
FNDA:2,createTicketType
FNDA:2,deleteTicketType
FNDA:3,updateTicketType
DA:1,1
DA:7,1
DA:9,1
DA:10,2
DA:11,2
DA:12,2
DA:13,2
DA:14,1
DA:15,1
DA:16,1
DA:17,1
DA:18,1
DA:19,1
DA:20,1
DA:21,1
DA:22,2
DA:23,1
DA:24,1
DA:26,2
DA:28,2
DA:29,2
DA:30,2
DA:32,2
DA:33,2
DA:34,2
DA:35,2
DA:36,2
DA:39,2
DA:40,2
DA:42,1
DA:43,1
DA:44,1
DA:45,2
DA:46,1
DA:48,2
DA:49,2
DA:51,2
DA:52,2
DA:53,1
DA:54,1
DA:55,1
DA:56,2
DA:57,1
DA:58,3
DA:60,3
DA:61,3
DA:62,3
DA:63,3
DA:66,3
DA:67,1
DA:68,1
DA:70,2
DA:71,2
DA:72,2
DA:73,2
DA:74,2
DA:75,1
DA:76,1
DA:77,1
DA:78,3
DA:79,1
LF:61
LH:61
BRDA:9,0,0,2
BRDA:13,1,0,1
BRDA:24,2,0,2
BRDA:40,3,0,1
BRDA:46,4,0,2
BRDA:52,5,0,1
BRDA:57,6,0,3
BRDA:66,7,0,2
BRDA:66,8,0,1
BRDA:68,9,0,2
BRDA:74,10,0,1
BRF:11
BRH:11
end_of_record
TN:
SF:src/routes/admin/ticket-type/ticketType.test.ts
FN:84,formData
FN:140,formData
FNF:2
FNH:2
FNDA:6,formData
FNDA:1,formData
DA:1,1
DA:48,1
DA:49,1
DA:50,9
DA:51,1
DA:53,1
DA:54,1
DA:55,1
DA:57,1
DA:58,1
DA:59,1
DA:60,1
DA:61,1
DA:63,1
DA:64,1
DA:65,1
DA:66,1
DA:68,1
DA:69,1
DA:70,1
DA:71,1
DA:72,1
DA:73,1
DA:74,1
DA:76,1
DA:77,1
DA:78,1
DA:79,1
DA:80,1
DA:81,1
DA:83,1
DA:84,1
DA:85,1
DA:87,1
DA:88,1
DA:89,1
DA:91,1
DA:92,1
DA:93,1
DA:95,1
DA:96,1
DA:97,1
DA:98,1
DA:100,1
DA:101,1
DA:102,1
DA:103,1
DA:104,1
DA:105,1
DA:106,1
DA:108,1
DA:109,1
DA:110,1
DA:112,1
DA:113,1
DA:114,1
DA:116,1
DA:117,1
DA:118,1
DA:119,1
DA:121,1
DA:122,1
DA:123,1
DA:124,1
DA:125,1
DA:126,1
DA:127,1
DA:129,1
DA:130,1
DA:131,1
DA:133,1
DA:134,1
DA:135,1
DA:137,1
DA:138,1
DA:139,1
DA:140,1
DA:141,1
DA:143,1
DA:144,1
DA:145,1
DA:146,1
DA:147,1
DA:148,1
DA:150,1
DA:151,1
DA:152,1
DA:153,1
DA:155,1
DA:156,1
DA:157,1
DA:158,1
DA:159,1
DA:160,1
DA:161,1
DA:162,1
DA:163,1
LF:97
LH:97
BRDA:48,0,0,1
BRDA:49,1,0,9
BRDA:53,2,0,1
BRDA:54,3,0,1
BRDA:63,4,0,1
BRDA:64,5,0,1
BRDA:76,6,0,1
BRDA:84,7,0,6
BRDA:87,8,0,1
BRDA:88,9,0,1
BRDA:95,10,0,1
BRDA:96,11,0,1
BRDA:108,12,0,1
BRDA:109,13,0,1
BRDA:116,14,0,1
BRDA:117,15,0,1
BRDA:129,16,0,1
BRDA:130,17,0,1
BRDA:137,18,0,1
BRDA:140,19,0,1
BRDA:150,20,0,1
BRDA:151,21,0,1
BRF:22
BRH:22
end_of_record
TN:
SF:src/routes/api/subscribe/+server.ts
FN:1,(empty-report)
FNF:1
FNH:0
FNDA:0,(empty-report)
DA:1,0
DA:6,0
DA:7,0
DA:8,0
DA:10,0
DA:11,0
DA:12,0
DA:15,0
DA:17,0
DA:19,0
DA:20,0
DA:21,0
DA:22,0
DA:23,0
DA:24,0
DA:25,0
DA:26,0
DA:27,0
LF:18
LH:0
BRDA:1,0,0,0
BRF:1
BRH:0
end_of_record
TN:
SF:src/routes/booking/[id]/+page.server.ts
FN:1,(empty-report)
FNF:1
FNH:0
FNDA:0,(empty-report)
DA:1,0
DA:17,0
DA:19,0
DA:20,0
DA:21,0
DA:22,0
DA:25,0
DA:59,0
DA:69,0
DA:70,0
DA:72,0
DA:73,0
DA:76,0
DA:77,0
DA:80,0
DA:83,0
DA:86,0
DA:87,0
DA:88,0
DA:91,0
DA:92,0
DA:95,0
DA:96,0
DA:97,0
DA:98,0
DA:101,0
DA:102,0
DA:103,0
DA:104,0
DA:107,0
DA:108,0
DA:109,0
DA:110,0
DA:111,0
DA:112,0
DA:113,0
DA:114,0
DA:115,0
DA:116,0
DA:117,0
DA:118,0
DA:119,0
DA:120,0
DA:122,0
DA:124,0
DA:125,0
DA:126,0
DA:127,0
DA:128,0
DA:129,0
DA:130,0
DA:131,0
LF:52
LH:0
BRDA:1,0,0,0
BRF:1
BRH:0
end_of_record
TN:
SF:src/routes/cart/+page.server.ts
FN:1,(empty-report)
FNF:1
FNH:0
FNDA:0,(empty-report)
DA:1,0
DA:30,0
DA:31,0
DA:37,0
DA:38,0
DA:39,0
DA:40,0
DA:41,0
DA:42,0
DA:44,0
DA:45,0
DA:46,0
DA:47,0
DA:48,0
DA:49,0
DA:50,0
DA:51,0
DA:52,0
DA:54,0
DA:55,0
DA:56,0
DA:57,0
DA:58,0
DA:59,0
DA:60,0
DA:61,0
DA:62,0
DA:63,0
DA:64,0
DA:65,0
DA:66,0
DA:67,0
DA:68,0
DA:69,0
DA:70,0
DA:71,0
DA:72,0
DA:73,0
DA:74,0
DA:75,0
DA:76,0
DA:77,0
DA:78,0
DA:79,0
DA:80,0
DA:81,0
DA:82,0
DA:84,0
DA:85,0
DA:86,0
DA:87,0
DA:88,0
DA:89,0
DA:90,0
DA:91,0
DA:92,0
DA:93,0
DA:94,0
DA:95,0
DA:96,0
DA:97,0
DA:98,0
DA:99,0
DA:100,0
DA:102,0
DA:103,0
DA:104,0
DA:105,0
DA:106,0
DA:107,0
DA:108,0
DA:109,0
DA:110,0
DA:111,0
DA:112,0
DA:113,0
DA:114,0
DA:115,0
DA:116,0
DA:117,0
DA:118,0
DA:119,0
DA:120,0
DA:121,0
DA:122,0
DA:123,0
DA:124,0
DA:125,0
DA:126,0
DA:127,0
DA:128,0
DA:129,0
DA:130,0
DA:132,0
DA:133,0
DA:134,0
DA:135,0
DA:137,0
DA:138,0
DA:139,0
DA:140,0
DA:141,0
DA:142,0
DA:143,0
DA:144,0
DA:145,0
DA:146,0
DA:148,0
DA:149,0
DA:150,0
DA:153,0
DA:154,0
DA:155,0
DA:156,0
DA:157,0
DA:158,0
DA:159,0
DA:160,0
DA:161,0
DA:164,0
DA:166,0
DA:167,0
DA:168,0
DA:169,0
DA:170,0
DA:171,0
DA:172,0
DA:173,0
DA:174,0
DA:175,0
DA:176,0
DA:177,0
DA:178,0
DA:180,0
DA:181,0
DA:182,0
DA:183,0
DA:184,0
DA:185,0
DA:186,0
DA:187,0
DA:188,0
DA:189,0
DA:190,0
LF:144
LH:0
BRDA:1,0,0,0
BRF:1
BRH:0
end_of_record
TN:
SF:src/routes/cart/stripe/+page.server.ts
FN:1,(empty-report)
FNF:1
FNH:0
FNDA:0,(empty-report)
DA:1,0
DA:10,0
DA:11,0
DA:13,0
DA:15,0
DA:16,0
DA:17,0
DA:19,0
DA:20,0
DA:21,0
DA:22,0
LF:11
LH:0
BRDA:1,0,0,0
BRF:1
BRH:0
end_of_record
TN:
SF:src/routes/cart/stripe/payment-intent/+server.ts
FN:1,(empty-report)
FNF:1
FNH:0
FNDA:0,(empty-report)
DA:1,0
DA:4,0
DA:6,0
DA:8,0
DA:9,0
DA:10,0
DA:11,0
DA:12,0
DA:13,0
DA:14,0
DA:16,0
DA:18,0
DA:19,0
DA:20,0
DA:21,0
LF:15
LH:0
BRDA:1,0,0,0
BRF:1
BRH:0
end_of_record
TN:
SF:src/routes/film/[id]/+page.server.ts
FN:6,load
FNF:1
FNH:1
FNDA:3,load
DA:1,1
DA:6,1
DA:7,3
DA:8,3
DA:9,3
DA:10,3
DA:11,3
DA:12,3
DA:13,1
DA:14,1
DA:15,1
DA:16,1
DA:17,1
DA:19,1
DA:20,1
DA:21,1
DA:22,1
DA:23,3
DA:24,2
DA:25,2
DA:26,2
DA:27,3
LF:22
LH:22
BRDA:6,0,0,3
BRDA:7,1,0,0
BRDA:12,2,0,1
BRDA:23,3,0,2
BRF:4
BRH:3
end_of_record
TN:
SF:src/routes/film/[id]/film.test.ts
FNF:0
FNH:0
DA:1,1
DA:18,1
DA:19,1
DA:20,3
DA:21,1
DA:23,1
DA:24,1
DA:25,1
DA:26,1
DA:27,1
DA:28,1
DA:29,1
DA:30,1
DA:31,1
DA:32,1
DA:33,1
DA:34,1
DA:35,1
DA:36,1
DA:37,1
DA:38,1
DA:39,1
DA:40,1
DA:41,1
DA:42,1
DA:43,1
DA:44,1
DA:45,1
DA:46,1
DA:47,1
DA:48,1
DA:49,1
DA:50,1
DA:52,1
DA:53,1
DA:54,1
DA:56,1
DA:57,2
DA:58,2
DA:59,2
DA:60,2
DA:61,1
DA:63,1
DA:65,1
DA:66,1
DA:67,1
DA:68,1
DA:70,1
DA:71,1
DA:72,1
DA:73,1
DA:75,1
DA:76,1
DA:77,2
DA:78,2
DA:79,2
DA:80,1
DA:82,1
DA:84,1
DA:85,1
DA:87,1
DA:88,1
DA:90,1
DA:91,1
DA:92,1
LF:65
LH:65
BRDA:18,0,0,1
BRDA:19,1,0,3
BRDA:23,2,0,1
BRDA:56,3,0,2
BRDA:57,4,0,2
BRDA:58,5,0,1
BRDA:58,6,0,1
BRDA:75,7,0,1
BRDA:76,8,0,2
BRDA:77,9,0,2
BRDA:87,10,0,1
BRF:11
BRH:11
end_of_record
TN:
SF:src/routes/login/+page.server.ts
FN:1,(empty-report)
FNF:1
FNH:0
FNDA:0,(empty-report)
DA:1,0
DA:11,0
DA:12,0
DA:13,0
DA:14,0
DA:15,0
DA:16,0
DA:18,0
DA:19,0
DA:20,0
DA:21,0
DA:22,0
DA:24,0
DA:25,0
DA:26,0
DA:27,0
DA:28,0
DA:29,0
DA:31,0
DA:33,0
DA:34,0
DA:35,0
DA:36,0
DA:38,0
DA:39,0
DA:40,0
DA:41,0
DA:42,0
DA:43,0
DA:44,0
DA:45,0
DA:46,0
DA:47,0
DA:48,0
DA:49,0
DA:50,0
DA:51,0
DA:53,0
DA:54,0
DA:55,0
DA:57,0
DA:58,0
DA:59,0
LF:43
LH:0
BRDA:1,0,0,0
BRF:1
BRH:0
end_of_record
TN:
SF:src/routes/login/github/+server.ts
FN:1,(empty-report)
FNF:1
FNH:0
FNDA:0,(empty-report)
DA:1,0
DA:6,0
DA:7,0
DA:8,0
DA:10,0
DA:11,0
DA:12,0
DA:13,0
DA:14,0
DA:15,0
DA:17,0
DA:18,0
DA:19,0
DA:20,0
DA:21,0
DA:22,0
DA:23,0
LF:17
LH:0
BRDA:1,0,0,0
BRF:1
BRH:0
end_of_record
TN:
SF:src/routes/login/github/callback/+server.ts
FN:1,(empty-report)
FNF:1
FNH:0
FNDA:0,(empty-report)
DA:1,0
DA:14,0
DA:15,0
DA:16,0
DA:17,0
DA:18,0
DA:19,0
DA:20,0
DA:21,0
DA:22,0
DA:23,0
DA:24,0
DA:25,0
DA:26,0
DA:27,0
DA:29,0
DA:30,0
DA:31,0
DA:32,0
DA:34,0
DA:35,0
DA:36,0
DA:37,0
DA:38,0
DA:39,0
DA:40,0
DA:41,0
DA:42,0
DA:43,0
DA:44,0
DA:47,0
DA:48,0
DA:49,0
DA:51,0
DA:52,0
DA:53,0
DA:54,0
DA:55,0
DA:56,0
DA:57,0
DA:58,0
DA:59,0
DA:60,0
DA:61,0
DA:63,0
DA:64,0
DA:65,0
DA:66,0
DA:67,0
DA:69,0
DA:71,0
DA:72,0
DA:74,0
DA:75,0
DA:76,0
DA:78,0
DA:79,0
DA:80,0
DA:81,0
DA:82,0
DA:83,0
DA:84,0
LF:62
LH:0
BRDA:1,0,0,0
BRF:1
BRH:0
end_of_record
TN:
SF:src/routes/login/google/+server.ts
FN:1,(empty-report)
FNF:1
FNH:0
FNDA:0,(empty-report)
DA:1,0
DA:6,0
DA:7,0
DA:8,0
DA:9,0
DA:11,0
DA:12,0
DA:13,0
DA:14,0
DA:15,0
DA:16,0
DA:17,0
DA:18,0
DA:19,0
DA:20,0
DA:21,0
DA:22,0
DA:24,0
DA:25,0
DA:26,0
DA:27,0
DA:28,0
DA:29,0
DA:30,0
LF:24
LH:0
BRDA:1,0,0,0
BRF:1
BRH:0
end_of_record
TN:
SF:src/routes/login/google/callback/+server.ts
FN:1,(empty-report)
FNF:1
FNH:0
FNDA:0,(empty-report)
DA:1,0
DA:17,0
DA:18,0
DA:19,0
DA:20,0
DA:21,0
DA:23,0
DA:24,0
DA:25,0
DA:26,0
DA:27,0
DA:28,0
DA:29,0
DA:30,0
DA:31,0
DA:32,0
DA:34,0
DA:35,0
DA:36,0
DA:37,0
DA:38,0
DA:39,0
DA:40,0
DA:41,0
DA:43,0
DA:44,0
DA:46,0
DA:49,0
DA:50,0
DA:51,0
DA:53,0
DA:54,0
DA:55,0
DA:57,0
DA:58,0
DA:59,0
DA:60,0
DA:61,0
DA:62,0
DA:63,0
DA:64,0
DA:65,0
DA:66,0
DA:67,0
DA:69,0
DA:70,0
DA:71,0
DA:72,0
DA:73,0
DA:74,0
DA:75,0
DA:76,0
DA:77,0
DA:79,0
DA:80,0
DA:81,0
DA:82,0
DA:83,0
DA:84,0
DA:85,0
DA:86,0
DA:87,0
DA:88,0
LF:63
LH:0
BRDA:1,0,0,0
BRF:1
BRH:0
end_of_record
TN:
SF:src/routes/profile/+page.server.ts
FN:6,load
FN:20,logout
FNF:2
FNH:2
FNDA:2,load
FNDA:3,logout
DA:1,1
DA:6,1
DA:8,2
DA:9,1
DA:10,1
DA:11,1
DA:14,1
DA:15,1
DA:16,1
DA:17,1
DA:19,1
DA:20,1
DA:22,3
DA:23,1
DA:24,1
DA:26,2
DA:28,2
DA:29,1
DA:30,1
DA:31,1
DA:32,1
DA:33,1
DA:36,1
DA:37,3
DA:38,1
LF:25
LH:25
BRDA:6,0,0,2
BRDA:8,1,0,1
BRDA:20,2,0,3
BRDA:22,3,0,1
BRDA:24,4,0,2
BRDA:28,5,0,1
BRF:6
BRH:6
end_of_record
TN:
SF:src/routes/profile/profile.test.ts
FN:26,createMockEvent
FNF:1
FNH:1
FNDA:5,createMockEvent
DA:1,1
DA:26,5
DA:27,5
DA:28,5
DA:29,5
DA:30,5
DA:31,5
DA:32,5
DA:33,5
DA:34,5
DA:35,5
DA:36,5
DA:37,5
DA:38,5
DA:39,5
DA:40,5
DA:41,5
DA:42,5
DA:43,5
DA:44,5
DA:45,5
DA:46,5
DA:47,5
DA:48,5
DA:49,5
DA:50,5
DA:51,5
DA:52,5
DA:53,5
DA:54,5
DA:55,5
DA:56,5
DA:57,5
DA:59,1
DA:60,1
DA:61,1
DA:62,1
DA:64,1
DA:65,1
DA:66,1
DA:67,1
DA:69,1
DA:70,1
DA:71,1
DA:73,1
DA:74,1
DA:75,1
DA:76,1
DA:78,1
DA:79,1
DA:80,3
DA:81,1
DA:83,1
DA:84,1
DA:86,1
DA:87,1
DA:88,1
DA:89,1
DA:91,1
DA:92,1
DA:93,1
DA:94,1
DA:95,1
DA:96,1
DA:97,1
DA:99,1
DA:100,1
DA:101,1
DA:102,1
DA:103,1
DA:105,1
DA:106,1
DA:107,1
DA:108,1
DA:109,1
DA:110,1
DA:111,1
DA:113,1
DA:115,1
DA:116,1
DA:118,1
DA:119,1
DA:120,1
DA:121,1
LF:84
LH:84
BRDA:26,0,0,5
BRDA:59,1,0,1
BRDA:60,2,0,1
BRDA:61,3,0,1
BRDA:69,4,0,1
BRDA:78,5,0,1
BRDA:79,6,0,3
BRDA:83,7,0,1
BRDA:91,8,0,1
BRDA:105,9,0,1
BRF:10
BRH:10
end_of_record
TN:
SF:src/routes/refund/+page.server.ts
FN:1,(empty-report)
FNF:1
FNH:0
FNDA:0,(empty-report)
DA:1,0
DA:9,0
DA:11,0
DA:12,0
DA:14,0
DA:15,0
DA:16,0
DA:18,0
DA:19,0
DA:20,0
DA:21,0
DA:22,0
DA:23,0
DA:24,0
DA:25,0
DA:26,0
DA:27,0
DA:28,0
DA:29,0
DA:30,0
DA:31,0
DA:32,0
DA:33,0
DA:34,0
DA:35,0
DA:36,0
DA:37,0
DA:38,0
DA:39,0
DA:42,0
DA:43,0
DA:44,0
DA:45,0
DA:46,0
DA:47,0
DA:50,0
DA:51,0
DA:53,0
DA:55,0
DA:56,0
DA:57,0
DA:58,0
DA:59,0
DA:60,0
DA:61,0
DA:62,0
DA:63,0
DA:64,0
DA:65,0
DA:66,0
DA:67,0
DA:69,0
DA:70,0
DA:71,0
DA:72,0
DA:74,0
DA:75,0
DA:76,0
DA:77,0
DA:78,0
DA:79,0
DA:80,0
DA:81,0
DA:82,0
DA:83,0
DA:84,0
DA:85,0
DA:86,0
DA:87,0
DA:88,0
DA:89,0
DA:90,0
DA:93,0
DA:94,0
DA:95,0
DA:96,0
DA:97,0
DA:98,0
DA:99,0
DA:100,0
DA:101,0
DA:102,0
DA:104,0
DA:105,0
LF:84
LH:0
BRDA:1,0,0,0
BRF:1
BRH:0
end_of_record
TN:
SF:src/routes/register/+page.server.ts
FN:11,load
FN:16,register
FNF:2
FNH:2
FNDA:1,load
FNDA:4,register
DA:1,1
DA:11,1
DA:12,1
DA:13,1
DA:15,1
DA:16,1
DA:17,4
DA:18,4
DA:19,4
DA:21,4
DA:22,1
DA:23,1
DA:24,4
DA:25,1
DA:26,1
DA:28,2
DA:29,2
DA:31,2
DA:32,2
DA:33,2
DA:34,2
DA:35,2
DA:37,2
DA:38,2
DA:39,1
DA:40,1
DA:41,1
DA:42,1
DA:43,1
DA:44,1
DA:45,1
DA:46,4
DA:47,1
LF:33
LH:33
BRDA:11,0,0,1
BRDA:16,1,0,4
BRDA:21,2,0,1
BRDA:23,3,0,3
BRDA:24,4,0,1
BRDA:26,5,0,2
BRDA:38,6,0,1
BRF:7
BRH:7
end_of_record
TN:
SF:src/routes/register/register.test.ts
FN:48,createMockRequestEvent
FN:70,createMockServerLoadEvent
FN:79,parent
FNF:3
FNH:2
FNDA:4,createMockRequestEvent
FNDA:1,createMockServerLoadEvent
FNDA:0,parent
DA:1,1
DA:48,4
DA:49,4
DA:50,4
DA:51,4
DA:52,4
DA:53,4
DA:54,4
DA:55,4
DA:56,4
DA:57,4
DA:58,4
DA:59,4
DA:60,4
DA:61,4
DA:62,4
DA:63,4
DA:64,4
DA:65,4
DA:66,4
DA:67,4
DA:70,1
DA:71,1
DA:72,1
DA:73,1
DA:74,1
DA:75,1
DA:76,1
DA:77,1
DA:78,1
DA:79,1
DA:80,1
DA:81,1
DA:82,1
DA:83,1
DA:84,1
DA:85,1
DA:86,1
DA:87,1
DA:88,1
DA:89,1
DA:91,1
DA:92,1
DA:93,4
DA:94,1
DA:96,1
DA:97,1
DA:98,1
DA:99,1
DA:100,1
DA:102,1
DA:103,1
DA:104,1
DA:105,1
DA:106,1
DA:108,1
DA:109,1
DA:110,1
DA:112,1
DA:113,1
DA:114,1
DA:115,1
DA:116,1
DA:117,1
DA:118,1
DA:119,1
DA:120,1
DA:122,1
DA:123,1
DA:124,1
DA:125,1
DA:126,1
DA:127,1
DA:129,1
DA:130,1
DA:131,1
DA:132,1
DA:133,1
DA:134,1
DA:136,1
DA:137,1
DA:138,1
DA:139,1
DA:140,1
DA:141,1
DA:143,1
DA:145,1
DA:146,1
DA:147,1
DA:148,1
DA:150,1
DA:151,1
DA:152,1
DA:153,1
DA:154,1
DA:155,1
LF:96
LH:96
BRDA:48,0,0,4
BRDA:70,1,0,1
BRDA:91,2,0,1
BRDA:92,3,0,4
BRDA:96,4,0,1
BRDA:102,5,0,1
BRDA:108,6,0,1
BRDA:136,7,0,1
BRDA:150,8,0,1
BRDA:151,9,0,1
BRF:10
BRH:10
end_of_record
TN:
SF:src/routes/search/[searchTerm]/+page.server.ts
FN:1,(empty-report)
FNF:1
FNH:0
FNDA:0,(empty-report)
DA:1,0
DA:6,0
DA:7,0
DA:9,0
DA:10,0
DA:11,0
DA:12,0
DA:13,0
DA:14,0
DA:15,0
DA:16,0
DA:17,0
DA:18,0
DA:20,0
DA:21,0
DA:22,0
DA:23,0
DA:24,0
LF:18
LH:0
BRDA:1,0,0,0
BRF:1
BRH:0
end_of_record
TN:
SF:src/routes/show/[id]/+page.server.ts
FN:1,(empty-report)
FNF:1
FNH:0
FNDA:0,(empty-report)
DA:1,0
DA:27,0
DA:30,0
DA:31,0
DA:33,0
DA:34,0
DA:35,0
DA:36,0
DA:37,0
DA:39,0
DA:41,0
DA:44,0
DA:45,0
DA:46,0
DA:47,0
DA:48,0
DA:51,0
DA:53,0
DA:54,0
DA:55,0
DA:56,0
DA:57,0
DA:60,0
DA:61,0
DA:62,0
DA:63,0
DA:64,0
DA:65,0
DA:66,0
DA:67,0
DA:68,0
DA:71,0
DA:72,0
DA:73,0
DA:75,0
DA:76,0
DA:77,0
DA:78,0
DA:79,0
DA:80,0
DA:81,0
DA:82,0
DA:83,0
DA:84,0
DA:85,0
DA:86,0
DA:90,0
DA:91,0
DA:93,0
DA:94,0
DA:95,0
DA:96,0
DA:97,0
DA:100,0
DA:101,0
DA:102,0
DA:103,0
DA:105,0
DA:108,0
DA:109,0
DA:110,0
DA:112,0
DA:114,0
DA:115,0
DA:116,0
DA:117,0
DA:118,0
DA:119,0
DA:120,0
DA:122,0
DA:123,0
DA:126,0
DA:127,0
DA:130,0
DA:131,0
DA:132,0
DA:133,0
DA:134,0
DA:135,0
DA:136,0
DA:137,0
DA:138,0
DA:139,0
DA:140,0
DA:142,0
DA:143,0
DA:144,0
DA:145,0
DA:146,0
DA:147,0
DA:150,0
DA:151,0
DA:154,0
DA:155,0
DA:156,0
DA:159,0
DA:160,0
DA:161,0
DA:162,0
DA:163,0
DA:164,0
DA:165,0
DA:166,0
DA:169,0
DA:170,0
DA:171,0
DA:172,0
DA:173,0
DA:174,0
DA:175,0
DA:176,0
DA:179,0
DA:180,0
LF:113
LH:0
BRDA:1,0,0,0
BRF:1
BRH:0
end_of_record
TN:
SF:src/routes/tickets/+page.server.ts
FN:1,(empty-report)
FNF:1
FNH:0
FNDA:0,(empty-report)
DA:1,0
DA:16,0
DA:18,0
DA:19,0
DA:20,0
DA:23,0
DA:24,0
DA:25,0
DA:26,0
DA:27,0
DA:28,0
DA:29,0
DA:30,0
DA:31,0
DA:32,0
DA:33,0
DA:34,0
DA:35,0
DA:36,0
DA:37,0
DA:38,0
DA:39,0
DA:40,0
DA:41,0
DA:42,0
DA:43,0
DA:44,0
DA:45,0
DA:46,0
DA:47,0
DA:48,0
DA:49,0
DA:51,0
DA:52,0
DA:53,0
DA:54,0
DA:55,0
DA:56,0
DA:57,0
DA:59,0
DA:60,0
DA:61,0
DA:62,0
DA:63,0
DA:64,0
DA:66,0
DA:68,0
DA:69,0
DA:70,0
DA:71,0
DA:72,0
DA:73,0
DA:74,0
DA:75,0
DA:76,0
DA:77,0
DA:78,0
DA:79,0
LF:58
LH:0
BRDA:1,0,0,0
BRF:1
BRH:0
end_of_record
TN:
SF:src/routes/validation/+page.server.ts
FN:1,(empty-report)
FNF:1
FNH:0
FNDA:0,(empty-report)
DA:1,0
DA:9,0
DA:10,0
DA:11,0
DA:12,0
DA:13,0
DA:15,0
DA:16,0
DA:17,0
DA:18,0
DA:19,0
DA:22,0
DA:23,0
DA:24,0
DA:25,0
DA:26,0
DA:27,0
DA:28,0
DA:29,0
DA:30,0
DA:31,0
DA:32,0
DA:33,0
DA:34,0
DA:35,0
DA:36,0
DA:37,0
DA:38,0
DA:39,0
DA:40,0
DA:41,0
DA:42,0
DA:44,0
DA:45,0
DA:46,0
DA:47,0
DA:48,0
DA:49,0
DA:50,0
DA:51,0
DA:52,0
DA:53,0
DA:54,0
DA:55,0
DA:56,0
DA:65,0
DA:66,0
DA:67,0
DA:68,0
DA:69,0
DA:70,0
DA:71,0
DA:72,0
DA:73,0
DA:74,0
DA:75,0
DA:76,0
DA:77,0
DA:78,0
DA:79,0
DA:80,0
DA:81,0
DA:82,0
DA:83,0
DA:84,0
DA:85,0
DA:86,0
DA:87,0
DA:88,0
DA:89,0
DA:90,0
LF:71
LH:0
BRDA:1,0,0,0
BRF:1
BRH:0
end_of_record
TN:
SF:src/routes/validation/test/+page.server.ts
FN:1,(empty-report)
FNF:1
FNH:0
FNDA:0,(empty-report)
DA:1,0
DA:6,0
DA:7,0
DA:8,0
DA:9,0
DA:10,0
DA:13,0
DA:14,0
DA:15,0
DA:16,0
DA:17,0
DA:18,0
DA:19,0
DA:20,0
DA:22,0
DA:23,0
DA:24,0
DA:25,0
LF:18
LH:0
BRDA:1,0,0,0
BRF:1
BRH:0
end_of_record
