TN:
SF:src/lib/utils/dbLogger.ts
FN:11,logToDB
FNF:1
FNH:1
FNDA:36,logToDB
DA:1,1
DA:5,1
DA:6,1
DA:7,1
DA:8,1
DA:11,1
DA:12,36
DA:13,36
DA:14,36
DA:15,36
DA:16,36
DA:17,36
DA:18,36
DA:19,36
DA:20,36
DA:22,36
DA:23,36
DA:24,36
DA:26,36
DA:27,36
DA:28,36
DA:30,36
DA:32,36
DA:33,36
DA:34,36
DA:35,36
DA:36,36
DA:37,36
DA:38,34
DA:39,34
DA:40,36
LF:31
LH:31
BRDA:5,0,0,17
BRDA:11,1,0,36
BRDA:26,2,0,3
BRDA:26,3,0,1
BRDA:26,4,0,2
BRDA:27,5,0,3
BRDA:27,6,0,1
BRDA:27,7,0,2
BRDA:28,8,0,3
BRDA:28,9,0,0
BRDA:36,10,0,2
BRDA:37,11,0,34
BRF:12
BRH:11
end_of_record
TN:
SF:src/lib/utils/emailService.ts
FN:29,<instance_members_initializer>
FN:34,EmailService
FN:44,generatePDFTicket
FN:250,sendBookingConfirmation
FN:402,sendResetPasswordEmail
FN:428,sendCancelationConfirmation
FN:449,generateTicketEmail
FN:542,generateCancelationEmail
FN:587,generateICSFile
FN:635,sendDiscountCode
FN:664,sendWelcomeEmail
FN:692,sendNewsletter
FNF:12
FNH:8
FNDA:5,<instance_members_initializer>
FNDA:5,EmailService
FNDA:0,generatePDFTicket
FNDA:0,sendBookingConfirmation
FNDA:1,sendResetPasswordEmail
FNDA:1,sendCancelationConfirmation
FNDA:0,generateTicketEmail
FNDA:1,generateCancelationEmail
FNDA:0,generateICSFile
FNDA:1,sendDiscountCode
FNDA:1,sendWelcomeEmail
FNDA:1,sendNewsletter
DA:1,1
DA:29,1
DA:30,5
DA:31,5
DA:32,5
DA:34,5
DA:35,5
DA:36,5
DA:37,5
DA:38,5
DA:39,5
DA:40,5
DA:41,5
DA:42,5
DA:43,5
DA:44,5
DA:98,0
DA:99,0
DA:100,0
DA:101,0
DA:102,0
DA:103,0
DA:104,0
DA:105,0
DA:106,0
DA:107,0
DA:108,0
DA:109,0
DA:110,0
DA:111,0
DA:112,0
DA:114,0
DA:115,0
DA:116,0
DA:119,0
DA:122,0
DA:123,0
DA:124,0
DA:125,0
DA:126,0
DA:127,0
DA:128,0
DA:129,0
DA:130,0
DA:131,0
DA:132,0
DA:133,0
DA:134,0
DA:135,0
DA:138,0
DA:139,0
DA:140,0
DA:141,0
DA:142,0
DA:143,0
DA:146,0
DA:147,0
DA:148,0
DA:150,0
DA:151,0
DA:152,0
DA:153,0
DA:154,0
DA:155,0
DA:158,0
DA:159,0
DA:160,0
DA:161,0
DA:162,0
DA:164,0
DA:167,0
DA:168,0
DA:169,0
DA:170,0
DA:171,0
DA:172,0
DA:175,0
DA:176,0
DA:177,0
DA:178,0
DA:179,0
DA:180,0
DA:181,0
DA:182,0
DA:183,0
DA:186,0
DA:187,0
DA:188,0
DA:191,0
DA:192,0
DA:193,0
DA:195,0
DA:196,0
DA:198,0
DA:199,0
DA:200,0
DA:201,0
DA:202,0
DA:203,0
DA:204,0
DA:205,0
DA:206,0
DA:207,0
DA:208,0
DA:211,0
DA:212,0
DA:213,0
DA:214,0
DA:215,0
DA:216,0
DA:217,0
DA:218,0
DA:219,0
DA:220,0
DA:221,0
DA:224,0
DA:225,0
DA:226,0
DA:227,0
DA:228,0
DA:229,0
DA:230,0
DA:231,0
DA:232,0
DA:233,0
DA:234,0
DA:237,0
DA:238,0
DA:239,0
DA:240,0
DA:241,0
DA:242,0
DA:243,0
DA:244,0
DA:246,0
DA:247,0
DA:248,0
DA:250,5
DA:252,0
DA:253,0
DA:254,0
DA:255,0
DA:256,0
DA:258,0
DA:259,0
DA:260,0
DA:261,0
DA:262,0
DA:263,0
DA:264,0
DA:265,0
DA:266,0
DA:267,0
DA:269,0
DA:270,0
DA:271,0
DA:272,0
DA:273,0
DA:276,0
DA:278,0
DA:279,0
DA:280,0
DA:281,0
DA:282,0
DA:285,0
DA:286,0
DA:287,0
DA:288,0
DA:289,0
DA:290,0
DA:291,0
DA:292,0
DA:293,0
DA:294,0
DA:295,0
DA:296,0
DA:297,0
DA:300,0
DA:301,0
DA:304,0
DA:312,0
DA:313,0
DA:316,0
DA:317,0
DA:319,0
DA:320,0
DA:321,0
DA:323,0
DA:324,0
DA:325,0
DA:326,0
DA:327,0
DA:329,0
DA:330,0
DA:331,0
DA:332,0
DA:333,0
DA:335,0
DA:336,0
DA:337,0
DA:339,0
DA:346,0
DA:348,0
DA:349,0
DA:354,0
DA:355,0
DA:356,0
DA:357,0
DA:358,0
DA:359,0
DA:362,0
DA:363,0
DA:365,0
DA:366,0
DA:369,0
DA:370,0
DA:371,0
DA:372,0
DA:375,0
DA:376,0
DA:377,0
DA:378,0
DA:379,0
DA:380,0
DA:381,0
DA:383,0
DA:384,0
DA:385,0
DA:386,0
DA:387,0
DA:389,0
DA:390,0
DA:391,0
DA:392,0
DA:393,0
DA:394,0
DA:395,0
DA:396,0
DA:397,0
DA:398,0
DA:399,0
DA:400,0
DA:402,5
DA:403,1
DA:408,1
DA:415,1
DA:416,1
DA:417,1
DA:418,1
DA:419,1
DA:420,1
DA:421,1
DA:422,1
DA:423,0
DA:424,0
DA:425,0
DA:426,1
DA:428,5
DA:429,1
DA:430,1
DA:431,1
DA:432,1
DA:433,1
DA:434,1
DA:436,1
DA:437,1
DA:438,1
DA:439,1
DA:440,1
DA:441,1
DA:442,1
DA:443,1
DA:444,0
DA:445,0
DA:446,0
DA:447,1
DA:449,5
DA:450,0
DA:516,0
DA:517,0
DA:518,0
DA:519,0
DA:525,0
DA:526,0
DA:527,0
DA:528,0
DA:529,0
DA:530,0
DA:531,0
DA:539,0
DA:540,0
DA:541,0
DA:542,5
DA:543,1
DA:572,1
DA:573,1
DA:576,1
DA:579,1
DA:586,1
DA:587,5
DA:591,0
DA:592,0
DA:595,0
DA:596,0
DA:599,0
DA:600,0
DA:601,0
DA:602,0
DA:603,0
DA:604,0
DA:605,0
DA:608,0
DA:609,0
DA:610,0
DA:611,0
DA:612,0
DA:613,0
DA:614,0
DA:615,0
DA:616,0
DA:617,0
DA:618,0
DA:619,0
DA:620,0
DA:621,0
DA:622,0
DA:623,0
DA:624,0
DA:625,0
DA:626,0
DA:627,0
DA:628,0
DA:629,0
DA:630,0
DA:631,0
DA:633,0
DA:634,0
DA:635,5
DA:636,1
DA:637,1
DA:638,1
DA:644,1
DA:645,1
DA:646,1
DA:652,1
DA:653,1
DA:654,1
DA:655,1
DA:656,1
DA:657,1
DA:658,1
DA:659,1
DA:660,0
DA:661,0
DA:662,0
DA:663,1
DA:664,5
DA:665,1
DA:679,1
DA:680,1
DA:681,1
DA:682,1
DA:683,1
DA:684,1
DA:685,1
DA:686,1
DA:687,0
DA:688,0
DA:689,0
DA:690,1
DA:692,5
DA:693,1
DA:695,1
DA:696,1
DA:697,1
DA:698,1
DA:700,2
DA:701,2
DA:702,2
DA:704,2
DA:708,2
DA:709,2
DA:710,2
DA:711,2
DA:712,2
DA:713,2
DA:714,1
DA:715,1
DA:716,1
DA:717,1
DA:718,0
DA:719,0
DA:720,0
DA:721,1
DA:722,5
LF:395
LH:103
BRDA:29,0,0,5
BRDA:34,1,0,5
BRDA:402,2,0,1
BRDA:422,3,0,0
BRDA:428,4,0,1
BRDA:443,5,0,0
BRDA:542,6,0,1
BRDA:635,7,0,1
BRDA:645,8,0,0
BRDA:659,9,0,0
BRDA:664,10,0,1
BRDA:686,11,0,0
BRDA:692,12,0,1
BRDA:717,13,0,0
BRDA:698,14,0,2
BRF:15
BRH:9
end_of_record
TN:
SF:src/lib/utils/generateQR.ts
FN:4,generateQRCodeBase64
FNF:1
FNH:1
FNDA:2,generateQRCodeBase64
DA:1,1
DA:4,2
DA:5,2
DA:6,2
DA:7,2
DA:8,2
DA:9,2
DA:10,2
DA:11,2
DA:12,2
DA:13,2
DA:14,1
DA:15,1
DA:16,1
DA:17,1
DA:18,1
DA:19,2
LF:17
LH:17
BRDA:4,0,0,2
BRDA:13,1,0,1
BRF:2
BRH:2
end_of_record
TN:
SF:src/lib/utils/languageAware.ts
FN:5,languageAwareGoto
FN:17,languageAwareRedirect
FNF:2
FNH:2
FNDA:4,languageAwareGoto
FNDA:3,languageAwareRedirect
DA:1,1
DA:5,1
DA:6,4
DA:7,4
DA:8,1
DA:9,1
DA:12,4
DA:14,4
DA:15,4
DA:17,1
DA:18,3
DA:19,3
DA:20,1
DA:21,1
DA:24,3
DA:26,3
DA:27,3
LF:17
LH:17
BRDA:5,0,0,4
BRDA:7,1,0,1
BRDA:9,2,0,3
BRDA:12,3,0,2
BRDA:12,4,0,1
BRDA:17,5,0,3
BRDA:19,6,0,1
BRDA:21,7,0,2
BRDA:24,8,0,1
BRDA:24,9,0,1
BRF:10
BRH:10
end_of_record
TN:
SF:src/lib/utils/randomCode.ts
FN:5,generateUniqueCode
FN:8,isCodeExisting
FNF:2
FNH:2
FNDA:2,generateUniqueCode
FNDA:3,isCodeExisting
DA:1,1
DA:5,2
DA:6,2
DA:7,2
DA:8,2
DA:9,3
DA:10,3
DA:11,3
DA:12,3
DA:14,3
DA:15,3
DA:17,2
DA:18,3
DA:19,3
DA:20,18
DA:21,18
DA:22,18
DA:23,3
DA:24,1
DA:25,3
DA:26,2
DA:27,2
DA:28,3
DA:29,2
DA:30,2
LF:25
LH:25
BRDA:5,0,0,2
BRDA:17,1,0,3
BRDA:19,2,0,18
BRDA:23,3,0,1
BRDA:25,4,0,2
BRDA:8,5,0,3
BRF:6
BRH:6
end_of_record
TN:
SF:src/lib/utils/sseManager.ts
FN:2,createSSEManager
FN:20,connect
FN:34,eventSource.onopen
FN:44,eventSource.onmessage
FN:63,eventSource.onerror
FN:100,cleanup
FNF:6
FNH:6
FNDA:7,createSSEManager
FNDA:12,connect
FNDA:1,eventSource.onopen
FNDA:1,eventSource.onmessage
FNDA:7,eventSource.onerror
FNDA:20,cleanup
DA:2,1
DA:3,7
DA:4,7
DA:5,7
DA:10,7
DA:11,7
DA:12,7
DA:13,7
DA:14,7
DA:15,7
DA:16,7
DA:17,7
DA:18,7
DA:20,7
DA:21,12
DA:23,12
DA:24,12
DA:27,12
DA:28,12
DA:29,12
DA:30,12
DA:31,12
DA:32,12
DA:34,12
DA:36,1
DA:37,1
DA:38,1
DA:39,1
DA:40,1
DA:41,1
DA:42,1
DA:44,12
DA:45,1
DA:46,1
DA:47,1
DA:48,1
DA:49,1
DA:50,0
DA:51,0
DA:52,1
DA:54,12
DA:55,0
DA:56,0
DA:57,0
DA:58,0
DA:59,0
DA:60,0
DA:61,12
DA:63,12
DA:64,7
DA:65,7
DA:67,7
DA:68,1
DA:69,1
DA:70,1
DA:71,1
DA:72,1
DA:73,1
DA:74,1
DA:76,6
DA:77,6
DA:78,6
DA:79,6
DA:80,6
DA:82,6
DA:83,6
DA:84,6
DA:85,6
DA:86,6
DA:88,6
DA:89,7
DA:90,12
DA:91,0
DA:92,0
DA:93,0
DA:94,0
DA:95,0
DA:96,0
DA:97,0
DA:98,12
DA:100,7
DA:101,20
DA:102,8
DA:103,8
DA:104,8
DA:105,8
DA:106,20
DA:107,6
DA:108,6
DA:109,6
DA:110,20
DA:112,7
DA:113,7
DA:114,7
DA:115,7
DA:116,7
DA:117,7
LF:97
LH:82
BRDA:2,0,0,7
BRDA:20,1,0,12
BRDA:90,2,0,0
BRDA:34,3,0,1
BRDA:44,4,0,1
BRDA:49,5,0,0
BRDA:63,6,0,7
BRDA:67,7,0,1
BRDA:74,8,0,6
BRDA:100,9,0,20
BRDA:101,10,0,8
BRDA:106,11,0,6
BRF:12
BRH:10
end_of_record
TN:
SF:src/lib/utils/timeSlots.ts
FN:5,getFreeTimeSlots
FN:29,generatePossibleStartTimes
FN:91,calculateTimeDifference
FN:97,calculateEndTime
FN:103,conflictingShowings
FNF:5
FNH:5
FNDA:1,getFreeTimeSlots
FNDA:1,generatePossibleStartTimes
FNDA:1,calculateTimeDifference
FNDA:48,calculateEndTime
FNDA:1,conflictingShowings
DA:1,1
DA:5,1
DA:6,1
DA:7,1
DA:8,1
DA:9,1
DA:10,1
DA:11,1
DA:12,1
DA:13,1
DA:14,1
DA:16,1
DA:17,1
DA:18,1
DA:19,1
DA:20,1
DA:21,1
DA:22,1
DA:24,1
DA:25,1
DA:26,1
DA:29,1
DA:30,1
DA:31,1
DA:32,1
DA:34,1
DA:35,16
DA:38,16
DA:39,16
DA:42,16
DA:43,16
DA:45,16
DA:46,16
DA:48,16
DA:49,16
DA:51,1
DA:52,1
DA:54,1
DA:57,1
DA:58,47
DA:61,47
DA:62,47
DA:63,83
DA:64,83
DA:65,72
DA:66,72
DA:67,71
DA:68,71
DA:69,57
DA:70,57
DA:71,60
DA:72,60
DA:73,0
DA:74,0
DA:75,47
DA:77,47
DA:78,24
DA:79,24
DA:80,24
DA:81,24
DA:82,24
DA:83,24
DA:84,24
DA:85,24
DA:86,47
DA:88,1
DA:89,1
DA:91,1
DA:92,1
DA:93,1
DA:94,1
DA:95,1
DA:97,1
DA:98,48
DA:99,48
DA:101,48
DA:102,48
DA:103,1
DA:104,1
DA:105,1
DA:106,1
DA:107,1
DA:108,1
DA:109,1
DA:110,1
DA:111,1
DA:112,1
DA:113,1
DA:114,1
DA:115,1
DA:116,1
DA:117,1
DA:118,1
DA:119,1
DA:120,1
DA:121,1
DA:122,1
DA:123,1
DA:124,1
DA:125,1
DA:126,1
LF:101
LH:99
BRDA:5,0,0,1
BRDA:57,1,0,47
BRDA:77,2,0,24
BRDA:29,3,0,1
BRDA:34,4,0,16
BRDA:51,5,0,48
BRDA:51,6,0,47
BRDA:62,7,0,83
BRDA:64,8,0,72
BRDA:65,9,0,72
BRDA:66,10,0,71
BRDA:68,11,0,57
BRDA:69,12,0,57
BRDA:70,13,0,60
BRDA:72,14,0,0
BRDA:73,15,0,0
BRDA:91,16,0,1
BRDA:97,17,0,48
BRDA:103,18,0,1
BRF:19
BRH:17
end_of_record
TN:
SF:src/lib/utils/user.test.ts
FNF:0
FNH:0
DA:1,1
DA:10,1
DA:11,1
DA:12,1
DA:13,1
DA:14,1
DA:15,1
DA:17,1
DA:18,1
DA:19,1
DA:20,1
DA:21,1
DA:22,1
DA:23,1
DA:24,1
DA:26,1
DA:27,1
DA:28,1
DA:29,1
DA:30,1
DA:31,1
DA:32,1
DA:34,1
DA:35,1
DA:36,1
DA:37,1
DA:38,1
DA:40,1
DA:41,1
DA:42,1
DA:44,1
DA:45,1
DA:46,1
DA:48,1
DA:49,1
DA:50,1
DA:52,1
DA:53,1
DA:54,1
DA:56,1
DA:57,1
DA:58,1
DA:60,1
DA:61,1
DA:62,1
DA:64,1
DA:65,1
DA:66,1
DA:67,1
DA:68,1
DA:69,1
DA:70,1
DA:72,1
DA:73,1
DA:75,1
DA:76,1
DA:77,15
DA:78,15
DA:79,1
DA:80,1
DA:83,1
DA:86,1
DA:87,1
DA:88,1
DA:89,1
DA:91,1
DA:92,1
DA:93,1
DA:94,1
DA:95,1
DA:96,1
DA:98,1
DA:99,1
DA:100,1
DA:101,1
DA:102,1
DA:103,1
DA:104,1
LF:78
LH:78
BRDA:10,0,0,1
BRDA:11,1,0,1
BRDA:17,2,0,1
BRDA:26,3,0,1
BRDA:34,4,0,1
BRDA:35,5,0,1
BRDA:40,6,0,1
BRDA:44,7,0,1
BRDA:48,8,0,1
BRDA:52,9,0,1
BRDA:56,10,0,1
BRDA:60,11,0,1
BRDA:64,12,0,1
BRDA:72,13,0,1
BRDA:73,14,0,1
BRDA:75,15,0,1
BRDA:76,16,0,15
BRF:17
BRH:17
end_of_record
TN:
SF:src/lib/utils/user.ts
FN:3,validateEmail
FN:12,validatePassword
FN:53,generateUserId
FNF:3
FNH:3
FNDA:18,validateEmail
FNDA:19,validatePassword
FNDA:2,generateUserId
DA:1,1
DA:3,1
DA:4,18
DA:5,18
DA:6,14
DA:7,13
DA:8,12
DA:10,18
DA:12,1
DA:13,19
DA:14,4
DA:15,4
DA:17,15
DA:18,15
DA:19,15
DA:20,15
DA:21,15
DA:22,15
DA:25,19
DA:26,2
DA:27,2
DA:30,19
DA:31,1
DA:32,1
DA:35,19
DA:36,4
DA:37,4
DA:40,19
DA:41,2
DA:42,2
DA:45,19
DA:46,2
DA:47,2
DA:50,4
DA:51,4
DA:53,1
DA:55,2
DA:56,2
DA:57,2
DA:58,2
LF:40
LH:40
BRDA:3,0,0,18
BRDA:5,1,0,14
BRDA:6,2,0,13
BRDA:7,3,0,12
BRDA:12,4,0,19
BRDA:13,5,0,4
BRDA:15,6,0,15
BRDA:25,7,0,2
BRDA:27,8,0,13
BRDA:30,9,0,1
BRDA:32,10,0,12
BRDA:35,11,0,10
BRDA:35,12,0,4
BRDA:37,13,0,8
BRDA:40,14,0,2
BRDA:42,15,0,6
BRDA:45,16,0,2
BRDA:47,17,0,4
BRDA:53,18,0,2
BRF:19
BRH:19
end_of_record
TN:
SF:src/routes/+layout.server.ts
FN:5,load
FNF:1
FNH:1
FNDA:6,load
DA:1,1
DA:5,1
DA:6,6
DA:8,5
DA:11,5
DA:12,6
DA:13,3
DA:14,3
DA:15,3
DA:16,6
DA:17,2
DA:18,2
DA:21,6
DA:22,3
DA:23,3
DA:25,3
DA:26,3
DA:27,3
DA:28,3
DA:30,5
DA:31,5
LF:21
LH:21
BRDA:5,0,0,6
BRDA:6,1,0,5
BRDA:12,2,0,3
BRDA:16,3,0,2
BRDA:18,4,0,5
BRDA:21,5,0,3
BRDA:28,6,0,5
BRDA:14,7,0,5
BRF:8
BRH:8
end_of_record
TN:
SF:src/routes/+page.server.ts
FN:8,load
FN:52,addToCart
FNF:2
FNH:2
FNDA:2,load
FNDA:3,addToCart
DA:1,1
DA:8,1
DA:9,2
DA:11,2
DA:12,1
DA:13,1
DA:14,1
DA:15,2
DA:16,2
DA:17,1
DA:19,1
DA:20,1
DA:21,1
DA:22,1
DA:23,1
DA:24,1
DA:25,1
DA:26,1
DA:27,1
DA:28,1
DA:29,1
DA:30,1
DA:31,1
DA:32,1
DA:33,1
DA:34,1
DA:35,1
DA:36,1
DA:37,1
DA:38,1
DA:39,1
DA:41,1
DA:42,1
DA:43,1
DA:44,1
DA:45,1
DA:46,1
DA:47,1
DA:48,1
DA:49,1
DA:50,2
DA:51,1
DA:52,1
DA:53,3
DA:54,1
DA:55,1
DA:56,2
DA:57,2
DA:59,2
DA:60,2
DA:61,2
DA:62,2
DA:63,2
DA:65,1
DA:66,1
DA:67,1
DA:68,1
DA:69,1
DA:70,1
DA:72,3
DA:73,0
DA:74,0
DA:75,0
DA:76,0
DA:77,0
DA:78,0
DA:79,0
DA:81,1
DA:83,1
DA:84,1
DA:85,1
DA:86,1
DA:88,1
DA:89,1
DA:90,1
DA:91,1
DA:93,1
DA:94,1
DA:95,1
DA:96,1
DA:97,3
DA:98,1
LF:82
LH:75
BRDA:8,0,0,2
BRDA:11,1,0,1
BRDA:16,2,0,1
BRDA:52,3,0,3
BRDA:53,4,0,1
BRDA:55,5,0,2
BRDA:63,6,0,1
BRDA:72,7,0,0
BRDA:79,8,0,1
BRF:9
BRH:8
end_of_record
TN:
SF:src/routes/bookingProcess.test.ts
FNF:0
FNH:0
DA:1,1
DA:12,1
DA:13,1
DA:14,1
DA:15,1
DA:16,1
LF:6
LH:6
BRDA:12,0,0,1
BRDA:13,1,0,1
BRF:2
BRH:2
end_of_record
TN:
SF:src/routes/layout.test.ts
FNF:0
FNH:0
DA:1,1
DA:17,1
DA:18,1
DA:19,1
DA:20,1
DA:21,1
DA:22,1
DA:24,1
DA:25,6
DA:26,1
DA:28,1
DA:29,1
DA:30,1
DA:31,1
DA:32,1
DA:33,1
DA:34,1
DA:35,1
DA:36,1
DA:38,1
DA:39,1
DA:40,1
DA:41,1
DA:42,1
DA:44,1
DA:46,1
DA:47,1
DA:48,1
DA:49,1
DA:50,1
DA:51,1
DA:53,1
DA:54,1
DA:55,1
DA:56,1
DA:57,1
DA:58,1
DA:59,1
DA:60,1
DA:61,1
DA:63,1
DA:64,1
DA:65,1
DA:66,1
DA:67,1
DA:69,1
DA:72,1
DA:73,1
DA:74,1
DA:75,1
DA:77,1
DA:78,1
DA:79,1
DA:80,1
DA:81,1
DA:82,1
DA:83,1
DA:84,1
DA:85,1
DA:87,1
DA:88,1
DA:89,1
DA:90,1
DA:91,1
DA:93,1
DA:96,1
DA:97,1
DA:98,1
DA:100,1
DA:101,1
DA:102,1
DA:103,1
DA:104,1
DA:105,1
DA:106,1
DA:107,1
DA:108,1
DA:110,1
DA:111,1
DA:112,1
DA:113,1
DA:114,1
DA:116,1
DA:119,1
DA:120,1
DA:121,1
DA:123,1
DA:124,1
DA:125,1
DA:126,1
DA:127,1
DA:128,1
DA:129,1
DA:130,1
DA:131,1
DA:133,1
DA:134,1
DA:135,1
DA:136,1
DA:137,1
DA:139,1
DA:140,1
DA:142,1
DA:143,1
DA:144,1
DA:145,1
DA:146,1
DA:147,1
DA:148,1
DA:149,1
DA:150,1
DA:152,1
DA:153,1
DA:154,1
DA:155,1
DA:156,1
DA:158,1
DA:160,1
DA:161,1
DA:162,1
DA:163,1
LF:121
LH:121
BRDA:17,0,0,1
BRDA:24,1,0,6
BRDA:28,2,0,1
BRDA:38,3,0,1
BRDA:53,4,0,1
BRDA:63,5,0,1
BRDA:77,6,0,1
BRDA:87,7,0,1
BRDA:100,8,0,1
BRDA:110,9,0,1
BRDA:123,10,0,1
BRDA:133,11,0,1
BRDA:142,12,0,1
BRDA:152,13,0,1
BRF:14
BRH:14
end_of_record
TN:
SF:src/routes/routes.test.ts
FNF:0
FNH:0
DA:1,1
DA:40,1
DA:41,1
DA:42,5
DA:43,1
DA:45,1
DA:46,1
DA:47,1
DA:48,1
DA:49,1
DA:50,1
DA:51,1
DA:53,1
DA:54,1
DA:55,1
DA:56,1
DA:57,1
DA:58,1
DA:59,1
DA:60,1
DA:61,1
DA:62,1
DA:63,1
DA:64,1
DA:65,1
DA:66,1
DA:67,1
DA:68,1
DA:69,1
DA:70,1
DA:72,1
DA:74,1
DA:75,1
DA:76,1
DA:77,1
DA:79,1
DA:80,1
DA:81,1
DA:82,1
DA:83,1
DA:84,1
DA:86,1
DA:87,1
DA:88,1
DA:90,1
DA:92,1
DA:93,1
DA:94,1
DA:95,1
DA:96,1
DA:97,1
DA:99,1
DA:100,1
DA:101,1
DA:102,1
DA:103,1
DA:104,1
DA:106,1
DA:107,1
DA:109,1
DA:110,1
DA:111,1
DA:113,1
DA:114,1
DA:115,1
DA:117,1
DA:118,1
DA:119,1
DA:120,1
DA:121,1
DA:122,1
DA:123,1
DA:124,1
DA:125,1
DA:127,1
DA:128,1
DA:129,1
DA:130,1
DA:132,1
DA:133,1
DA:134,1
DA:135,1
DA:137,1
DA:138,1
DA:140,1
DA:141,1
DA:142,1
DA:144,1
DA:145,1
DA:146,1
DA:148,1
DA:150,1
DA:151,1
DA:152,1
DA:153,1
DA:155,1
DA:156,1
DA:157,1
DA:158,1
DA:159,1
DA:160,1
DA:161,1
LF:102
LH:102
BRDA:40,0,0,1
BRDA:41,1,0,5
BRDA:45,2,0,1
BRDA:46,3,0,1
BRDA:79,4,0,1
BRDA:86,5,0,1
BRDA:99,6,0,1
BRDA:100,7,0,1
BRDA:109,8,0,1
BRDA:140,9,0,1
BRF:10
BRH:10
end_of_record
TN:
SF:src/routes/admin/+layout.server.ts
FN:12,load
FNF:1
FNH:1
FNDA:6,load
DA:1,1
DA:12,1
DA:13,6
DA:14,6
DA:15,6
DA:16,3
DA:17,3
DA:18,3
DA:19,3
DA:20,3
DA:21,3
DA:22,3
DA:23,3
DA:24,3
DA:25,3
DA:26,3
DA:27,3
DA:29,3
DA:30,3
DA:31,3
DA:32,3
DA:33,3
DA:34,3
DA:35,3
DA:36,3
DA:37,3
DA:39,6
DA:40,6
DA:41,6
DA:42,1
DA:43,1
DA:44,1
DA:45,1
DA:46,1
DA:47,1
DA:48,1
DA:49,1
DA:50,1
DA:51,1
DA:52,1
DA:54,6
DA:55,6
DA:56,1
DA:57,1
DA:58,1
DA:59,1
DA:60,1
DA:61,1
DA:62,1
DA:63,1
DA:64,1
DA:65,1
DA:66,6
LF:53
LH:53
BRDA:12,0,0,6
BRDA:15,1,0,3
BRDA:41,2,0,1
BRDA:55,3,0,1
BRDA:61,4,0,0
BRDA:62,5,0,0
BRDA:31,6,0,3
BRDA:51,7,0,1
BRF:8
BRH:6
end_of_record
TN:
SF:src/routes/admin/+page.server.ts
FN:7,load
FN:64,convertToMonthlyTicketSales
FNF:2
FNH:1
FNDA:1,load
FNDA:0,convertToMonthlyTicketSales
DA:1,1
DA:7,1
DA:8,1
DA:10,1
DA:11,1
DA:12,1
DA:13,1
DA:15,1
DA:17,1
DA:18,1
DA:19,1
DA:20,1
DA:21,1
DA:22,1
DA:23,1
DA:24,1
DA:26,1
DA:35,1
DA:46,1
DA:48,1
DA:49,1
DA:50,1
DA:51,1
DA:52,1
DA:53,1
DA:61,1
DA:64,1
DA:65,0
DA:66,0
DA:67,0
DA:68,0
DA:69,0
DA:76,1
DA:77,1
DA:78,1
DA:79,1
DA:80,1
DA:81,1
DA:82,1
DA:83,1
DA:84,1
DA:85,1
DA:86,1
DA:87,1
DA:88,1
DA:89,1
DA:90,1
DA:91,1
DA:92,1
DA:95,1
DA:96,1
DA:97,1
DA:98,1
DA:99,1
DA:100,1
DA:101,1
DA:102,1
DA:103,1
DA:104,1
DA:105,1
DA:106,1
DA:107,1
DA:108,1
DA:109,1
DA:110,1
DA:111,1
DA:114,1
DA:115,1
DA:116,1
DA:117,1
DA:118,1
DA:119,1
DA:120,1
DA:121,1
DA:122,1
DA:123,1
DA:124,1
DA:125,1
DA:126,1
DA:127,1
DA:130,1
DA:131,1
DA:132,1
DA:133,1
DA:134,1
DA:135,1
DA:136,1
DA:138,1
DA:140,1
DA:141,1
DA:142,1
DA:143,1
DA:144,1
DA:146,1
DA:147,1
DA:148,1
DA:149,1
DA:150,1
DA:151,1
DA:152,1
DA:153,1
DA:154,1
DA:155,1
DA:156,1
LF:104
LH:99
BRDA:7,0,0,1
BRDA:26,1,0,1
BRF:2
BRH:2
end_of_record
TN:
SF:src/routes/admin/adminRoot.test.ts
FN:47,createChainableMock
FN:55,then
FNF:2
FNH:2
FNDA:8,createChainableMock
FNDA:8,then
DA:1,1
DA:34,1
DA:35,1
DA:36,1
DA:37,1
DA:39,1
DA:40,1
DA:41,1
DA:42,1
DA:43,1
DA:44,1
DA:47,1
DA:48,8
DA:49,8
DA:50,8
DA:51,8
DA:52,8
DA:53,8
DA:54,8
DA:55,8
DA:56,8
DA:57,8
DA:58,8
DA:61,1
DA:63,1
DA:64,1
DA:67,1
DA:68,1
DA:69,1
DA:70,1
DA:71,1
DA:72,1
DA:73,1
DA:74,1
DA:75,1
DA:77,1
DA:79,1
DA:80,1
DA:81,1
DA:82,1
DA:83,1
DA:84,1
DA:85,1
DA:86,1
DA:87,1
DA:88,1
DA:91,1
DA:92,1
DA:93,1
DA:94,1
LF:50
LH:50
BRDA:34,0,0,1
BRDA:35,1,0,1
BRDA:39,2,0,1
BRDA:42,3,0,1
BRDA:47,4,0,8
BRDA:49,5,0,8
BRDA:50,6,0,9
BRDA:51,7,0,5
BRDA:52,8,0,5
BRDA:53,9,0,2
BRDA:54,10,0,1
BRDA:55,11,0,8
BRF:12
BRH:12
end_of_record
TN:
SF:src/routes/admin/layout.test.ts
FNF:0
FNH:0
DA:1,1
DA:16,1
DA:17,1
DA:18,6
DA:21,6
DA:22,6
DA:23,6
DA:24,6
DA:25,6
DA:27,6
DA:28,6
DA:29,6
DA:30,6
DA:31,6
DA:32,1
DA:34,1
DA:35,1
DA:37,1
DA:38,1
DA:39,1
DA:40,1
DA:41,1
DA:42,1
DA:43,1
DA:44,1
DA:45,1
DA:46,1
DA:47,1
DA:48,1
DA:49,1
DA:50,1
DA:52,1
DA:53,1
DA:55,1
DA:57,1
DA:58,1
DA:59,1
DA:60,1
DA:62,1
DA:63,1
DA:64,1
DA:65,1
DA:66,1
DA:68,1
DA:70,1
DA:71,1
DA:72,1
DA:73,1
DA:74,1
DA:75,1
DA:76,1
DA:77,1
DA:78,1
DA:80,1
DA:81,1
DA:82,1
DA:83,1
DA:84,1
DA:86,1
DA:88,1
DA:89,1
DA:90,1
DA:91,1
DA:93,1
DA:94,1
DA:95,1
DA:96,1
DA:97,1
DA:98,1
DA:100,1
DA:102,1
DA:103,1
DA:104,1
DA:105,1
DA:106,1
DA:107,1
DA:108,1
DA:109,1
DA:111,1
DA:112,1
DA:113,1
DA:114,1
DA:115,1
DA:116,1
DA:118,1
DA:120,1
DA:121,1
DA:122,1
DA:123,1
DA:124,1
LF:90
LH:90
BRDA:16,0,0,1
BRDA:17,1,0,6
BRDA:34,2,0,1
BRDA:52,3,0,1
BRDA:62,4,0,1
BRDA:63,5,0,1
BRDA:66,6,0,1
BRDA:80,7,0,1
BRDA:81,8,0,1
BRDA:84,9,0,1
BRDA:93,10,0,1
BRDA:94,11,0,1
BRDA:97,12,0,1
BRDA:98,13,0,1
BRDA:111,14,0,1
BRDA:112,15,0,1
BRDA:115,16,0,1
BRDA:116,17,0,1
BRF:18
BRH:18
end_of_record
TN:
SF:src/routes/admin/cinemas/+page.server.ts
FN:6,load
FN:13,delete
FNF:2
FNH:2
FNDA:1,load
FNDA:2,delete
DA:1,1
DA:6,1
DA:7,1
DA:8,1
DA:9,1
DA:10,1
DA:11,1
DA:12,1
DA:13,1
DA:14,2
DA:15,2
DA:16,2
DA:17,2
DA:18,2
DA:19,1
DA:20,1
DA:21,1
DA:22,1
DA:23,1
DA:24,1
DA:25,1
DA:26,1
DA:27,2
DA:28,1
LF:24
LH:24
BRDA:6,0,0,1
BRDA:13,1,0,2
BRDA:18,2,0,1
BRF:3
BRH:3
end_of_record
TN:
SF:src/routes/admin/cinemas/cinemas.test.ts
FNF:0
FNH:0
DA:1,1
DA:29,1
DA:30,1
DA:31,1
DA:32,1
DA:33,1
DA:34,1
DA:36,1
DA:37,1
DA:39,1
DA:41,1
DA:42,1
DA:43,1
DA:44,1
DA:45,1
DA:47,1
DA:48,1
DA:49,1
DA:51,1
DA:52,2
DA:53,2
DA:54,2
DA:56,2
DA:57,2
DA:58,1
DA:60,1
DA:61,1
DA:63,1
DA:64,1
DA:65,1
DA:67,1
DA:68,1
DA:69,1
DA:71,1
DA:73,1
DA:74,1
DA:75,1
LF:37
LH:37
BRDA:29,0,0,1
BRDA:30,1,0,1
BRDA:47,2,0,1
BRDA:51,3,0,2
BRDA:60,4,0,1
BRDA:67,5,0,1
BRF:6
BRH:6
end_of_record
TN:
SF:src/routes/admin/cinemas/[id]/+page.server.ts
FN:8,load
FN:18,update
FNF:2
FNH:2
FNDA:1,load
FNDA:4,update
DA:1,1
DA:8,1
DA:9,1
DA:10,1
DA:12,1
DA:13,1
DA:14,1
DA:15,1
DA:17,1
DA:18,1
DA:19,4
DA:20,4
DA:21,4
DA:22,4
DA:23,4
DA:24,4
DA:25,4
DA:27,4
DA:28,1
DA:29,1
DA:30,4
DA:31,4
DA:32,1
DA:33,1
DA:34,4
DA:35,0
DA:36,0
DA:37,3
DA:38,3
DA:39,2
DA:40,2
DA:41,2
DA:42,2
DA:43,2
DA:44,2
DA:45,4
DA:46,1
DA:47,1
DA:48,1
DA:49,4
DA:50,1
LF:41
LH:39
BRDA:8,0,0,1
BRDA:9,1,0,0
BRDA:18,2,0,4
BRDA:27,3,0,1
BRDA:31,4,0,1
BRDA:33,5,0,3
BRDA:34,6,0,0
BRDA:36,7,0,3
BRDA:38,8,0,2
BRDA:45,9,0,1
BRF:10
BRH:8
end_of_record
TN:
SF:src/routes/admin/cinemas/[id]/cinemaDetail.test.ts
FNF:0
FNH:0
DA:1,1
DA:31,1
DA:32,1
DA:33,1
DA:34,1
DA:35,1
DA:36,1
DA:37,1
DA:38,1
DA:39,1
DA:40,1
DA:43,1
DA:44,1
DA:45,1
DA:46,1
DA:47,1
DA:48,1
DA:49,1
DA:50,1
DA:51,1
DA:52,1
DA:55,1
DA:56,1
DA:57,1
DA:58,1
DA:60,1
DA:62,1
DA:63,1
DA:64,1
DA:65,1
DA:66,1
DA:67,1
DA:69,1
DA:70,1
DA:71,1
DA:72,1
DA:74,1
DA:75,4
DA:76,4
DA:77,4
DA:78,4
DA:79,4
DA:80,4
DA:81,4
DA:82,4
DA:83,4
DA:84,4
DA:85,4
DA:87,4
DA:88,4
DA:89,4
DA:90,1
DA:92,1
DA:93,1
DA:95,1
DA:96,1
DA:97,1
DA:98,1
DA:99,1
DA:100,1
DA:101,1
DA:102,1
DA:103,1
DA:104,1
DA:106,1
DA:107,1
DA:108,1
DA:109,1
DA:110,1
DA:111,1
DA:112,1
DA:113,1
DA:114,1
DA:115,1
DA:117,1
DA:119,1
DA:120,1
DA:121,1
DA:122,1
DA:123,1
DA:124,1
DA:125,1
DA:126,1
DA:128,1
DA:129,1
DA:130,1
DA:131,1
DA:132,1
DA:133,1
DA:134,1
DA:135,1
DA:136,1
DA:137,1
DA:139,1
DA:141,1
DA:142,1
DA:144,1
DA:145,1
DA:147,1
DA:149,1
DA:150,1
DA:151,1
LF:102
LH:102
BRDA:31,0,0,1
BRDA:32,1,0,1
BRDA:56,2,0,1
BRDA:57,3,0,1
BRDA:69,4,0,1
BRDA:74,5,0,4
BRDA:88,6,0,3
BRDA:92,7,0,1
BRDA:106,8,0,1
BRDA:128,9,0,1
BRDA:144,10,0,1
BRF:11
BRH:11
end_of_record
TN:
SF:src/routes/admin/cinemas/create/+page.server.ts
FN:6,create
FNF:1
FNH:1
FNDA:5,create
DA:1,1
DA:5,1
DA:6,1
DA:7,5
DA:8,5
DA:9,5
DA:10,5
DA:11,5
DA:12,5
DA:13,1
DA:14,1
DA:15,5
DA:16,1
DA:17,1
DA:18,5
DA:19,1
DA:20,1
DA:21,3
DA:22,3
DA:23,3
DA:24,3
DA:25,3
DA:26,2
DA:27,5
DA:28,1
DA:29,1
DA:30,1
DA:31,5
DA:32,1
LF:29
LH:29
BRDA:6,0,0,5
BRDA:12,1,0,1
BRDA:15,2,0,1
BRDA:17,3,0,4
BRDA:18,4,0,1
BRDA:20,5,0,3
BRDA:25,6,0,2
BRDA:27,7,0,1
BRF:8
BRH:8
end_of_record
TN:
SF:src/routes/admin/cinemas/create/createCinema.test.ts
FNF:0
FNH:0
DA:1,1
DA:19,1
DA:20,1
DA:21,1
DA:22,1
DA:23,1
DA:25,1
DA:26,5
DA:27,5
DA:28,5
DA:30,5
DA:31,5
DA:32,5
DA:33,5
DA:34,1
DA:36,1
DA:37,1
DA:38,1
DA:39,1
DA:40,1
DA:41,1
DA:42,1
DA:43,1
DA:44,1
DA:46,1
DA:48,1
DA:49,1
DA:50,1
DA:51,1
DA:52,1
DA:53,1
DA:54,1
DA:55,1
DA:56,1
DA:57,1
DA:59,1
DA:60,1
DA:61,1
DA:62,1
DA:63,1
DA:64,1
DA:65,1
DA:66,1
DA:67,1
DA:69,1
DA:71,1
DA:72,1
DA:73,1
DA:74,1
DA:75,1
DA:76,1
DA:77,1
DA:78,1
DA:80,1
DA:81,1
DA:82,1
DA:83,1
DA:84,1
DA:85,1
DA:86,1
DA:87,1
DA:88,1
DA:90,1
DA:92,1
DA:93,1
DA:95,1
DA:96,1
DA:97,1
DA:98,1
DA:99,1
DA:100,1
DA:101,1
DA:102,1
DA:103,1
DA:105,1
DA:107,1
DA:108,1
DA:110,1
DA:111,1
DA:112,1
DA:113,1
DA:114,1
DA:115,1
DA:116,1
DA:117,1
DA:118,1
DA:120,1
DA:122,1
DA:124,1
DA:125,1
DA:126,1
LF:91
LH:91
BRDA:19,0,0,1
BRDA:25,1,0,5
BRDA:31,2,0,3
BRDA:36,3,0,1
BRDA:59,4,0,1
BRDA:80,5,0,1
BRDA:95,6,0,1
BRDA:110,7,0,1
BRF:8
BRH:8
end_of_record
TN:
SF:src/routes/admin/discounts/+page.server.ts
FN:13,load
FN:31,delete
FNF:2
FNH:2
FNDA:2,load
FNDA:2,delete
DA:1,1
DA:13,1
DA:14,2
DA:15,2
DA:16,2
DA:17,2
DA:18,2
DA:19,2
DA:20,2
DA:21,1
DA:22,1
DA:23,1
DA:24,1
DA:25,1
DA:26,1
DA:27,1
DA:28,1
DA:29,2
DA:30,1
DA:31,1
DA:32,2
DA:33,2
DA:34,2
DA:35,2
DA:36,2
DA:37,2
DA:38,1
DA:39,1
DA:40,1
DA:41,1
DA:42,1
DA:43,1
DA:44,1
DA:45,1
DA:46,1
DA:47,1
DA:48,2
DA:49,1
LF:38
LH:38
BRDA:13,0,0,2
BRDA:20,1,0,1
BRDA:31,2,0,2
BRDA:37,3,0,1
BRF:4
BRH:4
end_of_record
TN:
SF:src/routes/admin/discounts/discounts.test.ts
FNF:0
FNH:0
DA:1,1
DA:43,1
DA:44,1
DA:45,4
DA:46,1
DA:48,1
DA:49,1
DA:50,1
DA:51,1
DA:52,1
DA:53,1
DA:54,1
DA:55,1
DA:56,1
DA:57,1
DA:58,1
DA:60,1
DA:62,1
DA:63,1
DA:64,1
DA:66,1
DA:67,1
DA:68,1
DA:69,1
DA:70,1
DA:71,1
DA:73,1
DA:75,1
DA:76,1
DA:77,1
DA:78,1
DA:80,1
DA:81,1
DA:82,1
DA:83,1
DA:85,1
DA:86,1
DA:87,1
DA:89,1
DA:90,1
DA:91,1
DA:93,1
DA:95,1
DA:96,1
DA:97,1
DA:99,1
DA:100,1
DA:101,1
DA:103,1
DA:104,1
DA:105,1
DA:107,1
DA:108,1
DA:109,1
DA:111,1
DA:113,1
DA:114,1
DA:115,1
DA:116,1
DA:117,1
LF:60
LH:60
BRDA:43,0,0,1
BRDA:44,1,0,4
BRDA:48,2,0,1
BRDA:49,3,0,1
BRDA:66,4,0,1
BRDA:80,5,0,1
BRDA:81,6,0,1
BRDA:99,7,0,1
BRF:8
BRH:8
end_of_record
TN:
SF:src/routes/admin/discounts/create/+page.server.ts
FN:13,create
FNF:1
FNH:1
FNDA:4,create
DA:1,1
DA:12,1
DA:13,1
DA:14,4
DA:15,4
DA:16,4
DA:17,4
DA:18,4
DA:19,4
DA:20,4
DA:22,4
DA:24,4
DA:25,4
DA:26,4
DA:27,4
DA:28,4
DA:29,4
DA:30,4
DA:32,4
DA:33,4
DA:34,4
DA:35,4
DA:36,4
DA:37,4
DA:38,1
DA:39,1
DA:41,2
DA:42,2
DA:43,2
DA:44,2
DA:45,4
DA:46,1
DA:47,1
DA:48,1
DA:49,1
DA:50,1
DA:51,1
DA:52,2
DA:53,2
DA:54,2
DA:55,0
DA:56,0
DA:57,2
DA:58,1
DA:59,2
DA:60,4
DA:61,1
DA:62,1
DA:63,4
DA:64,1
LF:50
LH:48
BRDA:13,0,0,4
BRDA:36,1,0,3
BRDA:37,2,0,1
BRDA:39,3,0,2
BRDA:45,4,0,1
BRDA:51,5,0,2
BRDA:54,6,0,0
BRDA:58,7,0,2
BRDA:60,8,0,1
BRF:9
BRH:8
end_of_record
TN:
SF:src/routes/admin/discounts/create/discountCreate.test.ts
FNF:0
FNH:0
DA:1,1
DA:52,1
DA:53,1
DA:54,4
DA:55,1
DA:57,1
DA:58,1
DA:59,1
DA:60,1
DA:61,1
DA:62,1
DA:63,1
DA:65,1
DA:66,1
DA:67,1
DA:69,1
DA:70,1
DA:71,1
DA:72,1
DA:73,1
DA:75,1
DA:76,1
DA:77,1
DA:78,1
DA:79,1
DA:80,1
DA:81,1
DA:82,1
DA:83,1
DA:84,1
DA:85,1
DA:86,1
DA:88,1
DA:90,1
DA:91,1
DA:92,1
DA:93,1
DA:95,1
DA:96,1
DA:97,1
DA:98,1
DA:99,1
DA:100,1
DA:101,1
DA:102,1
DA:104,1
DA:105,1
DA:106,1
DA:108,1
DA:109,1
DA:110,1
DA:111,1
DA:112,1
DA:113,1
DA:114,1
DA:115,1
DA:116,1
DA:117,1
DA:118,1
DA:119,1
DA:121,1
DA:122,1
DA:123,1
DA:124,1
DA:125,1
DA:126,1
DA:127,1
DA:128,1
DA:129,1
DA:130,1
DA:131,1
DA:132,1
DA:134,1
DA:136,1
DA:137,1
DA:138,1
DA:139,1
DA:140,1
DA:142,1
DA:143,1
DA:144,1
DA:145,1
DA:146,1
DA:147,1
DA:148,1
DA:150,1
DA:151,1
DA:152,1
DA:154,1
DA:155,1
DA:156,1
DA:157,1
DA:158,1
DA:160,1
DA:162,1
DA:163,1
DA:164,1
DA:165,1
DA:167,1
DA:168,1
DA:169,1
DA:170,1
DA:171,1
DA:172,1
DA:173,1
DA:175,1
DA:176,1
DA:177,1
DA:179,1
DA:180,1
DA:181,1
DA:182,1
DA:183,1
DA:185,1
DA:187,1
DA:188,1
DA:189,1
DA:190,1
DA:191,1
LF:119
LH:119
BRDA:52,0,0,1
BRDA:53,1,0,4
BRDA:57,2,0,1
BRDA:95,3,0,1
BRDA:142,4,0,1
BRDA:167,5,0,1
BRF:6
BRH:6
end_of_record
TN:
SF:src/routes/admin/film/[id]/+page.server.ts
FN:21,load
FN:56,delete
FN:73,update
FN:129,create
FN:163,save
FNF:5
FNH:5
FNDA:1,load
FNDA:2,delete
FNDA:2,update
FNDA:2,create
FNDA:2,save
DA:1,1
DA:21,1
DA:22,1
DA:23,1
DA:24,1
DA:25,1
DA:26,1
DA:27,1
DA:28,1
DA:29,1
DA:30,1
DA:31,1
DA:32,1
DA:33,1
DA:34,1
DA:35,1
DA:36,1
DA:37,1
DA:38,1
DA:39,1
DA:40,1
DA:41,1
DA:42,1
DA:43,1
DA:45,1
DA:46,1
DA:47,1
DA:48,1
DA:49,1
DA:50,1
DA:51,1
DA:52,1
DA:53,1
DA:55,1
DA:56,1
DA:57,2
DA:58,2
DA:59,2
DA:60,2
DA:61,1
DA:62,1
DA:63,1
DA:64,1
DA:65,1
DA:66,1
DA:67,1
DA:68,1
DA:69,1
DA:70,1
DA:71,2
DA:73,1
DA:76,2
DA:79,2
DA:80,2
DA:81,2
DA:82,2
DA:83,2
DA:84,2
DA:86,2
DA:87,2
DA:88,1
DA:89,1
DA:90,1
DA:91,1
DA:94,2
DA:95,0
DA:96,0
DA:97,2
DA:98,0
DA:99,0
DA:100,2
DA:101,0
DA:102,0
DA:103,2
DA:104,0
DA:105,0
DA:106,2
DA:107,0
DA:108,0
DA:110,1
DA:111,1
DA:112,1
DA:113,1
DA:114,1
DA:115,1
DA:116,1
DA:117,1
DA:118,1
DA:119,1
DA:120,1
DA:121,1
DA:122,2
DA:123,0
DA:124,0
DA:125,0
DA:127,2
DA:129,1
DA:130,2
DA:131,2
DA:132,2
DA:133,2
DA:134,2
DA:135,2
DA:136,2
DA:137,2
DA:138,2
DA:139,2
DA:140,2
DA:141,2
DA:142,1
DA:143,1
DA:144,1
DA:145,1
DA:146,1
DA:147,1
DA:148,1
DA:149,1
DA:150,1
DA:151,1
DA:152,1
DA:153,1
DA:154,1
DA:155,1
DA:156,1
DA:157,1
DA:158,1
DA:159,1
DA:160,1
DA:161,1
DA:162,2
DA:163,1
DA:164,2
DA:165,2
DA:166,2
DA:167,2
DA:168,2
DA:169,2
DA:170,2
DA:171,2
DA:173,2
DA:175,2
DA:176,2
DA:177,2
DA:178,2
DA:179,2
DA:180,2
DA:181,2
DA:182,2
DA:183,2
DA:184,2
DA:185,1
DA:186,1
DA:187,1
DA:188,1
DA:189,1
DA:190,1
DA:191,1
DA:192,1
DA:193,1
DA:194,2
DA:195,1
LF:161
LH:148
BRDA:21,0,0,1
BRDA:22,1,0,0
BRDA:56,2,0,2
BRDA:58,3,0,0
BRDA:60,4,0,1
BRDA:73,5,0,2
BRDA:84,6,0,0
BRDA:87,7,0,1
BRDA:94,8,0,0
BRDA:96,9,0,1
BRDA:97,10,0,0
BRDA:99,11,0,1
BRDA:100,12,0,1
BRDA:100,13,0,0
BRDA:102,14,0,1
BRDA:103,15,0,0
BRDA:105,16,0,1
BRDA:106,17,0,0
BRDA:108,18,0,1
BRDA:122,19,0,0
BRDA:80,20,0,4
BRDA:129,21,0,2
BRDA:130,22,0,0
BRDA:141,23,0,1
BRDA:163,24,0,2
BRDA:184,25,0,1
BRF:26
BRH:16
end_of_record
TN:
SF:src/routes/admin/film/[id]/filmDetails.test.ts
FN:113,formData
FN:132,formData
FN:150,formData
FN:181,formData
FN:205,formData
FN:225,formData
FNF:6
FNH:6
FNDA:1,formData
FNDA:1,formData
FNDA:1,formData
FNDA:1,formData
FNDA:1,formData
FNDA:1,formData
DA:1,1
DA:50,1
DA:51,1
DA:52,1
DA:53,1
DA:54,1
DA:55,1
DA:57,1
DA:58,1
DA:59,1
DA:60,1
DA:61,1
DA:62,1
DA:63,1
DA:64,1
DA:65,1
DA:67,1
DA:69,1
DA:70,1
DA:71,1
DA:72,1
DA:73,1
DA:74,1
DA:75,1
DA:76,1
DA:78,1
DA:79,1
DA:80,1
DA:81,1
DA:82,1
DA:84,1
DA:86,1
DA:87,1
DA:88,1
DA:90,1
DA:91,1
DA:92,1
DA:94,1
DA:95,1
DA:96,1
DA:98,1
DA:99,1
DA:100,1
DA:101,1
DA:103,1
DA:104,1
DA:105,1
DA:106,1
DA:107,1
DA:108,1
DA:109,1
DA:110,1
DA:112,1
DA:113,1
DA:114,1
DA:115,1
DA:117,1
DA:119,1
DA:120,1
DA:121,1
DA:123,1
DA:124,1
DA:125,1
DA:126,1
DA:127,1
DA:128,1
DA:129,1
DA:131,1
DA:132,1
DA:133,1
DA:134,1
DA:136,1
DA:137,1
DA:138,1
DA:139,1
DA:141,1
DA:142,1
DA:143,1
DA:144,1
DA:145,1
DA:146,1
DA:147,1
DA:149,1
DA:150,1
DA:151,1
DA:152,1
DA:154,1
DA:155,1
DA:156,1
DA:157,1
DA:158,1
DA:159,1
DA:160,1
DA:162,1
DA:163,1
DA:164,1
DA:166,1
DA:168,1
DA:169,1
DA:170,1
DA:171,1
DA:173,1
DA:174,1
DA:175,1
DA:176,1
DA:177,1
DA:178,1
DA:180,1
DA:181,1
DA:182,1
DA:183,1
DA:185,1
DA:186,1
DA:187,1
DA:189,1
DA:190,1
DA:191,1
DA:192,1
DA:194,1
DA:195,1
DA:196,1
DA:197,1
DA:198,1
DA:199,1
DA:200,1
DA:201,1
DA:202,1
DA:204,1
DA:205,1
DA:206,1
DA:207,1
DA:209,1
DA:211,1
DA:212,1
DA:213,1
DA:215,1
DA:216,1
DA:217,1
DA:218,1
DA:219,1
DA:220,1
DA:221,1
DA:222,1
DA:224,1
DA:225,1
DA:226,1
DA:227,1
DA:229,1
DA:230,1
DA:231,1
DA:233,1
DA:234,1
DA:235,1
DA:236,1
DA:237,1
LF:155
LH:155
BRDA:50,0,0,1
BRDA:51,1,0,1
BRDA:78,2,0,1
BRDA:79,3,0,1
BRDA:80,4,0,1
BRDA:90,5,0,1
BRDA:94,6,0,1
BRDA:103,7,0,1
BRDA:104,8,0,1
BRDA:113,9,0,1
BRDA:123,10,0,1
BRDA:132,11,0,1
BRDA:141,12,0,1
BRDA:142,13,0,1
BRDA:150,14,0,1
BRDA:173,15,0,1
BRDA:181,16,0,1
BRDA:185,17,0,1
BRDA:194,18,0,1
BRDA:195,19,0,1
BRDA:205,20,0,1
BRDA:215,21,0,1
BRDA:225,22,0,1
BRDA:229,23,0,1
BRF:24
BRH:24
end_of_record
TN:
SF:src/routes/admin/film/create/+page.server.ts
FN:27,search
FN:55,fetchFullMovieDetails
FN:88,save
FN:92,extractNumberFromRuntime
FN:100,gettmdbID
FN:119,getBackdropImage
FNF:6
FNH:6
FNDA:3,search
FNDA:2,fetchFullMovieDetails
FNDA:3,save
FNDA:2,extractNumberFromRuntime
FNDA:2,gettmdbID
FNDA:2,getBackdropImage
DA:1,1
DA:9,1
DA:10,1
DA:26,1
DA:27,1
DA:28,3
DA:29,3
DA:31,3
DA:33,2
DA:34,2
DA:35,1
DA:36,1
DA:37,1
DA:38,1
DA:39,1
DA:40,1
DA:41,1
DA:42,1
DA:43,1
DA:44,1
DA:46,1
DA:47,1
DA:48,1
DA:49,1
DA:50,3
DA:51,1
DA:52,1
DA:53,3
DA:55,1
DA:56,2
DA:57,2
DA:59,2
DA:61,2
DA:62,1
DA:64,1
DA:65,1
DA:66,1
DA:67,1
DA:68,1
DA:69,1
DA:70,1
DA:71,1
DA:72,1
DA:73,1
DA:74,1
DA:77,1
DA:78,1
DA:79,1
DA:80,1
DA:81,1
DA:82,1
DA:83,1
DA:84,1
DA:85,1
DA:86,1
DA:87,2
DA:88,1
DA:89,3
DA:90,3
DA:92,3
DA:93,2
DA:96,1
DA:97,2
DA:98,2
DA:100,3
DA:101,2
DA:102,2
DA:103,2
DA:104,2
DA:105,2
DA:106,2
DA:107,2
DA:108,2
DA:109,2
DA:110,0
DA:111,0
DA:112,0
DA:113,2
DA:115,3
DA:116,3
DA:117,2
DA:119,2
DA:120,2
DA:121,2
DA:122,2
DA:123,2
DA:124,2
DA:125,2
DA:126,0
DA:127,0
DA:128,2
DA:129,0
DA:130,0
DA:131,2
DA:132,2
DA:134,3
DA:136,3
DA:137,3
DA:138,3
DA:139,3
DA:140,3
DA:141,3
DA:142,3
DA:143,3
DA:144,3
DA:145,3
DA:146,3
DA:147,3
DA:148,3
DA:149,3
DA:150,3
DA:151,3
DA:152,3
DA:154,3
DA:155,3
DA:157,3
DA:158,3
DA:160,0
DA:161,0
DA:163,2
DA:164,1
DA:165,1
DA:166,1
DA:167,1
DA:168,1
DA:170,1
DA:172,1
DA:173,1
DA:174,1
DA:175,1
DA:176,1
DA:177,1
DA:178,3
DA:179,1
LF:134
LH:125
BRDA:27,0,0,3
BRDA:31,1,0,1
BRDA:31,2,0,2
BRDA:34,3,0,1
BRDA:50,4,0,1
BRDA:38,5,0,1
BRDA:55,6,0,2
BRDA:61,7,0,1
BRDA:88,8,0,3
BRDA:115,9,0,2
BRDA:116,10,0,1
BRDA:116,11,0,2
BRDA:134,12,0,0
BRDA:140,13,0,2
BRDA:142,14,0,1
BRDA:146,15,0,1
BRDA:147,16,0,1
BRDA:148,17,0,1
BRDA:149,18,0,1
BRDA:150,19,0,1
BRDA:151,20,0,1
BRDA:158,21,0,2
BRDA:158,22,0,0
BRDA:161,23,0,2
BRDA:163,24,0,1
BRDA:92,25,0,2
BRDA:93,26,0,1
BRDA:97,27,0,0
BRDA:100,28,0,2
BRDA:109,29,0,0
BRDA:119,30,0,2
BRDA:125,31,0,0
BRDA:125,32,0,0
BRDA:128,33,0,0
BRDA:145,34,0,2
BRF:35
BRH:28
end_of_record
TN:
SF:src/routes/admin/film/create/addFilms.test.ts
FN:32,formData
FN:41,formData
FN:49,json
FN:75,formData
FN:92,formData
FN:100,json
FN:136,formData
FN:153,formData
FN:169,json
FN:184,formData
FN:197,formData
FN:206,json
FNF:12
FNH:12
FNDA:1,formData
FNDA:1,formData
FNDA:1,json
FNDA:1,formData
FNDA:1,formData
FNDA:1,json
FNDA:1,formData
FNDA:1,formData
FNDA:2,json
FNDA:1,formData
FNDA:1,formData
FNDA:2,json
DA:1,1
DA:22,1
DA:24,1
DA:25,1
DA:26,8
DA:27,1
DA:29,1
DA:30,1
DA:31,1
DA:32,1
DA:33,1
DA:35,1
DA:36,1
DA:37,1
DA:39,1
DA:40,1
DA:41,1
DA:42,1
DA:43,1
DA:44,1
DA:45,1
DA:46,1
DA:48,1
DA:49,1
DA:50,1
DA:51,1
DA:52,1
DA:53,1
DA:54,1
DA:55,1
DA:56,1
DA:57,1
DA:58,1
DA:59,1
DA:60,1
DA:61,1
DA:62,1
DA:63,1
DA:65,1
DA:66,1
DA:67,1
DA:68,1
DA:69,1
DA:70,1
DA:71,1
DA:73,1
DA:74,1
DA:75,1
DA:76,1
DA:77,1
DA:78,1
DA:79,1
DA:80,1
DA:82,1
DA:84,1
DA:85,1
DA:86,1
DA:87,1
DA:89,1
DA:90,1
DA:91,1
DA:92,1
DA:93,1
DA:94,1
DA:95,1
DA:96,1
DA:97,1
DA:99,1
DA:100,1
DA:101,1
DA:102,1
DA:103,1
DA:104,1
DA:105,1
DA:106,1
DA:107,1
DA:108,1
DA:109,1
DA:110,1
DA:111,1
DA:112,1
DA:113,1
DA:115,1
DA:116,1
DA:117,1
DA:118,1
DA:119,1
DA:120,1
DA:121,1
DA:122,1
DA:123,1
DA:124,1
DA:125,1
DA:126,1
DA:127,1
DA:128,1
DA:129,1
DA:130,1
DA:131,1
DA:132,1
DA:134,1
DA:135,1
DA:136,1
DA:137,1
DA:138,1
DA:139,1
DA:140,1
DA:141,1
DA:143,1
DA:145,1
DA:146,1
DA:147,1
DA:148,1
DA:150,1
DA:151,1
DA:152,1
DA:153,1
DA:154,1
DA:155,1
DA:156,1
DA:157,1
DA:158,1
DA:159,1
DA:160,1
DA:161,1
DA:162,1
DA:163,1
DA:164,1
DA:165,1
DA:166,1
DA:168,1
DA:169,1
DA:170,1
DA:172,1
DA:173,1
DA:174,1
DA:175,1
DA:176,1
DA:178,1
DA:179,1
DA:180,1
DA:182,1
DA:183,1
DA:184,1
DA:185,1
DA:187,1
DA:188,1
DA:189,1
DA:191,1
DA:192,1
DA:193,1
DA:195,1
DA:196,1
DA:197,1
DA:198,1
DA:199,1
DA:200,1
DA:201,1
DA:202,1
DA:203,1
DA:205,1
DA:206,1
DA:207,1
DA:209,1
DA:210,1
DA:211,1
DA:212,1
DA:213,1
DA:215,1
DA:216,1
DA:217,1
DA:218,1
DA:219,1
LF:173
LH:173
BRDA:24,0,0,1
BRDA:25,1,0,8
BRDA:29,2,0,1
BRDA:30,3,0,1
BRDA:32,4,0,1
BRDA:39,5,0,1
BRDA:41,6,0,1
BRDA:49,7,0,1
BRDA:73,8,0,1
BRDA:75,9,0,1
BRDA:89,10,0,1
BRDA:90,11,0,1
BRDA:92,12,0,1
BRDA:100,13,0,1
BRDA:134,14,0,1
BRDA:136,15,0,1
BRDA:150,16,0,1
BRDA:151,17,0,1
BRDA:153,18,0,1
BRDA:169,19,0,2
BRDA:182,20,0,1
BRDA:184,21,0,1
BRDA:195,22,0,1
BRDA:197,23,0,1
BRDA:206,24,0,2
BRF:25
BRH:25
end_of_record
TN:
SF:src/routes/admin/films/+page.server.ts
FN:6,load
FNF:1
FNH:1
FNDA:3,load
DA:1,1
DA:6,1
DA:7,3
DA:8,3
DA:9,2
DA:10,2
DA:11,2
DA:12,3
DA:13,1
DA:14,1
DA:15,1
DA:16,3
LF:12
LH:12
BRDA:6,0,0,3
BRDA:8,1,0,2
BRDA:12,2,0,1
BRF:3
BRH:3
end_of_record
TN:
SF:src/routes/admin/films/films.test.ts
FNF:0
FNH:0
DA:1,1
DA:21,1
DA:22,1
DA:23,3
DA:24,1
DA:26,1
DA:27,1
DA:28,1
DA:29,1
DA:30,1
DA:32,1
DA:33,1
DA:35,1
DA:37,1
DA:38,1
DA:39,1
DA:40,1
DA:41,1
DA:42,1
DA:44,1
DA:45,1
DA:46,1
DA:48,1
DA:50,1
DA:51,1
DA:52,1
DA:53,1
DA:54,1
DA:55,1
DA:57,1
DA:58,1
DA:59,1
DA:60,1
DA:62,1
DA:64,1
DA:66,1
DA:67,1
DA:68,1
DA:69,1
DA:70,1
LF:40
LH:40
BRDA:21,0,0,1
BRDA:22,1,0,3
BRDA:26,2,0,1
BRDA:44,3,0,1
BRDA:57,4,0,1
BRF:5
BRH:5
end_of_record
TN:
SF:src/routes/admin/gift-cards/+page.server.ts
FN:8,load
FN:17,createGiftCard
FN:40,updateGiftCard
FN:58,deleteGiftCard
FNF:4
FNH:4
FNDA:1,load
FNDA:2,createGiftCard
FNDA:2,updateGiftCard
FNDA:1,deleteGiftCard
DA:1,1
DA:8,1
DA:9,1
DA:11,1
DA:12,1
DA:13,1
DA:14,1
DA:16,1
DA:17,1
DA:18,2
DA:19,2
DA:21,2
DA:22,2
DA:24,2
DA:25,1
DA:26,1
DA:28,1
DA:29,1
DA:30,1
DA:31,1
DA:33,1
DA:34,1
DA:35,1
DA:36,2
DA:37,0
DA:38,0
DA:39,2
DA:40,1
DA:41,2
DA:42,2
DA:43,2
DA:44,2
DA:45,2
DA:47,2
DA:48,1
DA:49,1
DA:51,1
DA:52,1
DA:53,1
DA:54,2
DA:55,0
DA:56,0
DA:57,2
DA:58,1
DA:59,1
DA:60,1
DA:61,1
DA:63,1
DA:64,1
DA:65,1
DA:66,1
DA:67,0
DA:68,0
DA:69,1
DA:70,1
LF:55
LH:49
BRDA:8,0,0,1
BRDA:17,1,0,2
BRDA:24,2,0,1
BRDA:36,3,0,0
BRDA:40,4,0,2
BRDA:47,5,0,1
BRDA:54,6,0,0
BRDA:58,7,0,1
BRDA:66,8,0,0
BRF:9
BRH:6
end_of_record
TN:
SF:src/routes/admin/gift-cards/giftCard.test.ts
FNF:0
FNH:0
DA:1,1
DA:63,1
DA:64,1
DA:65,6
DA:66,1
DA:68,1
DA:69,1
DA:70,1
DA:71,1
DA:72,1
DA:73,1
DA:75,1
DA:76,1
DA:77,1
DA:78,1
DA:80,1
DA:82,1
DA:83,1
DA:84,1
DA:85,1
DA:87,1
DA:88,1
DA:89,1
DA:90,1
DA:91,1
DA:93,1
DA:95,1
DA:97,1
DA:98,1
DA:99,1
DA:101,1
DA:102,1
DA:103,1
DA:104,1
DA:106,1
DA:108,1
DA:110,1
DA:111,1
DA:112,1
DA:113,1
DA:115,1
DA:116,1
DA:117,1
DA:118,1
DA:119,1
DA:120,1
DA:122,1
DA:124,1
DA:126,1
DA:127,1
DA:128,1
DA:130,1
DA:131,1
DA:132,1
DA:133,1
DA:134,1
DA:136,1
DA:138,1
DA:140,1
DA:141,1
DA:142,1
DA:143,1
DA:145,1
DA:146,1
DA:147,1
DA:148,1
DA:150,1
DA:152,1
DA:154,1
DA:155,1
DA:156,1
DA:157,1
DA:158,1
LF:73
LH:73
BRDA:63,0,0,1
BRDA:64,1,0,6
BRDA:68,2,0,1
BRDA:69,3,0,1
BRDA:76,4,0,1
BRDA:77,5,0,1
BRDA:87,6,0,1
BRDA:88,7,0,1
BRDA:101,8,0,1
BRDA:115,9,0,1
BRDA:116,10,0,1
BRDA:130,11,0,1
BRDA:145,12,0,1
BRDA:146,13,0,1
BRF:14
BRH:14
end_of_record
TN:
SF:src/routes/admin/logs/+page.server.ts
FN:7,load
FNF:1
FNH:1
FNDA:3,load
DA:1,1
DA:7,1
DA:8,3
DA:9,3
DA:10,2
DA:11,2
DA:12,2
DA:13,3
DA:14,1
DA:15,1
DA:16,1
DA:17,3
LF:12
LH:12
BRDA:7,0,0,3
BRDA:9,1,0,2
BRDA:13,2,0,1
BRF:3
BRH:3
end_of_record
TN:
SF:src/routes/admin/logs/logs.test.ts
FNF:0
FNH:0
DA:1,1
DA:23,1
DA:24,1
DA:25,3
DA:26,1
DA:28,1
DA:29,1
DA:30,1
DA:31,1
DA:32,1
DA:34,1
DA:35,1
DA:37,1
DA:39,1
DA:40,1
DA:41,1
DA:42,1
DA:43,1
DA:44,1
DA:45,1
DA:47,1
DA:48,1
DA:49,1
DA:51,1
DA:53,1
DA:54,1
DA:55,1
DA:56,1
DA:57,1
DA:58,1
DA:59,1
DA:61,1
DA:62,1
DA:63,1
DA:65,1
DA:67,1
DA:68,1
DA:69,1
DA:71,0
DA:73,1
DA:75,1
DA:76,1
DA:78,1
DA:80,1
DA:81,1
DA:82,1
LF:46
LH:45
BRDA:23,0,0,1
BRDA:24,1,0,3
BRDA:28,2,0,1
BRDA:47,3,0,1
BRDA:61,4,0,1
BRDA:69,5,0,0
BRDA:65,6,0,1
BRF:7
BRH:6
end_of_record
TN:
SF:src/routes/admin/newsletter/+page.server.ts
FN:10,sendNewsletter
FN:53,load
FNF:2
FNH:1
FNDA:4,sendNewsletter
FNDA:0,load
DA:1,1
DA:9,1
DA:10,1
DA:11,4
DA:12,4
DA:13,4
DA:14,4
DA:16,4
DA:17,1
DA:18,1
DA:19,1
DA:20,1
DA:23,3
DA:24,3
DA:25,3
DA:26,3
DA:28,4
DA:29,1
DA:30,1
DA:31,1
DA:32,1
DA:35,2
DA:38,2
DA:40,1
DA:41,1
DA:42,1
DA:43,1
DA:44,1
DA:45,1
DA:46,1
DA:47,1
DA:48,1
DA:49,1
DA:50,4
DA:51,1
DA:53,0
DA:54,0
DA:55,0
DA:56,0
DA:57,0
DA:58,0
LF:41
LH:35
BRDA:10,0,0,4
BRDA:16,1,0,3
BRDA:16,2,0,1
BRDA:20,3,0,3
BRDA:28,4,0,1
BRDA:32,5,0,2
BRDA:38,6,0,1
BRDA:25,7,0,3
BRDA:26,8,0,3
BRF:9
BRH:9
end_of_record
TN:
SF:src/routes/admin/newsletter/newsletter.test.ts
FNF:0
FNH:0
DA:1,1
DA:20,1
DA:21,1
DA:22,4
DA:23,1
DA:25,1
DA:26,1
DA:27,1
DA:28,1
DA:30,1
DA:32,1
DA:33,1
DA:34,1
DA:35,1
DA:36,1
DA:37,1
DA:39,1
DA:40,1
DA:41,1
DA:42,1
DA:43,1
DA:44,1
DA:45,1
DA:46,1
DA:47,1
DA:49,1
DA:51,1
DA:52,1
DA:53,1
DA:54,1
DA:55,1
DA:56,1
DA:58,1
DA:59,1
DA:60,1
DA:61,1
DA:62,1
DA:63,1
DA:64,1
DA:65,1
DA:66,1
DA:68,1
DA:69,1
DA:70,1
DA:71,1
DA:73,1
DA:74,1
DA:75,1
DA:76,1
DA:78,1
DA:80,1
DA:81,1
DA:82,1
DA:83,1
DA:85,1
DA:86,1
DA:87,1
DA:88,1
DA:89,1
DA:90,1
DA:91,1
DA:93,1
DA:94,1
DA:95,1
DA:96,1
DA:97,1
DA:98,1
DA:99,1
DA:100,1
DA:101,1
DA:103,1
DA:104,1
DA:105,1
DA:107,1
DA:108,1
DA:109,1
DA:111,1
DA:113,1
DA:115,1
DA:116,1
DA:117,1
DA:118,1
DA:119,1
DA:121,1
DA:122,1
DA:123,1
DA:124,1
DA:126,1
DA:127,1
DA:128,1
LF:90
LH:90
BRDA:20,0,0,1
BRDA:21,1,0,4
BRDA:25,2,0,1
BRDA:39,3,0,1
BRDA:58,4,0,1
BRDA:74,5,0,1
BRDA:93,6,0,1
BRDA:107,7,0,1
BRDA:111,8,0,1
BRF:9
BRH:9
end_of_record
TN:
SF:src/routes/admin/price-set/+page.server.ts
FN:8,JSONFormatter
FN:28,load
FN:40,createPriceSet
FN:72,delete
FN:92,updatePriceSet
FNF:5
FNH:5
FNDA:6,JSONFormatter
FNDA:1,load
FNDA:2,createPriceSet
FNDA:2,delete
FNDA:4,updatePriceSet
DA:1,1
DA:8,6
DA:9,6
DA:10,6
DA:12,6
DA:13,6
DA:15,6
DA:16,5
DA:17,5
DA:18,6
DA:19,5
DA:20,5
DA:22,6
DA:23,6
DA:24,6
DA:25,6
DA:26,6
DA:28,1
DA:29,1
DA:30,1
DA:31,1
DA:33,1
DA:34,1
DA:35,1
DA:36,1
DA:37,1
DA:38,1
DA:39,1
DA:40,1
DA:41,2
DA:42,2
DA:44,2
DA:45,2
DA:46,2
DA:47,2
DA:49,2
DA:51,2
DA:52,1
DA:53,1
DA:55,1
DA:56,1
DA:57,1
DA:58,1
DA:59,1
DA:60,1
DA:61,1
DA:62,1
DA:63,1
DA:64,1
DA:65,1
DA:66,1
DA:67,1
DA:68,2
DA:69,0
DA:70,0
DA:71,2
DA:72,1
DA:73,2
DA:74,2
DA:75,2
DA:77,2
DA:78,1
DA:79,1
DA:81,1
DA:82,1
DA:83,1
DA:84,1
DA:85,1
DA:86,1
DA:87,1
DA:88,2
DA:89,0
DA:90,0
DA:91,2
DA:92,1
DA:93,4
DA:95,4
DA:96,4
DA:97,4
DA:98,4
DA:99,4
DA:101,4
DA:103,4
DA:104,1
DA:105,1
DA:106,4
DA:107,1
DA:108,1
DA:109,4
DA:110,1
DA:111,1
DA:113,1
DA:114,1
DA:115,1
DA:116,1
DA:117,1
DA:118,1
DA:119,1
DA:120,1
DA:121,1
DA:122,1
DA:123,4
DA:124,0
DA:125,0
DA:126,4
DA:127,1
LF:106
LH:100
BRDA:8,0,0,6
BRDA:15,1,0,5
BRDA:18,2,0,5
BRDA:28,3,0,1
BRDA:40,4,0,2
BRDA:51,5,0,1
BRDA:68,6,0,0
BRDA:72,7,0,2
BRDA:77,8,0,1
BRDA:88,9,0,0
BRDA:92,10,0,4
BRDA:103,11,0,3
BRDA:103,12,0,3
BRDA:103,13,0,1
BRDA:105,14,0,3
BRDA:106,15,0,2
BRDA:106,16,0,1
BRDA:108,17,0,2
BRDA:109,18,0,1
BRDA:123,19,0,0
BRF:20
BRH:17
end_of_record
TN:
SF:src/routes/admin/price-set/priceSet.test.ts
FNF:0
FNH:0
DA:1,1
DA:40,1
DA:41,1
DA:42,1
DA:43,1
DA:45,1
DA:46,1
DA:47,1
DA:48,1
DA:50,1
DA:51,1
DA:52,3
DA:53,3
DA:54,3
DA:55,3
DA:56,3
DA:57,3
DA:58,1
DA:59,2
DA:60,1
DA:61,1
DA:62,3
DA:63,3
DA:64,3
DA:65,1
DA:67,1
DA:69,1
DA:70,1
DA:71,1
DA:72,1
DA:73,1
DA:74,1
DA:75,1
DA:77,1
DA:78,1
DA:79,8
DA:80,1
DA:82,1
DA:83,1
DA:84,1
DA:85,1
DA:86,1
DA:87,1
DA:89,1
DA:91,1
DA:93,1
DA:94,1
DA:96,1
DA:97,1
DA:98,1
DA:99,1
DA:100,1
DA:102,1
DA:104,1
DA:105,1
DA:107,1
DA:109,1
DA:110,1
DA:111,1
DA:112,1
DA:114,1
DA:115,1
DA:116,1
DA:117,1
DA:118,1
DA:120,1
DA:122,1
DA:124,1
DA:125,1
DA:127,1
DA:128,1
DA:129,1
DA:130,1
DA:132,1
DA:134,1
DA:135,1
DA:137,1
DA:139,1
DA:140,1
DA:141,1
DA:142,1
DA:144,1
DA:145,1
DA:146,1
DA:147,1
DA:148,3
DA:149,3
DA:150,1
DA:151,0
DA:152,1
DA:153,1
DA:154,1
DA:156,1
DA:158,1
DA:160,1
DA:161,1
DA:163,1
DA:164,1
DA:165,1
DA:166,1
DA:167,1
DA:169,1
DA:171,1
DA:172,1
DA:174,1
DA:176,1
DA:177,1
DA:178,1
DA:180,1
DA:181,1
DA:182,1
DA:183,3
DA:184,3
DA:185,1
DA:186,0
DA:187,1
DA:188,1
DA:189,1
DA:191,1
DA:193,1
DA:194,1
DA:196,1
DA:198,1
DA:199,1
DA:200,1
DA:202,1
DA:203,1
DA:204,1
DA:205,3
DA:206,3
DA:207,1
DA:208,0
DA:209,1
DA:210,1
DA:211,1
DA:213,1
DA:215,1
DA:216,1
DA:218,1
DA:220,1
DA:221,1
DA:222,1
DA:223,1
DA:224,1
LF:144
LH:141
BRDA:40,0,0,1
BRDA:41,1,0,1
BRDA:45,2,0,1
BRDA:51,3,0,3
BRDA:53,4,0,3
BRDA:57,5,0,1
BRDA:58,6,0,2
BRDA:59,7,0,1
BRDA:60,8,0,1
BRDA:77,9,0,1
BRDA:78,10,0,8
BRDA:82,11,0,1
BRDA:83,12,0,1
BRDA:85,13,0,2
BRDA:85,14,0,1
BRDA:85,15,0,1
BRDA:86,16,0,2
BRDA:96,17,0,1
BRDA:98,18,0,2
BRDA:98,19,0,1
BRDA:98,20,0,1
BRDA:99,21,0,2
BRDA:114,22,0,1
BRDA:115,23,0,1
BRDA:117,24,0,1
BRDA:127,25,0,1
BRDA:129,26,0,1
BRDA:144,27,0,1
BRDA:145,28,0,1
BRDA:147,29,0,3
BRDA:148,30,0,1
BRDA:148,31,0,2
BRDA:149,32,0,1
BRDA:150,33,0,0
BRDA:153,34,0,2
BRDA:163,35,0,1
BRDA:165,36,0,3
BRDA:166,37,0,2
BRDA:180,38,0,1
BRDA:182,39,0,3
BRDA:183,40,0,1
BRDA:183,41,0,2
BRDA:184,42,0,1
BRDA:185,43,0,0
BRDA:188,44,0,2
BRDA:202,45,0,1
BRDA:204,46,0,3
BRDA:205,47,0,1
BRDA:205,48,0,2
BRDA:206,49,0,1
BRDA:207,50,0,0
BRDA:210,51,0,2
BRF:52
BRH:49
end_of_record
TN:
SF:src/routes/admin/rooms/+page.server.ts
FN:1,(empty-report)
FNF:1
FNH:0
FNDA:0,(empty-report)
DA:1,0
DA:10,0
DA:11,0
DA:12,0
DA:13,0
DA:14,0
DA:16,0
DA:17,0
DA:18,0
DA:20,0
DA:21,0
DA:22,0
DA:23,0
DA:25,0
DA:26,0
DA:27,0
DA:29,0
DA:30,0
DA:31,0
DA:35,0
DA:36,0
DA:37,0
DA:38,0
DA:39,0
DA:40,0
DA:41,0
DA:42,0
DA:43,0
DA:44,0
DA:45,0
DA:48,0
DA:50,0
DA:51,0
DA:54,0
DA:57,0
DA:58,0
DA:59,0
DA:60,0
DA:61,0
DA:63,0
DA:64,0
LF:41
LH:0
BRDA:1,0,0,0
BRF:1
BRH:0
end_of_record
TN:
SF:src/routes/admin/rooms/[id]/+page.server.ts
FN:1,(empty-report)
FNF:1
FNH:0
FNDA:0,(empty-report)
DA:1,0
DA:20,0
DA:21,0
DA:22,0
DA:23,0
DA:24,0
DA:25,0
DA:27,0
DA:28,0
DA:29,0
DA:30,0
DA:31,0
DA:33,0
DA:35,0
DA:36,0
DA:37,0
DA:40,0
DA:47,0
DA:49,0
DA:51,0
DA:53,0
DA:54,0
DA:55,0
DA:56,0
DA:57,0
DA:58,0
DA:60,0
DA:61,0
DA:62,0
DA:63,0
DA:64,0
DA:65,0
DA:67,0
DA:68,0
DA:69,0
DA:70,0
DA:72,0
DA:74,0
DA:75,0
DA:76,0
DA:77,0
DA:78,0
DA:80,0
DA:81,0
DA:82,0
DA:83,0
DA:84,0
DA:85,0
DA:87,0
DA:88,0
DA:90,0
DA:92,0
DA:94,0
DA:95,0
DA:96,0
DA:97,0
DA:98,0
DA:99,0
DA:100,0
DA:101,0
DA:102,0
DA:103,0
DA:105,0
DA:106,0
DA:108,0
DA:109,0
DA:110,0
DA:111,0
DA:113,0
DA:114,0
DA:115,0
DA:116,0
DA:117,0
DA:118,0
DA:119,0
DA:120,0
DA:121,0
DA:123,0
DA:124,0
DA:126,0
DA:127,0
DA:128,0
DA:131,0
DA:132,0
DA:134,0
DA:135,0
DA:138,0
DA:141,0
DA:143,0
DA:144,0
DA:145,0
DA:146,0
DA:148,0
DA:149,0
DA:150,0
DA:152,0
DA:153,0
DA:156,0
DA:158,0
DA:160,0
DA:162,0
DA:164,0
DA:165,0
DA:166,0
DA:167,0
DA:168,0
DA:169,0
DA:170,0
DA:171,0
DA:172,0
DA:173,0
DA:174,0
DA:175,0
DA:178,0
DA:179,0
DA:180,0
DA:181,0
DA:182,0
DA:183,0
DA:184,0
DA:186,0
DA:187,0
DA:188,0
DA:189,0
DA:190,0
DA:191,0
DA:192,0
DA:193,0
DA:194,0
DA:195,0
DA:196,0
DA:197,0
DA:198,0
DA:199,0
DA:200,0
DA:201,0
DA:202,0
DA:203,0
DA:204,0
DA:205,0
LF:140
LH:0
BRDA:1,0,0,0
BRF:1
BRH:0
end_of_record
TN:
SF:src/routes/admin/seat-category/+page.server.ts
FN:1,(empty-report)
FNF:1
FNH:0
FNDA:0,(empty-report)
DA:1,0
DA:9,0
DA:10,0
DA:11,0
DA:13,0
DA:14,0
DA:15,0
DA:16,0
DA:17,0
DA:18,0
DA:19,0
DA:20,0
DA:21,0
DA:22,0
DA:24,0
DA:25,0
DA:27,0
DA:30,0
DA:31,0
DA:32,0
DA:35,0
DA:36,0
DA:37,0
DA:38,0
DA:39,0
DA:40,0
DA:41,0
DA:42,0
DA:43,0
DA:44,0
DA:45,0
DA:46,0
DA:47,0
DA:49,0
DA:50,0
DA:51,0
DA:52,0
DA:53,0
DA:54,0
DA:55,0
DA:56,0
DA:57,0
DA:58,0
DA:59,0
DA:61,0
DA:62,0
DA:63,0
DA:64,0
DA:65,0
DA:66,0
DA:68,0
DA:70,0
DA:71,0
DA:72,0
DA:73,0
DA:74,0
DA:75,0
DA:76,0
DA:77,0
DA:78,0
DA:79,0
DA:80,0
DA:81,0
DA:82,0
DA:84,0
DA:85,0
DA:86,0
DA:88,0
DA:89,0
DA:90,0
DA:91,0
DA:92,0
DA:93,0
DA:94,0
DA:95,0
DA:96,0
DA:97,0
DA:98,0
DA:99,0
DA:100,0
DA:101,0
DA:102,0
DA:103,0
DA:105,0
DA:106,0
DA:107,0
DA:108,0
DA:109,0
DA:110,0
DA:111,0
DA:112,0
DA:113,0
DA:114,0
DA:115,0
DA:117,0
DA:118,0
DA:119,0
DA:120,0
DA:122,0
DA:124,0
DA:125,0
DA:126,0
DA:127,0
DA:128,0
DA:129,0
DA:131,0
DA:132,0
DA:133,0
DA:134,0
DA:135,0
DA:136,0
DA:137,0
DA:138,0
DA:139,0
DA:140,0
DA:141,0
DA:142,0
LF:117
LH:0
BRDA:1,0,0,0
BRF:1
BRH:0
end_of_record
TN:
SF:src/routes/admin/seat-category/svg_parser.ts
FN:1,(empty-report)
FNF:1
FNH:1
FNDA:1,(empty-report)
DA:12,0
DA:13,0
DA:14,0
DA:15,0
DA:17,0
DA:18,0
DA:19,0
DA:22,0
DA:25,0
DA:26,0
DA:27,0
DA:28,0
DA:29,0
DA:31,0
DA:32,0
DA:33,0
DA:34,0
DA:35,0
DA:37,0
DA:38,0
DA:39,0
LF:21
LH:0
BRDA:1,0,0,1
BRF:1
BRH:1
end_of_record
TN:
SF:src/routes/admin/show/[id]/+page.server.ts
FN:21,getID
FN:25,notifyUsers
FN:58,load
FN:91,update
FN:114,delete
FN:132,cancel
FN:154,uncancel
FN:192,reschedule
FNF:8
FNH:7
FNDA:4,getID
FNDA:1,notifyUsers
FNDA:1,load
FNDA:1,update
FNDA:1,delete
FNDA:1,cancel
FNDA:1,uncancel
FNDA:0,reschedule
DA:1,1
DA:21,4
DA:22,4
DA:23,4
DA:24,4
DA:25,1
DA:26,1
DA:27,1
DA:28,1
DA:30,1
DA:31,1
DA:32,1
DA:33,1
DA:34,1
DA:35,1
DA:36,1
DA:38,0
DA:39,0
DA:40,0
DA:41,0
DA:42,0
DA:43,0
DA:44,0
DA:45,0
DA:46,0
DA:47,0
DA:48,0
DA:49,1
DA:50,1
DA:51,1
DA:52,1
DA:53,1
DA:55,1
DA:56,1
DA:58,1
DA:59,1
DA:60,1
DA:61,1
DA:62,1
DA:63,1
DA:64,1
DA:65,1
DA:66,1
DA:67,1
DA:68,1
DA:69,1
DA:70,1
DA:71,1
DA:72,1
DA:73,1
DA:74,1
DA:75,1
DA:76,1
DA:77,1
DA:79,1
DA:80,1
DA:81,1
DA:82,1
DA:83,1
DA:84,1
DA:85,0
DA:86,0
DA:87,0
DA:88,1
DA:90,1
DA:91,1
DA:93,1
DA:96,1
DA:97,1
DA:98,1
DA:100,1
DA:101,0
DA:102,0
DA:104,1
DA:105,1
DA:106,1
DA:107,1
DA:108,1
DA:109,1
DA:110,0
DA:111,0
DA:112,0
DA:113,1
DA:114,1
DA:115,1
DA:116,1
DA:117,1
DA:119,1
DA:120,1
DA:121,1
DA:122,1
DA:123,1
DA:124,1
DA:125,1
DA:126,1
DA:127,0
DA:128,0
DA:129,0
DA:130,1
DA:131,1
DA:132,1
DA:133,1
DA:134,1
DA:136,1
DA:137,1
DA:138,0
DA:139,0
DA:141,1
DA:142,1
DA:143,1
DA:144,1
DA:145,1
DA:146,1
DA:147,1
DA:148,1
DA:149,1
DA:150,0
DA:151,0
DA:152,0
DA:153,1
DA:154,1
DA:155,1
DA:156,1
DA:157,1
DA:158,1
DA:159,1
DA:160,1
DA:161,1
DA:163,1
DA:164,0
DA:165,0
DA:166,1
DA:168,1
DA:169,0
DA:170,0
DA:171,0
DA:172,0
DA:173,0
DA:174,0
DA:175,0
DA:176,0
DA:177,0
DA:178,1
DA:179,1
DA:180,1
DA:181,1
DA:182,1
DA:183,1
DA:184,1
DA:185,1
DA:186,1
DA:187,0
DA:188,0
DA:189,0
DA:190,1
DA:191,1
DA:192,1
DA:193,0
DA:194,0
DA:195,0
DA:196,0
DA:197,0
DA:198,0
DA:199,0
DA:201,0
DA:202,0
DA:203,0
DA:204,0
DA:205,0
DA:206,0
DA:207,0
DA:208,0
DA:209,0
DA:210,0
DA:211,0
DA:212,0
DA:213,0
DA:214,0
DA:215,0
DA:216,0
DA:217,0
DA:218,0
DA:219,0
DA:220,0
DA:221,0
DA:222,0
DA:223,0
DA:224,0
DA:225,0
DA:226,0
DA:227,0
DA:228,0
DA:229,0
DA:230,0
DA:231,0
DA:232,0
DA:234,0
DA:235,0
DA:236,0
DA:237,0
DA:238,0
DA:239,0
DA:240,0
DA:241,0
DA:243,0
DA:244,0
DA:245,0
DA:246,0
DA:247,0
DA:248,0
DA:249,0
DA:250,1
LF:212
LH:117
BRDA:21,0,0,4
BRDA:22,1,0,0
BRDA:25,2,0,1
BRDA:36,3,0,0
BRDA:58,4,0,1
BRDA:84,5,0,0
BRDA:91,6,0,1
BRDA:100,7,0,0
BRDA:109,8,0,0
BRDA:114,9,0,1
BRDA:126,10,0,0
BRDA:132,11,0,1
BRDA:137,12,0,0
BRDA:149,13,0,0
BRDA:154,14,0,1
BRDA:163,15,0,0
BRDA:168,16,0,0
BRDA:186,17,0,0
BRF:18
BRH:7
end_of_record
TN:
SF:src/routes/admin/show/[id]/showDetail.test.ts
FNF:0
FNH:0
DA:1,1
DA:42,1
DA:43,1
DA:44,1
DA:45,1
DA:46,1
DA:47,1
DA:48,1
DA:49,1
DA:50,1
DA:51,1
DA:52,1
DA:53,1
DA:54,1
DA:55,1
DA:56,1
DA:57,1
DA:58,1
DA:60,1
DA:61,1
DA:62,1
DA:63,1
DA:64,1
DA:65,1
DA:66,1
DA:67,1
DA:68,1
DA:70,1
DA:71,1
DA:72,1
DA:74,1
DA:76,1
DA:77,1
DA:78,1
DA:80,1
DA:81,1
DA:82,1
DA:83,1
DA:84,1
DA:85,1
DA:86,1
DA:87,1
DA:88,1
DA:89,1
DA:90,1
DA:91,1
DA:92,1
DA:94,1
DA:95,1
DA:96,1
DA:97,1
DA:98,1
DA:100,1
DA:102,1
DA:103,1
DA:104,1
DA:105,1
DA:106,1
DA:107,1
DA:108,1
DA:109,1
DA:110,1
DA:112,1
DA:113,1
DA:114,1
DA:115,1
DA:116,1
DA:117,1
DA:119,1
DA:120,1
DA:121,1
DA:123,1
DA:125,1
DA:126,1
DA:127,1
DA:128,1
DA:129,1
DA:131,1
DA:132,1
DA:133,1
DA:134,1
DA:135,1
DA:137,1
DA:138,1
DA:139,1
DA:140,1
DA:141,1
DA:143,1
DA:145,1
DA:146,1
DA:147,1
DA:148,1
DA:150,1
DA:151,1
DA:152,1
DA:153,1
DA:154,1
DA:155,1
DA:156,1
DA:157,1
DA:158,1
DA:159,1
DA:160,1
DA:161,1
DA:162,1
DA:164,1
DA:165,1
DA:166,1
DA:167,1
DA:168,1
DA:170,1
DA:172,1
DA:173,1
DA:174,1
DA:175,1
DA:239,1
LF:116
LH:116
BRDA:42,0,0,1
BRDA:43,1,0,1
BRDA:80,2,0,1
BRDA:81,3,0,1
BRDA:82,4,0,1
BRDA:112,5,0,1
BRDA:113,6,0,1
BRDA:131,7,0,1
BRDA:132,8,0,1
BRDA:150,9,0,1
BRDA:151,10,0,1
BRF:11
BRH:11
end_of_record
TN:
SF:src/routes/admin/show/create/[id]/+page.server.ts
FN:31,load
FN:50,getTimeWindows
FN:77,getTimes
FN:96,saveShowing
FN:202,checkTimeWindowAvailability
FN:225,getAvailableTimeWindows
FN:285,getPossibletimes
FN:305,calculateTimeDifference
FN:317,generateRecurringShowings
FNF:9
FNH:9
FNDA:1,load
FNDA:1,getTimeWindows
FNDA:1,getTimes
FNDA:2,saveShowing
FNDA:5,checkTimeWindowAvailability
FNDA:1,getAvailableTimeWindows
FNDA:1,getPossibletimes
FNDA:1,calculateTimeDifference
FNDA:1,generateRecurringShowings
DA:1,1
DA:31,1
DA:32,1
DA:33,1
DA:34,1
DA:35,1
DA:36,1
DA:38,1
DA:39,1
DA:40,1
DA:41,1
DA:42,1
DA:43,1
DA:44,1
DA:45,1
DA:46,1
DA:47,1
DA:49,1
DA:50,1
DA:51,1
DA:52,1
DA:53,1
DA:54,1
DA:55,1
DA:56,1
DA:57,1
DA:58,0
DA:59,0
DA:61,1
DA:62,1
DA:63,1
DA:64,1
DA:65,1
DA:66,1
DA:67,1
DA:68,1
DA:70,0
DA:71,1
DA:72,1
DA:73,1
DA:74,1
DA:75,1
DA:77,1
DA:78,1
DA:79,1
DA:80,1
DA:81,1
DA:83,1
DA:84,0
DA:85,0
DA:87,1
DA:88,1
DA:89,1
DA:90,1
DA:91,1
DA:93,1
DA:94,1
DA:95,1
DA:96,1
DA:97,2
DA:98,2
DA:99,2
DA:100,2
DA:101,2
DA:102,2
DA:103,2
DA:104,2
DA:105,2
DA:106,2
DA:107,2
DA:108,2
DA:109,2
DA:110,2
DA:111,0
DA:112,0
DA:113,2
DA:114,2
DA:115,2
DA:116,1
DA:117,1
DA:118,1
DA:119,1
DA:120,1
DA:121,1
DA:122,1
DA:123,1
DA:124,1
DA:125,1
DA:127,1
DA:128,5
DA:129,5
DA:130,5
DA:131,5
DA:132,5
DA:133,5
DA:134,5
DA:136,5
DA:137,5
DA:138,5
DA:139,5
DA:140,5
DA:141,5
DA:142,5
DA:143,5
DA:144,5
DA:145,5
DA:146,5
DA:147,5
DA:148,5
DA:149,5
DA:150,5
DA:151,5
DA:152,0
DA:153,0
DA:154,0
DA:155,0
DA:156,0
DA:157,0
DA:158,0
DA:159,0
DA:160,0
DA:161,0
DA:162,0
DA:163,0
DA:164,0
DA:165,0
DA:166,0
DA:167,0
DA:168,0
DA:169,0
DA:170,5
DA:172,1
DA:173,0
DA:174,0
DA:175,0
DA:176,0
DA:177,0
DA:178,0
DA:179,1
DA:180,1
DA:181,1
DA:182,1
DA:183,1
DA:184,1
DA:185,1
DA:186,1
DA:187,1
DA:188,1
DA:189,1
DA:190,1
DA:191,1
DA:192,1
DA:193,1
DA:194,2
DA:195,0
DA:196,0
DA:197,0
DA:198,2
DA:199,2
DA:200,1
DA:202,5
DA:203,5
DA:204,5
DA:205,5
DA:206,5
DA:207,5
DA:208,5
DA:209,5
DA:210,5
DA:211,5
DA:212,5
DA:213,5
DA:214,5
DA:215,5
DA:216,5
DA:217,5
DA:218,5
DA:219,5
DA:220,5
DA:222,5
DA:223,5
DA:225,1
DA:226,1
DA:227,1
DA:228,1
DA:229,1
DA:230,1
DA:231,1
DA:232,1
DA:233,1
DA:234,1
DA:235,1
DA:236,1
DA:237,1
DA:238,1
DA:239,1
DA:240,1
DA:241,1
DA:243,1
DA:244,1
DA:246,1
DA:247,1
DA:248,1
DA:249,1
DA:250,1
DA:251,1
DA:252,1
DA:253,1
DA:254,1
DA:255,1
DA:256,1
DA:257,1
DA:259,0
DA:260,0
DA:261,0
DA:263,0
DA:264,0
DA:265,0
DA:266,0
DA:267,0
DA:268,0
DA:269,0
DA:270,0
DA:271,0
DA:273,1
DA:274,1
DA:275,0
DA:276,0
DA:277,0
DA:278,0
DA:279,0
DA:280,0
DA:282,0
DA:283,0
DA:285,1
DA:286,1
DA:287,1
DA:288,1
DA:289,1
DA:290,1
DA:291,1
DA:292,1
DA:294,1
DA:295,122
DA:296,122
DA:298,121
DA:299,121
DA:300,121
DA:302,1
DA:303,1
DA:305,1
DA:306,1
DA:307,1
DA:310,1
DA:311,0
DA:312,0
DA:314,1
DA:315,1
DA:317,1
DA:318,1
DA:319,1
DA:320,1
DA:321,1
DA:322,1
DA:323,1
DA:324,1
DA:325,1
DA:326,1
DA:327,1
DA:328,1
DA:330,1
DA:331,5
DA:332,5
DA:333,5
DA:334,5
DA:335,5
DA:337,5
DA:338,5
DA:339,0
DA:340,0
DA:341,5
DA:342,5
DA:343,5
DA:344,5
DA:345,0
DA:346,0
DA:347,5
DA:348,5
DA:349,1
DA:350,1
DA:351,1
LF:291
LH:231
BRDA:31,0,0,1
BRDA:50,1,0,1
BRDA:57,2,0,0
BRDA:68,3,0,0
BRDA:77,4,0,1
BRDA:83,5,0,0
BRDA:96,6,0,2
BRDA:110,7,0,0
BRDA:115,8,0,1
BRDA:127,9,0,5
BRDA:151,10,0,0
BRDA:172,11,0,0
BRDA:194,12,0,0
BRDA:202,13,0,5
BRDA:225,14,0,1
BRDA:257,15,0,0
BRDA:273,16,0,0
BRDA:274,17,0,0
BRDA:285,18,0,1
BRDA:294,19,0,122
BRDA:296,20,0,1
BRDA:296,21,0,121
BRDA:305,22,0,1
BRDA:310,23,0,0
BRDA:317,24,0,1
BRDA:330,25,0,5
BRDA:338,26,0,0
BRDA:344,27,0,0
BRF:28
BRH:15
end_of_record
TN:
SF:src/routes/admin/show/create/[id]/showCreate.test.ts
FN:59,get
FN:91,get
FN:109,get
FN:129,get
FNF:4
FNH:4
FNDA:4,get
FNDA:3,get
FNDA:10,get
FNDA:10,get
DA:1,1
DA:36,1
DA:37,1
DA:38,5
DA:39,1
DA:41,1
DA:42,1
DA:43,1
DA:44,1
DA:46,1
DA:47,1
DA:48,1
DA:49,1
DA:50,1
DA:51,1
DA:52,1
DA:54,1
DA:55,1
DA:56,1
DA:57,1
DA:58,1
DA:59,1
DA:60,4
DA:61,4
DA:62,4
DA:63,4
DA:64,4
DA:65,1
DA:66,1
DA:69,1
DA:72,1
DA:74,1
DA:76,1
DA:78,1
DA:79,1
DA:80,0
DA:81,0
DA:82,0
DA:83,0
DA:84,1
DA:85,1
DA:87,1
DA:88,1
DA:89,1
DA:90,1
DA:91,1
DA:92,3
DA:93,3
DA:94,3
DA:95,3
DA:96,1
DA:97,1
DA:99,1
DA:100,1
DA:101,1
DA:102,1
DA:103,1
DA:105,1
DA:106,1
DA:107,1
DA:108,1
DA:109,1
DA:110,10
DA:111,10
DA:112,10
DA:113,10
DA:114,10
DA:115,10
DA:116,10
DA:117,10
DA:118,1
DA:119,1
DA:121,1
DA:122,1
DA:123,1
DA:124,1
DA:126,1
DA:127,1
DA:128,1
DA:129,1
DA:130,10
DA:131,10
DA:132,10
DA:133,10
DA:134,10
DA:135,10
DA:136,10
DA:137,10
DA:138,10
DA:139,10
DA:140,10
DA:141,1
DA:142,1
DA:144,1
DA:146,1
DA:147,1
DA:148,1
DA:149,1
DA:150,0
DA:151,0
DA:152,0
DA:153,0
DA:154,0
DA:155,1
DA:156,1
DA:157,1
DA:158,1
LF:107
LH:98
BRDA:36,0,0,1
BRDA:37,1,0,5
BRDA:41,2,0,1
BRDA:42,3,0,1
BRDA:54,4,0,1
BRDA:55,5,0,1
BRDA:56,6,0,1
BRDA:79,7,0,0
BRDA:59,8,0,4
BRDA:87,9,0,1
BRDA:88,10,0,1
BRDA:91,11,0,3
BRDA:105,12,0,1
BRDA:106,13,0,1
BRDA:109,14,0,10
BRDA:126,15,0,1
BRDA:150,16,0,0
BRDA:129,17,0,10
BRF:18
BRH:16
end_of_record
TN:
SF:src/routes/admin/ticket-type/+page.server.ts
FN:10,load
FN:22,createTicketType
FN:51,deleteTicketType
FN:67,updateTicketType
FNF:4
FNH:4
FNDA:2,load
FNDA:2,createTicketType
FNDA:2,deleteTicketType
FNDA:3,updateTicketType
DA:1,1
DA:8,1
DA:10,1
DA:11,2
DA:12,2
DA:13,1
DA:14,1
DA:15,1
DA:16,1
DA:17,1
DA:18,1
DA:19,1
DA:20,2
DA:21,1
DA:22,1
DA:23,2
DA:24,2
DA:26,2
DA:27,2
DA:28,2
DA:30,2
DA:31,0
DA:32,0
DA:34,2
DA:35,2
DA:36,2
DA:37,2
DA:38,2
DA:40,2
DA:41,2
DA:42,1
DA:43,1
DA:44,1
DA:45,1
DA:46,1
DA:47,1
DA:48,1
DA:49,1
DA:50,2
DA:51,1
DA:52,2
DA:53,2
DA:54,2
DA:56,2
DA:57,2
DA:58,1
DA:59,1
DA:60,1
DA:61,1
DA:62,1
DA:63,1
DA:64,1
DA:65,1
DA:66,2
DA:67,1
DA:68,3
DA:70,3
DA:71,3
DA:72,3
DA:73,3
DA:75,3
DA:76,0
DA:77,0
DA:79,3
DA:80,1
DA:81,1
DA:83,2
DA:84,2
DA:85,2
DA:86,2
DA:87,2
DA:88,1
DA:89,1
DA:90,1
DA:91,3
DA:92,1
LF:76
LH:72
BRDA:10,0,0,2
BRDA:12,1,0,1
BRDA:22,2,0,2
BRDA:30,3,0,0
BRDA:41,4,0,1
BRDA:51,5,0,2
BRDA:57,6,0,1
BRDA:67,7,0,3
BRDA:75,8,0,0
BRDA:79,9,0,2
BRDA:79,10,0,1
BRDA:81,11,0,2
BRDA:87,12,0,1
BRF:13
BRH:11
end_of_record
TN:
SF:src/routes/admin/ticket-type/ticketType.test.ts
FN:84,formData
FN:140,formData
FNF:2
FNH:2
FNDA:6,formData
FNDA:1,formData
DA:1,1
DA:48,1
DA:49,1
DA:50,9
DA:51,1
DA:53,1
DA:54,1
DA:55,1
DA:57,1
DA:58,1
DA:59,1
DA:60,1
DA:61,1
DA:63,1
DA:64,1
DA:65,1
DA:66,1
DA:68,1
DA:69,1
DA:70,1
DA:71,1
DA:72,1
DA:73,1
DA:74,1
DA:76,1
DA:77,1
DA:78,1
DA:79,1
DA:80,1
DA:81,1
DA:83,1
DA:84,1
DA:85,1
DA:87,1
DA:88,1
DA:89,1
DA:91,1
DA:92,1
DA:93,1
DA:95,1
DA:96,1
DA:97,1
DA:98,1
DA:100,1
DA:101,1
DA:102,1
DA:103,1
DA:104,1
DA:105,1
DA:106,1
DA:108,1
DA:109,1
DA:110,1
DA:112,1
DA:113,1
DA:114,1
DA:116,1
DA:117,1
DA:118,1
DA:119,1
DA:121,1
DA:122,1
DA:123,1
DA:124,1
DA:125,1
DA:126,1
DA:127,1
DA:129,1
DA:130,1
DA:131,1
DA:133,1
DA:134,1
DA:135,1
DA:137,1
DA:138,1
DA:139,1
DA:140,1
DA:141,1
DA:143,1
DA:144,1
DA:145,1
DA:146,1
DA:147,1
DA:148,1
DA:150,1
DA:151,1
DA:152,1
DA:153,1
DA:155,1
DA:156,1
DA:157,1
DA:158,1
DA:159,1
DA:160,1
DA:161,1
DA:162,1
DA:163,1
LF:97
LH:97
BRDA:48,0,0,1
BRDA:49,1,0,9
BRDA:53,2,0,1
BRDA:54,3,0,1
BRDA:63,4,0,1
BRDA:64,5,0,1
BRDA:76,6,0,1
BRDA:84,7,0,6
BRDA:87,8,0,1
BRDA:88,9,0,1
BRDA:95,10,0,1
BRDA:96,11,0,1
BRDA:108,12,0,1
BRDA:109,13,0,1
BRDA:116,14,0,1
BRDA:117,15,0,1
BRDA:129,16,0,1
BRDA:130,17,0,1
BRDA:137,18,0,1
BRDA:140,19,0,1
BRDA:150,20,0,1
BRDA:151,21,0,1
BRF:22
BRH:22
end_of_record
TN:
SF:src/routes/api/cart-timer/+server.ts
FN:7,GET
FNF:1
FNH:1
FNDA:6,GET
DA:1,1
DA:7,6
DA:8,6
DA:9,1
DA:10,1
DA:12,5
DA:13,5
DA:14,5
DA:15,5
DA:16,5
DA:17,5
DA:18,5
DA:19,5
DA:20,5
DA:22,6
DA:23,1
DA:24,1
DA:26,3
DA:28,3
DA:29,3
DA:30,3
DA:31,3
DA:32,3
DA:33,3
DA:35,6
DA:36,1
DA:37,1
DA:42,2
DA:43,1
DA:44,1
DA:45,2
DA:47,2
DA:51,2
DA:52,2
DA:53,2
DA:55,2
DA:56,2
DA:57,2
DA:59,2
DA:61,2
DA:62,6
DA:63,6
DA:64,6
DA:65,1
DA:66,1
DA:67,1
DA:68,6
LF:47
LH:47
BRDA:7,0,0,6
BRDA:8,1,0,1
BRDA:10,2,0,5
BRDA:20,3,0,4
BRDA:22,4,0,1
BRDA:24,5,0,3
BRDA:35,6,0,1
BRDA:37,7,0,2
BRDA:62,8,0,1
BRDA:62,9,0,1
BRDA:64,10,0,1
BRDA:42,11,0,1
BRDA:43,12,0,0
BRDA:44,13,0,0
BRF:14
BRH:12
end_of_record
TN:
SF:src/routes/api/cart-timer/test.test.ts
FNF:0
FNH:0
DA:1,1
DA:25,1
DA:26,1
DA:27,6
DA:28,6
DA:29,1
DA:31,1
DA:32,6
DA:33,1
DA:35,1
DA:36,1
DA:37,1
DA:38,1
DA:40,1
DA:41,1
DA:42,1
DA:43,1
DA:44,1
DA:45,1
DA:47,1
DA:48,1
DA:49,1
DA:51,1
DA:52,1
DA:53,1
DA:54,1
DA:55,1
DA:56,1
DA:57,1
DA:58,1
DA:59,1
DA:60,1
DA:62,1
DA:63,1
DA:64,1
DA:66,1
DA:67,1
DA:68,1
DA:70,1
DA:71,1
DA:72,1
DA:73,1
DA:74,1
DA:75,1
DA:76,1
DA:77,1
DA:78,1
DA:79,1
DA:80,1
DA:81,1
DA:82,1
DA:84,1
DA:85,1
DA:86,1
DA:87,1
DA:88,1
DA:90,1
DA:91,1
DA:92,1
DA:94,1
DA:95,1
DA:96,1
DA:97,1
DA:98,1
DA:99,1
DA:100,1
DA:101,1
DA:102,1
DA:103,1
DA:105,1
DA:106,1
DA:107,1
DA:109,1
DA:110,1
DA:111,1
DA:112,1
DA:113,1
DA:114,1
DA:116,1
DA:117,1
DA:118,1
DA:119,1
DA:120,1
DA:121,1
LF:84
LH:84
BRDA:25,0,0,1
BRDA:26,1,0,6
BRDA:31,2,0,6
BRDA:35,3,0,1
BRDA:40,4,0,1
BRDA:51,5,0,1
BRDA:66,6,0,1
BRDA:90,7,0,1
BRDA:109,8,0,1
BRF:9
BRH:9
end_of_record
TN:
SF:src/routes/api/seats/[showingId]/stream/+server.ts
FN:1,(empty-report)
FNF:1
FNH:0
FNDA:0,(empty-report)
DA:1,0
DA:9,0
DA:10,0
DA:12,0
DA:13,0
DA:14,0
DA:15,0
DA:17,0
DA:18,0
DA:19,0
DA:21,0
DA:22,0
DA:23,0
DA:24,0
DA:26,0
DA:27,0
DA:28,0
DA:30,0
DA:32,0
DA:33,0
DA:34,0
DA:35,0
DA:36,0
DA:37,0
DA:38,0
DA:39,0
DA:41,0
DA:42,0
DA:43,0
DA:45,0
DA:46,0
DA:47,0
DA:48,0
DA:49,0
DA:50,0
DA:51,0
DA:52,0
DA:53,0
DA:54,0
DA:56,0
DA:57,0
DA:58,0
DA:59,0
DA:60,0
DA:61,0
DA:63,0
DA:65,0
DA:67,0
DA:68,0
DA:69,0
DA:70,0
DA:71,0
DA:72,0
DA:73,0
DA:74,0
DA:75,0
DA:76,0
DA:77,0
DA:79,0
DA:80,0
DA:81,0
DA:82,0
DA:83,0
DA:84,0
DA:85,0
DA:86,0
DA:87,0
DA:88,0
DA:89,0
DA:90,0
DA:91,0
DA:92,0
DA:93,0
DA:94,0
DA:95,0
DA:97,0
DA:98,0
DA:99,0
DA:100,0
DA:101,0
DA:102,0
DA:103,0
DA:104,0
DA:105,0
LF:84
LH:0
BRDA:1,0,0,0
BRF:1
BRH:0
end_of_record
TN:
SF:src/routes/api/subscribe/+server.ts
FN:7,POST
FNF:1
FNH:1
FNDA:4,POST
DA:1,1
DA:7,1
DA:8,4
DA:9,4
DA:10,4
DA:12,4
DA:13,1
DA:14,1
DA:17,3
DA:19,3
DA:20,1
DA:21,1
DA:22,1
DA:23,1
DA:24,1
DA:26,1
DA:27,4
DA:28,2
DA:29,1
DA:30,1
DA:31,1
DA:32,1
DA:33,1
DA:34,4
LF:24
LH:24
BRDA:7,0,0,4
BRDA:12,1,0,1
BRDA:14,2,0,3
BRDA:19,3,0,1
BRDA:27,4,0,2
BRDA:28,5,0,1
BRDA:28,6,0,1
BRF:7
BRH:7
end_of_record
TN:
SF:src/routes/api/subscribe/test.test.ts
FNF:0
FNH:0
DA:1,1
DA:20,1
DA:21,1
DA:22,4
DA:23,1
DA:25,1
DA:26,1
DA:27,1
DA:28,1
DA:30,1
DA:32,1
DA:33,1
DA:35,1
DA:36,1
DA:37,1
DA:38,1
DA:39,1
DA:41,1
DA:42,1
DA:44,1
DA:46,1
DA:47,1
DA:48,1
DA:49,1
DA:51,1
DA:52,1
DA:53,1
DA:55,1
DA:56,1
DA:57,1
DA:58,1
DA:60,1
DA:62,1
DA:63,1
DA:64,1
DA:65,1
DA:66,1
DA:67,1
DA:68,1
DA:69,1
DA:70,1
DA:71,1
DA:72,1
DA:74,1
DA:75,1
DA:77,1
DA:79,1
DA:80,1
DA:81,1
LF:49
LH:49
BRDA:20,0,0,1
BRDA:21,1,0,4
BRDA:25,2,0,1
BRDA:35,3,0,1
BRDA:51,4,0,1
BRDA:68,5,0,1
BRF:6
BRH:6
end_of_record
TN:
SF:src/routes/api/unsubscribe/[email]/+server.ts
FN:8,GET
FNF:1
FNH:1
FNDA:2,GET
DA:1,1
DA:8,2
DA:9,2
DA:10,2
DA:11,2
DA:14,2
DA:15,1
DA:16,1
DA:17,1
DA:18,1
DA:19,1
DA:22,1
DA:23,1
DA:24,1
DA:25,1
DA:26,1
DA:27,1
DA:28,1
DA:29,1
DA:30,1
DA:31,1
DA:32,2
LF:22
LH:22
BRDA:8,0,0,2
BRDA:14,1,0,1
BRF:2
BRH:2
end_of_record
TN:
SF:src/routes/api/unsubscribe/[email]/test.test.ts
FNF:0
FNH:0
DA:1,1
DA:30,1
DA:31,1
DA:32,2
DA:33,1
DA:35,1
DA:36,1
DA:37,1
DA:39,1
DA:40,1
DA:42,1
DA:44,1
DA:45,1
DA:46,1
DA:47,1
DA:48,1
DA:50,1
DA:51,1
DA:52,1
DA:54,1
DA:55,1
DA:57,1
DA:59,1
DA:60,1
DA:61,1
DA:63,1
DA:64,1
DA:65,1
DA:66,1
LF:29
LH:29
BRDA:30,0,0,1
BRDA:31,1,0,2
BRDA:35,2,0,1
BRDA:50,3,0,1
BRF:4
BRH:4
end_of_record
TN:
SF:src/routes/booking/[id]/+page.server.ts
FN:23,load
FNF:1
FNH:1
FNDA:3,load
DA:1,1
DA:23,1
DA:24,3
DA:25,3
DA:26,3
DA:29,3
DA:30,1
DA:31,1
DA:32,2
DA:35,2
DA:36,2
DA:37,2
DA:39,2
DA:40,2
DA:41,2
DA:42,2
DA:43,2
DA:44,2
DA:45,1
DA:47,1
DA:48,1
DA:50,1
DA:51,1
DA:54,1
DA:55,1
DA:58,1
DA:61,1
DA:64,1
DA:65,1
DA:66,1
DA:69,1
DA:70,1
DA:73,1
DA:74,1
DA:75,1
DA:76,1
DA:79,1
DA:80,1
DA:81,1
DA:82,1
DA:83,1
DA:86,1
DA:87,1
DA:88,1
DA:89,1
DA:90,1
DA:91,1
DA:92,1
DA:93,1
DA:94,1
DA:95,1
DA:96,1
DA:97,1
DA:98,1
DA:99,1
DA:101,1
DA:102,1
DA:103,1
DA:104,1
DA:105,1
DA:106,1
DA:107,1
DA:108,1
DA:109,1
DA:114,1
DA:115,1
DA:116,1
DA:117,1
DA:118,1
DA:119,1
DA:120,1
DA:121,1
DA:122,3
DA:123,1
DA:124,1
DA:125,1
DA:126,0
DA:127,0
LF:78
LH:76
BRDA:23,0,0,3
BRDA:29,1,0,1
BRDA:31,2,0,2
BRDA:44,3,0,1
BRDA:122,4,0,1
BRDA:125,5,0,0
BRF:6
BRH:5
end_of_record
TN:
SF:src/routes/booking/[id]/booking.test.ts
FNF:0
FNH:0
DA:1,1
DA:30,1
DA:31,1
DA:32,1
DA:33,1
DA:34,1
DA:35,1
DA:36,1
DA:37,1
DA:38,1
DA:39,1
DA:41,1
DA:42,3
DA:43,1
DA:45,1
DA:46,1
DA:47,1
DA:48,1
DA:50,1
DA:51,1
DA:52,1
DA:53,1
DA:54,1
DA:55,1
DA:56,1
DA:58,1
DA:59,1
DA:60,1
DA:61,1
DA:62,1
DA:63,1
DA:64,1
DA:65,1
DA:67,1
DA:68,1
DA:69,1
DA:70,1
DA:71,1
DA:72,1
DA:73,1
DA:74,1
DA:76,1
DA:78,1
DA:79,1
DA:80,1
DA:81,1
DA:82,1
DA:83,1
DA:84,1
DA:87,1
DA:88,1
DA:89,1
DA:90,1
DA:91,1
DA:92,1
DA:93,1
DA:94,1
DA:96,1
DA:98,1
DA:99,1
DA:100,1
DA:101,1
DA:102,1
DA:104,1
DA:105,1
DA:107,1
DA:108,1
DA:109,1
DA:110,1
DA:111,1
DA:112,1
LF:71
LH:71
BRDA:30,0,0,1
BRDA:41,1,0,3
BRDA:45,2,0,1
BRDA:51,3,0,1
BRDA:59,4,0,1
BRDA:68,5,0,1
BRDA:87,6,0,1
BRDA:89,7,0,1
BRDA:104,8,0,1
BRF:9
BRH:9
end_of_record
TN:
SF:src/routes/booking/complete/+server.ts
FN:14,getAccessToken
FN:27,verifyPayPalPayment
FN:37,POST
FNF:3
FNH:3
FNDA:2,getAccessToken
FNDA:2,verifyPayPalPayment
FNDA:3,POST
DA:1,1
DA:8,1
DA:9,1
DA:10,1
DA:14,2
DA:15,2
DA:16,2
DA:17,2
DA:18,2
DA:19,2
DA:20,2
DA:21,2
DA:22,2
DA:24,2
DA:25,2
DA:27,2
DA:28,2
DA:29,2
DA:30,2
DA:31,2
DA:32,2
DA:33,2
DA:34,2
DA:35,2
DA:37,1
DA:38,3
DA:39,1
DA:40,1
DA:42,2
DA:44,2
DA:46,2
DA:48,3
DA:49,0
DA:50,0
DA:51,2
DA:52,2
DA:53,2
DA:54,2
DA:55,2
DA:56,2
DA:57,2
DA:58,2
DA:59,2
DA:60,2
DA:61,2
DA:62,1
DA:63,1
DA:64,1
DA:65,1
DA:66,1
DA:67,1
DA:68,1
DA:69,1
DA:70,1
DA:71,1
DA:73,1
DA:74,1
DA:75,1
DA:76,1
DA:77,1
DA:78,3
LF:61
LH:59
BRDA:14,0,0,2
BRDA:27,1,0,2
BRDA:37,2,0,3
BRDA:38,3,0,1
BRDA:40,4,0,2
BRDA:48,5,0,0
BRDA:50,6,0,2
BRDA:61,7,0,1
BRF:8
BRH:7
end_of_record
TN:
SF:src/routes/booking/complete/server.test.ts
FN:45,json
FN:47,json
FN:82,json
FN:84,json
FNF:4
FNH:4
FNDA:1,json
FNDA:1,json
FNDA:1,json
FNDA:1,json
DA:1,1
DA:31,1
DA:33,1
DA:34,1
DA:35,1
DA:36,1
DA:38,1
DA:39,3
DA:40,1
DA:42,1
DA:44,1
DA:45,1
DA:46,1
DA:47,1
DA:48,1
DA:49,1
DA:50,1
DA:51,1
DA:54,1
DA:55,1
DA:56,1
DA:57,1
DA:58,1
DA:60,1
DA:61,1
DA:62,1
DA:64,1
DA:65,1
DA:67,1
DA:68,1
DA:69,1
DA:70,1
DA:72,1
DA:73,1
DA:75,1
DA:76,1
DA:77,1
DA:80,1
DA:81,1
DA:82,1
DA:83,1
DA:84,1
DA:85,1
DA:86,1
DA:87,1
DA:88,1
DA:90,1
DA:92,1
DA:93,1
DA:94,1
DA:96,1
DA:98,1
DA:99,1
DA:100,1
DA:101,1
LF:55
LH:55
BRDA:33,0,0,1
BRDA:38,1,0,3
BRDA:42,2,0,1
BRDA:45,3,0,1
BRDA:47,4,0,1
BRDA:72,5,0,1
BRDA:80,6,0,1
BRDA:82,7,0,1
BRDA:84,8,0,1
BRF:9
BRH:9
end_of_record
TN:
SF:src/routes/cart/+page.server.ts
FN:51,calculatePrices
FN:128,load
FN:246,discount
FN:327,delete
FNF:4
FNH:4
FNDA:1,calculatePrices
FNDA:3,load
FNDA:2,discount
FNDA:3,delete
DA:1,1
DA:51,1
DA:52,1
DA:53,1
DA:54,1
DA:55,1
DA:56,1
DA:57,1
DA:58,1
DA:59,1
DA:60,1
DA:62,1
DA:64,1
DA:66,1
DA:67,1
DA:68,1
DA:69,1
DA:71,1
DA:73,0
DA:75,0
DA:77,0
DA:78,0
DA:79,0
DA:81,0
DA:82,0
DA:83,0
DA:84,1
DA:85,1
DA:86,0
DA:87,0
DA:88,1
DA:89,1
DA:90,1
DA:91,1
DA:92,1
DA:93,1
DA:95,1
DA:96,1
DA:98,1
DA:99,1
DA:100,1
DA:101,1
DA:102,1
DA:103,1
DA:104,1
DA:105,1
DA:106,1
DA:107,1
DA:108,1
DA:109,1
DA:110,0
DA:111,0
DA:112,1
DA:113,1
DA:114,1
DA:115,1
DA:116,1
DA:117,1
DA:118,1
DA:119,0
DA:120,1
DA:121,1
DA:122,1
DA:123,1
DA:124,1
DA:125,1
DA:126,1
DA:128,1
DA:129,3
DA:130,1
DA:131,1
DA:132,2
DA:133,2
DA:134,2
DA:135,2
DA:136,2
DA:137,2
DA:139,3
DA:140,1
DA:141,1
DA:142,1
DA:143,1
DA:144,1
DA:145,1
DA:146,1
DA:147,1
DA:148,1
DA:149,1
DA:150,1
DA:151,1
DA:152,1
DA:153,1
DA:154,1
DA:156,1
DA:158,1
DA:159,1
DA:160,1
DA:161,1
DA:162,1
DA:163,1
DA:164,1
DA:165,1
DA:166,1
DA:167,1
DA:168,1
DA:169,1
DA:170,1
DA:171,1
DA:172,1
DA:173,1
DA:174,1
DA:175,1
DA:177,1
DA:178,1
DA:179,1
DA:180,1
DA:181,1
DA:182,1
DA:183,1
DA:184,1
DA:185,1
DA:187,1
DA:189,1
DA:190,3
DA:191,0
DA:192,0
DA:193,0
DA:194,0
DA:195,0
DA:196,0
DA:197,0
DA:198,0
DA:199,0
DA:200,0
DA:202,1
DA:203,1
DA:204,1
DA:205,1
DA:206,1
DA:207,3
DA:208,0
DA:209,0
DA:210,0
DA:211,0
DA:212,0
DA:213,0
DA:214,0
DA:215,3
DA:216,1
DA:217,1
DA:218,1
DA:219,1
DA:220,1
DA:221,1
DA:222,1
DA:223,1
DA:224,1
DA:225,0
DA:226,1
DA:227,1
DA:228,1
DA:229,1
DA:230,1
DA:231,1
DA:232,1
DA:233,1
DA:234,1
DA:235,1
DA:236,1
DA:237,1
DA:238,1
DA:239,3
DA:240,0
DA:241,0
DA:242,0
DA:243,3
DA:245,1
DA:246,1
DA:247,2
DA:248,2
DA:250,2
DA:251,2
DA:252,2
DA:253,2
DA:254,2
DA:255,2
DA:257,2
DA:258,2
DA:259,2
DA:260,2
DA:261,2
DA:262,2
DA:263,2
DA:264,2
DA:265,2
DA:266,2
DA:267,2
DA:268,2
DA:269,2
DA:271,2
DA:272,2
DA:273,1
DA:274,2
DA:275,1
DA:276,1
DA:277,2
DA:278,0
DA:279,0
DA:281,1
DA:282,1
DA:283,1
DA:284,1
DA:285,1
DA:286,1
DA:287,1
DA:288,1
DA:289,1
DA:290,1
DA:291,1
DA:292,1
DA:294,1
DA:295,1
DA:296,1
DA:297,1
DA:298,1
DA:299,1
DA:300,1
DA:301,1
DA:302,1
DA:304,1
DA:305,0
DA:306,0
DA:307,0
DA:308,0
DA:309,1
DA:311,1
DA:312,1
DA:313,1
DA:314,1
DA:315,1
DA:316,1
DA:317,1
DA:318,1
DA:319,1
DA:320,1
DA:321,1
DA:322,2
DA:323,0
DA:324,0
DA:325,0
DA:326,2
DA:327,1
DA:328,3
DA:329,3
DA:330,3
DA:331,3
DA:332,3
DA:334,3
DA:336,3
DA:337,3
DA:338,1
DA:339,1
DA:340,1
DA:341,1
DA:342,1
DA:343,1
DA:344,3
DA:345,1
DA:346,1
DA:347,1
DA:348,1
DA:349,1
DA:350,1
DA:351,1
DA:352,1
DA:353,1
DA:356,2
DA:357,2
DA:358,2
DA:359,2
DA:361,3
DA:362,3
DA:363,0
DA:364,0
DA:365,0
DA:366,3
DA:367,1
LF:287
LH:241
BRDA:51,0,0,1
BRDA:71,1,0,0
BRDA:85,2,0,0
BRDA:106,3,0,0
BRDA:109,4,0,0
BRDA:118,5,0,0
BRDA:128,6,0,3
BRDA:129,7,0,1
BRDA:131,8,0,2
BRDA:139,9,0,1
BRDA:190,10,0,0
BRDA:200,11,0,1
BRDA:205,12,0,1
BRDA:207,13,0,0
BRDA:215,14,0,1
BRDA:216,15,0,0
BRDA:224,16,0,0
BRDA:239,17,0,0
BRDA:187,18,0,1
BRDA:246,19,0,2
BRDA:272,20,0,1
BRDA:273,21,0,0
BRDA:274,22,0,1
BRDA:277,23,0,0
BRDA:277,24,0,0
BRDA:279,25,0,1
BRDA:322,26,0,0
BRDA:327,27,0,3
BRDA:337,28,0,1
BRDA:344,29,0,2
BRDA:344,30,0,1
BRDA:361,31,0,1
BRDA:361,32,0,1
BRDA:362,33,0,0
BRF:34
BRH:19
end_of_record
TN:
SF:src/routes/cart/cart.test.ts
FNF:0
FNH:0
DA:1,1
DA:36,1
DA:37,1
DA:38,3
DA:39,1
DA:41,1
DA:42,1
DA:43,1
DA:44,1
DA:45,1
DA:47,1
DA:48,1
DA:49,1
DA:50,1
DA:51,1
DA:52,1
DA:54,1
DA:55,1
DA:56,1
DA:57,1
DA:58,1
DA:59,1
DA:60,1
DA:61,1
DA:62,1
DA:63,1
DA:64,1
DA:65,1
DA:66,1
DA:67,1
DA:68,1
DA:69,1
DA:71,1
DA:72,1
DA:73,1
DA:74,1
DA:75,1
DA:77,1
DA:78,1
DA:79,1
DA:80,1
DA:81,1
DA:82,1
DA:83,1
DA:84,1
DA:85,1
DA:86,1
DA:87,1
DA:88,1
DA:89,1
DA:90,1
DA:91,1
DA:93,1
DA:94,1
DA:95,1
DA:96,1
DA:97,1
DA:98,1
DA:99,1
DA:101,1
DA:102,1
DA:103,1
DA:104,1
DA:105,1
DA:106,1
DA:107,1
DA:108,1
DA:109,1
DA:111,1
DA:112,1
DA:113,1
DA:114,1
DA:115,1
DA:116,1
DA:117,1
DA:118,1
DA:119,1
DA:120,1
DA:121,1
DA:122,1
DA:123,1
DA:124,1
DA:125,1
DA:126,1
DA:127,1
DA:128,1
DA:129,1
DA:130,1
DA:132,1
DA:133,1
DA:134,1
DA:135,1
DA:136,1
DA:138,1
DA:139,1
DA:140,1
DA:141,1
DA:142,1
DA:143,1
DA:144,1
DA:146,1
DA:147,1
DA:148,1
DA:149,1
DA:150,1
DA:151,1
DA:152,1
DA:153,1
DA:154,1
DA:155,1
DA:157,1
DA:158,1
DA:159,1
DA:160,1
DA:162,1
DA:163,1
DA:164,1
DA:165,1
DA:166,1
DA:167,1
DA:168,1
DA:169,1
DA:171,1
DA:172,1
DA:173,1
DA:175,1
DA:176,1
DA:177,1
DA:178,1
DA:179,1
DA:180,1
DA:181,1
DA:183,1
DA:184,1
DA:185,1
DA:187,1
DA:188,1
DA:189,1
DA:190,1
DA:191,1
DA:192,1
DA:193,1
DA:195,1
DA:196,1
DA:197,1
DA:198,1
DA:199,1
LF:147
LH:147
BRDA:36,0,0,1
BRDA:37,1,0,3
BRDA:41,2,0,1
BRDA:47,3,0,1
BRDA:71,4,0,1
BRDA:101,5,0,1
BRDA:102,6,0,1
BRDA:103,7,0,1
BRDA:138,8,0,1
BRDA:162,9,0,1
BRDA:163,10,0,1
BRDA:166,11,0,2
BRDA:166,12,0,1
BRDA:166,13,0,1
BRDA:175,14,0,1
BRDA:178,15,0,2
BRDA:178,16,0,1
BRDA:178,17,0,1
BRDA:187,18,0,1
BRF:19
BRH:19
end_of_record
TN:
SF:src/routes/cart/checkout/+page.server.ts
FN:15,load
FNF:1
FNH:1
FNDA:3,load
DA:1,1
DA:6,1
DA:7,1
DA:9,1
DA:10,1
DA:11,1
DA:12,1
DA:13,1
DA:15,3
DA:16,3
DA:17,3
DA:18,3
DA:19,3
DA:20,3
DA:21,3
DA:22,1
DA:23,1
DA:25,2
DA:27,2
DA:29,2
DA:30,2
DA:31,2
DA:32,2
DA:33,2
DA:35,3
DA:36,1
DA:37,1
DA:39,1
DA:40,1
DA:41,1
DA:42,1
DA:44,1
DA:45,3
DA:46,0
DA:47,0
DA:49,1
DA:50,1
DA:51,3
DA:52,1
DA:53,1
DA:54,0
DA:55,0
DA:56,3
DA:57,0
DA:58,0
DA:60,1
DA:61,1
DA:62,1
DA:63,1
DA:64,1
DA:65,1
DA:66,1
DA:67,1
DA:68,1
DA:69,1
DA:70,3
DA:71,3
DA:72,3
DA:73,3
DA:74,3
DA:75,3
DA:76,3
DA:77,3
DA:78,3
DA:79,3
DA:80,3
DA:81,3
DA:82,3
DA:84,1
DA:85,1
DA:86,1
DA:87,1
LF:72
LH:66
BRDA:15,0,0,3
BRDA:21,1,0,1
BRDA:23,2,0,2
BRDA:35,3,0,1
BRDA:35,4,0,1
BRDA:45,5,0,0
BRDA:47,6,0,1
BRDA:51,7,0,1
BRDA:53,8,0,0
BRDA:56,9,0,0
BRDA:58,10,0,1
BRDA:82,11,0,1
BRF:12
BRH:9
end_of_record
TN:
SF:src/routes/cart/checkout/checkout.test.ts
FNF:0
FNH:0
DA:1,1
DA:35,1
DA:36,1
DA:37,3
DA:38,1
DA:40,1
DA:41,1
DA:42,1
DA:44,1
DA:45,1
DA:46,1
DA:48,1
DA:50,1
DA:51,1
DA:53,1
DA:54,1
DA:56,1
DA:58,1
DA:59,1
DA:60,1
DA:61,1
DA:62,1
DA:64,1
DA:65,1
DA:67,1
DA:68,1
DA:69,1
DA:71,1
DA:73,1
DA:74,1
DA:75,1
DA:76,1
DA:77,1
DA:78,1
LF:34
LH:34
BRDA:35,0,0,1
BRDA:36,1,0,3
BRDA:40,2,0,1
BRDA:53,3,0,1
BRDA:64,4,0,1
BRF:5
BRH:5
end_of_record
TN:
SF:src/routes/cart/checkout/verify/+page.server.ts
FN:1,(empty-report)
FNF:1
FNH:0
FNDA:0,(empty-report)
DA:1,0
DA:20,0
DA:22,0
DA:24,0
DA:25,0
DA:26,0
DA:27,0
DA:28,0
DA:29,0
DA:30,0
DA:32,0
DA:34,0
DA:35,0
DA:36,0
DA:37,0
DA:39,0
DA:40,0
DA:41,0
DA:43,0
DA:44,0
DA:46,0
DA:47,0
DA:48,0
DA:49,0
DA:51,0
DA:52,0
DA:54,0
DA:55,0
DA:56,0
DA:57,0
DA:58,0
DA:60,0
DA:61,0
DA:62,0
DA:63,0
DA:64,0
DA:65,0
DA:68,0
DA:69,0
DA:70,0
DA:71,0
DA:73,0
DA:75,0
DA:76,0
DA:77,0
DA:78,0
DA:79,0
DA:80,0
DA:81,0
DA:82,0
DA:85,0
DA:86,0
DA:87,0
DA:88,0
DA:89,0
DA:92,0
DA:93,0
DA:94,0
DA:95,0
DA:96,0
DA:97,0
DA:98,0
DA:100,0
DA:101,0
DA:102,0
DA:103,0
DA:104,0
DA:105,0
DA:106,0
DA:107,0
DA:108,0
DA:109,0
DA:110,0
DA:111,0
DA:112,0
DA:113,0
DA:114,0
DA:115,0
DA:116,0
DA:117,0
DA:118,0
DA:119,0
DA:120,0
DA:121,0
DA:122,0
DA:124,0
DA:125,0
DA:126,0
DA:127,0
DA:128,0
DA:129,0
DA:130,0
DA:131,0
DA:133,0
DA:134,0
DA:135,0
DA:136,0
DA:137,0
DA:138,0
DA:139,0
DA:141,0
DA:143,0
DA:144,0
DA:145,0
DA:146,0
DA:147,0
DA:148,0
DA:149,0
DA:150,0
DA:151,0
DA:152,0
DA:153,0
DA:156,0
DA:157,0
DA:158,0
DA:159,0
DA:160,0
DA:161,0
DA:162,0
DA:163,0
DA:164,0
DA:165,0
DA:167,0
DA:168,0
DA:169,0
DA:170,0
DA:172,0
DA:173,0
DA:174,0
DA:175,0
DA:177,0
DA:178,0
DA:179,0
DA:180,0
DA:181,0
DA:182,0
DA:183,0
DA:184,0
DA:185,0
DA:186,0
LF:140
LH:0
BRDA:1,0,0,0
BRF:1
BRH:0
end_of_record
TN:
SF:src/routes/film/[id]/+page.server.ts
FN:7,load
FNF:1
FNH:1
FNDA:4,load
DA:1,1
DA:7,1
DA:8,4
DA:10,4
DA:11,1
DA:12,1
DA:13,1
DA:15,4
DA:16,4
DA:17,4
DA:18,4
DA:19,4
DA:20,4
DA:21,2
DA:22,2
DA:23,2
DA:24,2
DA:25,2
DA:26,2
DA:27,2
DA:28,2
DA:29,2
DA:30,2
DA:31,2
DA:32,2
DA:33,2
DA:34,2
DA:35,2
DA:36,2
DA:37,2
DA:38,2
DA:39,2
DA:40,2
DA:41,2
DA:42,2
DA:44,2
DA:45,2
DA:46,2
DA:47,2
DA:48,2
DA:49,2
DA:50,2
DA:51,2
DA:52,4
LF:44
LH:44
BRDA:7,0,0,4
BRDA:10,1,0,1
BRDA:15,2,0,0
BRDA:20,3,0,2
BRF:4
BRH:3
end_of_record
TN:
SF:src/routes/film/[id]/film.test.ts
FNF:0
FNH:0
DA:1,1
DA:23,1
DA:24,1
DA:25,4
DA:26,1
DA:28,1
DA:29,1
DA:30,1
DA:32,1
DA:33,1
DA:34,1
DA:35,1
DA:36,1
DA:38,1
DA:39,1
DA:40,1
DA:41,1
DA:42,1
DA:43,1
DA:44,1
DA:45,1
DA:46,1
DA:47,1
DA:48,1
DA:49,1
DA:50,1
DA:51,1
DA:53,1
DA:54,1
DA:55,1
DA:57,1
DA:58,2
DA:59,2
DA:60,2
DA:61,1
DA:62,1
DA:63,1
DA:64,1
DA:65,1
DA:66,1
DA:67,1
DA:68,1
DA:69,1
DA:70,0
DA:71,0
DA:72,2
DA:73,2
DA:74,1
DA:76,1
DA:78,1
DA:79,1
DA:80,1
DA:81,1
DA:83,1
DA:84,1
DA:85,1
DA:86,1
DA:88,1
DA:89,1
DA:90,1
DA:91,1
DA:93,1
DA:94,1
DA:95,1
DA:97,1
DA:98,3
DA:99,3
DA:100,3
DA:101,1
DA:102,1
DA:103,1
DA:104,2
DA:105,1
DA:106,1
DA:107,1
DA:108,1
DA:109,1
DA:110,1
DA:111,1
DA:112,1
DA:113,1
DA:114,0
DA:115,0
DA:116,3
DA:117,3
DA:118,1
DA:120,1
DA:122,1
DA:123,1
DA:124,1
DA:125,1
DA:126,1
DA:128,1
DA:129,1
DA:130,2
DA:131,2
DA:132,2
DA:133,2
DA:134,2
DA:135,1
DA:137,1
DA:139,1
DA:140,1
DA:142,1
DA:143,1
DA:145,1
DA:146,1
DA:147,1
LF:108
LH:104
BRDA:23,0,0,1
BRDA:24,1,0,4
BRDA:32,2,0,1
BRDA:58,3,0,2
BRDA:59,4,0,2
BRDA:60,5,0,1
BRDA:70,6,0,0
BRDA:88,7,0,1
BRDA:98,8,0,3
BRDA:99,9,0,3
BRDA:100,10,0,1
BRDA:104,11,0,2
BRDA:104,12,0,1
BRDA:114,13,0,0
BRDA:128,14,0,1
BRDA:130,15,0,2
BRDA:131,16,0,2
BRDA:142,17,0,1
BRF:18
BRH:16
end_of_record
TN:
SF:src/routes/films/+page.server.ts
FN:6,load
FNF:1
FNH:1
FNDA:3,load
DA:1,1
DA:6,1
DA:7,3
DA:8,3
DA:10,2
DA:11,2
DA:12,2
DA:13,3
DA:14,1
DA:16,1
DA:18,3
LF:11
LH:11
BRDA:6,0,0,3
BRDA:8,1,0,2
BRDA:13,2,0,1
BRF:3
BRH:3
end_of_record
TN:
SF:src/routes/films/films.test.ts
FNF:0
FNH:0
DA:1,1
DA:21,1
DA:22,1
DA:23,3
DA:24,1
DA:26,1
DA:27,1
DA:28,1
DA:29,1
DA:30,1
DA:32,1
DA:33,1
DA:35,1
DA:37,1
DA:38,1
DA:39,1
DA:40,1
DA:41,1
DA:42,1
DA:44,1
DA:45,1
DA:46,1
DA:48,1
DA:50,1
DA:51,1
DA:52,1
DA:53,1
DA:54,1
DA:55,1
DA:57,1
DA:58,1
DA:59,1
DA:60,1
DA:62,1
DA:64,1
DA:65,1
DA:66,1
DA:67,1
LF:38
LH:38
BRDA:21,0,0,1
BRDA:22,1,0,3
BRDA:26,2,0,1
BRDA:44,3,0,1
BRDA:57,4,0,1
BRF:5
BRH:5
end_of_record
TN:
SF:src/routes/login/+page.server.ts
FN:11,load
FN:20,login
FNF:2
FNH:2
FNDA:2,load
FNDA:5,login
DA:1,1
DA:11,1
DA:12,2
DA:13,1
DA:14,1
DA:15,1
DA:16,1
DA:17,1
DA:19,1
DA:20,1
DA:21,5
DA:22,5
DA:23,5
DA:25,5
DA:26,1
DA:27,1
DA:28,5
DA:29,1
DA:30,1
DA:31,3
DA:32,3
DA:33,3
DA:34,3
DA:35,5
DA:36,0
DA:37,0
DA:39,0
DA:40,0
DA:41,0
DA:42,0
DA:43,0
DA:44,0
DA:45,0
DA:46,0
DA:47,0
DA:48,0
DA:49,0
DA:50,0
DA:51,0
DA:52,0
DA:54,0
DA:55,0
DA:56,0
DA:57,0
DA:58,0
DA:60,0
DA:61,5
DA:62,3
DA:63,3
DA:64,5
DA:65,1
LF:51
LH:29
BRDA:11,0,0,2
BRDA:12,1,0,1
BRDA:20,2,0,5
BRDA:25,3,0,1
BRDA:27,4,0,4
BRDA:28,5,0,1
BRDA:30,6,0,3
BRDA:35,7,0,0
BRDA:61,8,0,3
BRF:9
BRH:8
end_of_record
TN:
SF:src/routes/login/login.test.ts
FN:80,formData
FN:93,formData
FN:107,formData
FN:122,formData
FN:150,formData
FNF:5
FNH:5
FNDA:1,formData
FNDA:1,formData
FNDA:1,formData
FNDA:1,formData
FNDA:1,formData
DA:1,1
DA:49,1
DA:50,1
DA:51,7
DA:52,1
DA:54,1
DA:55,1
DA:56,1
DA:57,1
DA:59,1
DA:61,1
DA:62,1
DA:63,1
DA:65,1
DA:66,1
DA:68,1
DA:70,1
DA:71,1
DA:72,1
DA:74,1
DA:75,1
DA:76,1
DA:77,1
DA:78,1
DA:79,1
DA:80,1
DA:82,1
DA:84,1
DA:86,1
DA:87,1
DA:89,1
DA:90,1
DA:91,1
DA:92,1
DA:93,1
DA:95,1
DA:96,1
DA:98,1
DA:100,1
DA:101,1
DA:103,1
DA:104,1
DA:105,1
DA:106,1
DA:107,1
DA:109,1
DA:110,1
DA:111,1
DA:113,1
DA:115,1
DA:116,1
DA:118,1
DA:119,1
DA:120,1
DA:121,1
DA:122,1
DA:124,1
DA:125,1
DA:126,1
DA:127,1
DA:128,1
DA:129,1
DA:130,1
DA:131,1
DA:132,1
DA:133,1
DA:134,1
DA:135,1
DA:136,1
DA:137,1
DA:138,1
DA:140,1
DA:142,1
DA:143,1
DA:146,1
DA:147,1
DA:148,1
DA:149,1
DA:150,1
DA:152,1
DA:153,1
DA:154,1
DA:156,1
DA:158,1
DA:159,1
DA:160,1
DA:161,1
DA:162,1
LF:88
LH:88
BRDA:49,0,0,1
BRDA:50,1,0,7
BRDA:54,2,0,1
BRDA:55,3,0,1
BRDA:65,4,0,1
BRDA:74,5,0,1
BRDA:75,6,0,1
BRDA:76,7,0,1
BRDA:80,8,0,1
BRDA:89,9,0,1
BRDA:93,10,0,1
BRDA:103,11,0,1
BRDA:107,12,0,1
BRDA:118,13,0,1
BRDA:122,14,0,1
BRDA:146,15,0,1
BRDA:150,16,0,1
BRF:17
BRH:17
end_of_record
TN:
SF:src/routes/login/github/+server.ts
FN:1,(empty-report)
FNF:1
FNH:0
FNDA:0,(empty-report)
DA:1,0
DA:6,0
DA:7,0
DA:8,0
DA:10,0
DA:11,0
DA:12,0
DA:13,0
DA:14,0
DA:15,0
DA:17,0
DA:18,0
DA:19,0
DA:20,0
DA:21,0
DA:22,0
DA:23,0
LF:17
LH:0
BRDA:1,0,0,0
BRF:1
BRH:0
end_of_record
TN:
SF:src/routes/login/github/callback/+server.ts
FN:1,(empty-report)
FNF:1
FNH:0
FNDA:0,(empty-report)
DA:1,0
DA:15,0
DA:16,0
DA:17,0
DA:18,0
DA:19,0
DA:20,0
DA:21,0
DA:22,0
DA:23,0
DA:24,0
DA:25,0
DA:26,0
DA:27,0
DA:28,0
DA:30,0
DA:31,0
DA:32,0
DA:33,0
DA:35,0
DA:36,0
DA:37,0
DA:38,0
DA:39,0
DA:40,0
DA:41,0
DA:42,0
DA:43,0
DA:44,0
DA:45,0
DA:48,0
DA:49,0
DA:50,0
DA:52,0
DA:53,0
DA:54,0
DA:55,0
DA:56,0
DA:57,0
DA:58,0
DA:59,0
DA:60,0
DA:61,0
DA:62,0
DA:64,0
DA:65,0
DA:66,0
DA:67,0
DA:68,0
DA:70,0
DA:72,0
DA:73,0
DA:74,0
DA:75,0
DA:77,0
DA:78,0
DA:79,0
DA:80,0
DA:81,0
DA:82,0
DA:83,0
DA:84,0
DA:85,0
DA:86,0
DA:87,0
DA:88,0
DA:89,0
DA:90,0
DA:91,0
DA:92,0
DA:93,0
DA:94,0
DA:95,0
DA:96,0
DA:97,0
DA:98,0
DA:99,0
LF:77
LH:0
BRDA:1,0,0,0
BRF:1
BRH:0
end_of_record
TN:
SF:src/routes/login/google/+server.ts
FN:1,(empty-report)
FNF:1
FNH:0
FNDA:0,(empty-report)
DA:1,0
DA:6,0
DA:7,0
DA:8,0
DA:9,0
DA:11,0
DA:12,0
DA:13,0
DA:14,0
DA:15,0
DA:16,0
DA:17,0
DA:18,0
DA:19,0
DA:20,0
DA:21,0
DA:22,0
DA:24,0
DA:25,0
DA:26,0
DA:27,0
DA:28,0
DA:29,0
DA:30,0
LF:24
LH:0
BRDA:1,0,0,0
BRF:1
BRH:0
end_of_record
TN:
SF:src/routes/login/google/callback/+server.ts
FN:1,(empty-report)
FNF:1
FNH:0
FNDA:0,(empty-report)
DA:1,0
DA:18,0
DA:19,0
DA:20,0
DA:21,0
DA:22,0
DA:24,0
DA:25,0
DA:26,0
DA:27,0
DA:28,0
DA:29,0
DA:30,0
DA:31,0
DA:32,0
DA:33,0
DA:35,0
DA:36,0
DA:37,0
DA:38,0
DA:39,0
DA:40,0
DA:41,0
DA:42,0
DA:44,0
DA:45,0
DA:47,0
DA:50,0
DA:51,0
DA:52,0
DA:54,0
DA:55,0
DA:56,0
DA:58,0
DA:59,0
DA:60,0
DA:61,0
DA:62,0
DA:63,0
DA:64,0
DA:65,0
DA:66,0
DA:67,0
DA:68,0
DA:70,0
DA:71,0
DA:72,0
DA:73,0
DA:74,0
DA:75,0
DA:76,0
DA:77,0
DA:78,0
DA:79,0
DA:80,0
DA:81,0
DA:82,0
DA:83,0
DA:84,0
DA:85,0
DA:86,0
DA:88,0
DA:89,0
DA:90,0
DA:91,0
DA:92,0
DA:93,0
DA:94,0
DA:95,0
DA:96,0
DA:97,0
DA:98,0
DA:99,0
DA:100,0
DA:101,0
DA:102,0
DA:103,0
DA:104,0
DA:105,0
DA:106,0
DA:107,0
DA:108,0
DA:109,0
DA:110,0
LF:84
LH:0
BRDA:1,0,0,0
BRF:1
BRH:0
end_of_record
TN:
SF:src/routes/login/reset-password/+page.server.ts
FN:12,load
FN:27,resetPassword
FN:55,setNewPassword
FNF:3
FNH:3
FNDA:2,load
FNDA:3,resetPassword
FNDA:5,setNewPassword
DA:1,1
DA:12,1
DA:13,2
DA:15,2
DA:19,1
DA:20,1
DA:23,1
DA:24,1
DA:26,1
DA:27,1
DA:28,3
DA:29,3
DA:30,3
DA:32,3
DA:33,3
DA:34,3
DA:35,3
DA:36,3
DA:37,1
DA:38,1
DA:39,1
DA:40,1
DA:41,1
DA:42,1
DA:43,1
DA:44,1
DA:45,1
DA:46,1
DA:47,3
DA:48,0
DA:49,0
DA:50,1
DA:51,1
DA:52,1
DA:53,1
DA:54,3
DA:55,1
DA:56,5
DA:57,5
DA:58,5
DA:59,5
DA:60,5
DA:61,5
DA:62,1
DA:63,1
DA:64,5
DA:65,1
DA:66,1
DA:72,3
DA:73,3
DA:74,3
DA:75,3
DA:76,3
DA:77,3
DA:78,3
DA:79,2
DA:80,5
DA:81,1
DA:82,1
DA:83,1
DA:85,1
DA:86,1
DA:87,1
DA:88,1
DA:89,1
DA:90,1
DA:91,1
DA:92,1
DA:93,1
DA:94,1
DA:95,1
DA:96,1
DA:97,1
DA:98,1
DA:99,1
DA:100,1
DA:101,1
DA:102,1
DA:103,1
DA:104,1
DA:105,5
DA:106,1
LF:82
LH:80
BRDA:12,0,0,2
BRDA:15,1,0,1
BRDA:27,2,0,3
BRDA:35,3,0,2
BRDA:36,4,0,1
BRDA:47,5,0,0
BRDA:49,6,0,1
BRDA:55,7,0,5
BRDA:61,8,0,1
BRDA:63,9,0,4
BRDA:64,10,0,1
BRDA:66,11,0,3
BRDA:78,12,0,2
BRDA:80,13,0,1
BRF:14
BRH:13
end_of_record
TN:
SF:src/routes/login/reset-password/reset-password.test.ts
FN:77,formData
FN:100,formData
FN:117,formData
FN:137,formData
FN:170,formData
FN:182,formData
FN:196,formData
FN:216,formData
FNF:8
FNH:8
FNDA:1,formData
FNDA:1,formData
FNDA:1,formData
FNDA:1,formData
FNDA:1,formData
FNDA:1,formData
FNDA:1,formData
FNDA:1,formData
DA:1,1
DA:47,1
DA:48,1
DA:50,1
DA:51,10
DA:52,10
DA:53,10
DA:54,10
DA:55,10
DA:56,1
DA:58,1
DA:59,1
DA:60,1
DA:61,1
DA:62,1
DA:63,1
DA:65,1
DA:66,1
DA:67,1
DA:68,1
DA:69,1
DA:70,1
DA:72,1
DA:73,1
DA:74,1
DA:75,1
DA:76,1
DA:77,1
DA:79,1
DA:80,1
DA:81,1
DA:82,1
DA:83,1
DA:85,1
DA:86,1
DA:87,1
DA:88,1
DA:89,1
DA:91,1
DA:93,1
DA:94,1
DA:95,1
DA:97,1
DA:98,1
DA:99,1
DA:100,1
DA:102,1
DA:103,1
DA:104,1
DA:105,1
DA:106,1
DA:108,1
DA:110,1
DA:111,1
DA:112,1
DA:114,1
DA:115,1
DA:116,1
DA:117,1
DA:119,1
DA:120,1
DA:121,1
DA:122,1
DA:123,1
DA:125,1
DA:127,1
DA:128,1
DA:129,1
DA:131,1
DA:132,1
DA:133,1
DA:134,1
DA:135,1
DA:136,1
DA:137,1
DA:139,1
DA:140,1
DA:141,1
DA:142,1
DA:143,1
DA:145,1
DA:146,1
DA:148,1
DA:149,1
DA:150,1
DA:151,1
DA:152,1
DA:154,1
DA:155,1
DA:156,1
DA:158,1
DA:160,1
DA:161,1
DA:162,1
DA:163,1
DA:165,1
DA:166,1
DA:167,1
DA:168,1
DA:169,1
DA:170,1
DA:172,1
DA:174,1
DA:175,1
DA:177,1
DA:178,1
DA:179,1
DA:180,1
DA:181,1
DA:182,1
DA:184,1
DA:186,1
DA:188,1
DA:189,1
DA:191,1
DA:192,1
DA:193,1
DA:194,1
DA:195,1
DA:196,1
DA:198,1
DA:199,1
DA:200,1
DA:201,1
DA:202,1
DA:204,1
DA:206,1
DA:208,1
DA:209,1
DA:211,1
DA:212,1
DA:213,1
DA:214,1
DA:215,1
DA:216,1
DA:218,1
DA:219,1
DA:220,1
DA:221,1
DA:222,1
DA:224,1
DA:226,1
DA:228,1
DA:229,1
DA:230,1
DA:231,1
DA:232,1
LF:147
LH:147
BRDA:47,0,0,1
BRDA:50,1,0,10
BRDA:55,2,0,3
BRDA:58,3,0,1
BRDA:59,4,0,1
BRDA:65,5,0,1
BRDA:72,6,0,1
BRDA:73,7,0,1
BRDA:74,8,0,1
BRDA:77,9,0,1
BRDA:97,10,0,1
BRDA:100,11,0,1
BRDA:114,12,0,1
BRDA:117,13,0,1
BRDA:131,14,0,1
BRDA:132,15,0,1
BRDA:137,16,0,1
BRDA:165,17,0,1
BRDA:170,18,0,1
BRDA:177,19,0,1
BRDA:182,20,0,1
BRDA:191,21,0,1
BRDA:196,22,0,1
BRDA:211,23,0,1
BRDA:216,24,0,1
BRF:25
BRH:25
end_of_record
TN:
SF:src/routes/profile/+page.server.ts
FN:9,load
FN:23,updateProfile
FN:57,logout
FNF:3
FNH:2
FNDA:2,load
FNDA:0,updateProfile
FNDA:3,logout
DA:1,1
DA:9,1
DA:11,2
DA:12,1
DA:13,1
DA:14,1
DA:17,1
DA:18,1
DA:19,1
DA:20,1
DA:22,1
DA:23,1
DA:25,0
DA:26,0
DA:27,0
DA:29,0
DA:31,0
DA:32,0
DA:33,0
DA:36,0
DA:37,0
DA:38,0
DA:41,0
DA:42,0
DA:43,0
DA:44,0
DA:45,0
DA:46,0
DA:47,0
DA:50,0
DA:51,0
DA:52,0
DA:53,0
DA:54,0
DA:55,0
DA:57,1
DA:59,3
DA:60,1
DA:61,1
DA:63,2
DA:65,2
DA:66,1
DA:67,1
DA:68,1
DA:69,1
DA:70,1
DA:73,1
DA:74,3
DA:75,1
LF:49
LH:26
BRDA:9,0,0,2
BRDA:11,1,0,1
BRDA:57,2,0,3
BRDA:59,3,0,1
BRDA:61,4,0,2
BRDA:65,5,0,1
BRF:6
BRH:6
end_of_record
TN:
SF:src/routes/profile/profile.test.ts
FN:30,createMockEvent
FNF:1
FNH:1
FNDA:5,createMockEvent
DA:1,1
DA:30,5
DA:31,5
DA:32,5
DA:33,5
DA:34,5
DA:35,5
DA:36,5
DA:37,5
DA:38,5
DA:39,5
DA:40,5
DA:41,5
DA:42,5
DA:43,5
DA:44,5
DA:45,5
DA:46,5
DA:47,5
DA:48,5
DA:49,5
DA:50,5
DA:51,5
DA:52,5
DA:53,5
DA:54,5
DA:55,5
DA:56,5
DA:57,5
DA:58,5
DA:59,5
DA:60,5
DA:61,5
DA:63,1
DA:64,1
DA:65,1
DA:66,1
DA:68,1
DA:69,1
DA:70,1
DA:71,1
DA:73,1
DA:74,1
DA:75,1
DA:77,1
DA:78,1
DA:79,1
DA:80,1
DA:82,1
DA:83,1
DA:84,3
DA:85,1
DA:87,1
DA:88,1
DA:90,1
DA:91,1
DA:92,1
DA:93,1
DA:95,1
DA:96,1
DA:97,1
DA:98,1
DA:99,1
DA:100,1
DA:101,1
DA:103,1
DA:104,1
DA:105,1
DA:106,1
DA:107,1
DA:109,1
DA:110,1
DA:111,1
DA:112,1
DA:113,1
DA:114,1
DA:115,1
DA:117,1
DA:119,1
DA:120,1
DA:122,1
DA:123,1
DA:124,1
DA:125,1
LF:84
LH:84
BRDA:30,0,0,5
BRDA:63,1,0,1
BRDA:64,2,0,1
BRDA:65,3,0,1
BRDA:73,4,0,1
BRDA:82,5,0,1
BRDA:83,6,0,3
BRDA:87,7,0,1
BRDA:95,8,0,1
BRDA:109,9,0,1
BRF:10
BRH:10
end_of_record
TN:
SF:src/routes/profile/bookings/+page.server.ts
FN:17,load
FNF:1
FNH:1
FNDA:3,load
DA:1,1
DA:17,1
DA:19,3
DA:20,1
DA:21,1
DA:23,2
DA:25,2
DA:27,2
DA:28,2
DA:29,2
DA:30,2
DA:31,2
DA:32,1
DA:33,1
DA:34,1
DA:35,1
DA:36,1
DA:37,1
DA:38,1
DA:39,3
LF:20
LH:20
BRDA:17,0,0,3
BRDA:19,1,0,1
BRDA:21,2,0,2
BRDA:31,3,0,1
BRF:4
BRH:4
end_of_record
TN:
SF:src/routes/profile/bookings/bookings.test.ts
FNF:0
FNH:0
DA:1,1
DA:16,1
DA:17,1
DA:18,3
DA:19,1
DA:21,1
DA:22,1
DA:23,1
DA:24,1
DA:25,1
DA:27,1
DA:28,1
DA:29,1
DA:30,1
DA:31,1
DA:32,1
DA:34,1
DA:36,1
DA:37,1
DA:39,1
DA:40,1
DA:41,1
DA:43,1
DA:44,1
DA:45,1
DA:47,1
DA:48,1
DA:50,1
DA:51,1
DA:52,1
LF:30
LH:30
BRDA:16,0,0,1
BRDA:17,1,0,3
BRDA:21,2,0,1
BRDA:27,3,0,1
BRDA:43,4,0,1
BRF:5
BRH:5
end_of_record
TN:
SF:src/routes/profile/change-password/+page.server.ts
FN:11,load
FN:27,changePassword
FNF:2
FNH:2
FNDA:2,load
FNDA:4,changePassword
DA:1,1
DA:11,1
DA:12,2
DA:13,1
DA:14,1
DA:17,1
DA:18,2
DA:20,2
DA:21,2
DA:22,2
DA:23,2
DA:24,2
DA:26,1
DA:27,1
DA:28,4
DA:29,1
DA:30,1
DA:32,3
DA:33,3
DA:34,4
DA:35,4
DA:36,4
DA:39,4
DA:40,4
DA:41,4
DA:44,4
DA:45,0
DA:46,0
DA:47,0
DA:48,0
DA:49,0
DA:51,4
DA:52,1
DA:53,1
DA:54,1
DA:55,1
DA:56,1
DA:58,4
DA:59,1
DA:60,1
DA:61,1
DA:62,1
DA:63,1
DA:66,1
DA:67,1
DA:68,0
DA:69,0
DA:71,1
DA:72,1
DA:73,0
DA:74,0
DA:75,0
DA:76,0
DA:77,0
DA:78,1
DA:81,1
DA:82,1
DA:83,1
DA:84,1
DA:85,1
DA:86,1
DA:88,1
DA:89,1
DA:90,1
DA:91,1
DA:92,4
DA:93,0
DA:94,0
DA:95,0
DA:97,1
DA:98,4
DA:99,1
LF:72
LH:57
BRDA:11,0,0,2
BRDA:12,1,0,1
BRDA:18,2,0,1
BRDA:27,3,0,4
BRDA:28,4,0,3
BRDA:28,5,0,1
BRDA:30,6,0,3
BRDA:35,7,0,3
BRDA:36,8,0,3
BRDA:39,9,0,3
BRDA:41,10,0,3
BRDA:41,11,0,3
BRDA:44,12,0,0
BRDA:44,13,0,3
BRDA:44,14,0,3
BRDA:44,15,0,0
BRDA:49,16,0,3
BRDA:51,17,0,1
BRDA:56,18,0,2
BRDA:58,19,0,1
BRDA:67,20,0,0
BRDA:72,21,0,0
BRDA:92,22,0,0
BRDA:95,23,0,1
BRF:24
BRH:19
end_of_record
TN:
SF:src/routes/profile/change-password/change-password.test.ts
FNF:0
FNH:0
DA:1,1
DA:33,1
DA:34,1
DA:35,6
DA:36,1
DA:38,1
DA:39,1
DA:40,1
DA:41,1
DA:42,1
DA:43,1
DA:45,1
DA:46,1
DA:47,1
DA:49,1
DA:50,1
DA:52,1
DA:53,1
DA:54,1
DA:55,1
DA:56,1
DA:57,1
DA:59,1
DA:60,1
DA:61,1
DA:62,1
DA:63,1
DA:64,1
DA:66,1
DA:67,1
DA:68,1
DA:70,1
DA:71,1
DA:72,1
DA:73,1
DA:74,1
DA:75,1
DA:76,1
DA:77,1
DA:78,1
DA:79,1
DA:80,1
DA:81,1
DA:83,1
DA:84,1
DA:85,1
DA:86,1
DA:87,1
DA:89,1
DA:90,1
DA:91,1
DA:92,1
DA:94,1
DA:95,1
DA:96,1
DA:97,1
DA:98,1
DA:99,1
DA:100,1
DA:101,1
DA:102,1
DA:103,1
DA:104,1
DA:105,1
DA:107,1
DA:108,1
DA:109,1
DA:110,1
DA:111,1
DA:112,1
DA:113,1
DA:114,1
DA:115,1
DA:117,1
DA:118,1
DA:119,1
DA:120,1
DA:121,1
DA:122,1
DA:124,1
DA:125,1
DA:126,1
DA:127,1
DA:128,1
DA:129,1
DA:130,1
DA:131,1
DA:132,1
DA:133,1
DA:134,1
DA:135,1
DA:137,1
DA:138,1
DA:139,1
DA:140,1
DA:141,1
LF:96
LH:96
BRDA:33,0,0,1
BRDA:34,1,0,6
BRDA:38,2,0,1
BRDA:39,3,0,1
BRDA:45,4,0,1
BRDA:59,5,0,1
BRDA:60,6,0,1
BRDA:66,7,0,1
BRDA:89,8,0,1
BRDA:117,9,0,1
BRF:10
BRH:10
end_of_record
TN:
SF:src/routes/profile/tickets/+page.server.ts
FN:17,load
FNF:1
FNH:1
FNDA:2,load
DA:1,1
DA:17,1
DA:19,2
DA:20,1
DA:21,1
DA:24,1
DA:25,1
DA:26,1
DA:27,1
DA:28,1
DA:29,1
DA:30,1
DA:31,1
DA:32,1
DA:33,1
DA:34,1
DA:35,1
DA:36,1
DA:37,1
DA:38,1
DA:39,1
DA:40,1
DA:41,1
DA:42,1
DA:43,1
DA:44,1
DA:45,1
DA:46,1
DA:47,1
DA:48,1
DA:49,1
DA:50,1
DA:51,1
DA:52,1
LF:34
LH:34
BRDA:17,0,0,2
BRDA:19,1,0,1
BRF:2
BRH:2
end_of_record
TN:
SF:src/routes/profile/tickets/tickets.test.ts
FNF:0
FNH:0
DA:1,1
DA:21,1
DA:22,1
DA:23,2
DA:24,1
DA:26,1
DA:27,1
DA:28,1
DA:29,1
DA:31,1
DA:33,1
DA:34,1
DA:36,1
DA:37,1
DA:38,1
DA:39,1
DA:40,1
DA:41,1
DA:42,1
DA:43,1
DA:44,1
DA:45,1
DA:46,1
DA:47,1
DA:48,1
DA:49,1
DA:50,1
DA:51,1
DA:52,1
DA:53,1
DA:56,1
DA:57,1
DA:58,1
DA:59,1
DA:60,1
DA:61,1
DA:63,1
DA:64,1
DA:65,1
DA:67,1
DA:69,1
DA:70,1
DA:71,1
DA:72,1
LF:44
LH:44
BRDA:21,0,0,1
BRDA:22,1,0,2
BRDA:26,2,0,1
BRDA:36,3,0,1
BRF:4
BRH:4
end_of_record
TN:
SF:src/routes/refund/+page.server.ts
FN:19,load
FN:54,bookNew
FNF:2
FNH:2
FNDA:2,load
FNDA:3,bookNew
DA:1,1
DA:17,1
DA:19,1
DA:20,2
DA:22,2
DA:23,1
DA:24,1
DA:26,1
DA:27,1
DA:28,1
DA:29,1
DA:30,1
DA:31,1
DA:32,1
DA:33,1
DA:34,1
DA:35,1
DA:36,1
DA:37,1
DA:38,1
DA:39,1
DA:40,1
DA:41,1
DA:42,1
DA:43,1
DA:44,1
DA:45,1
DA:46,1
DA:47,1
DA:49,1
DA:50,1
DA:51,1
DA:52,1
DA:53,1
DA:54,1
DA:55,3
DA:56,3
DA:57,3
DA:59,3
DA:60,1
DA:61,1
DA:62,2
DA:63,2
DA:64,2
DA:65,2
DA:66,2
DA:67,2
DA:68,2
DA:69,2
DA:70,2
DA:71,2
DA:72,2
DA:73,1
DA:74,1
DA:75,1
DA:76,1
DA:78,1
DA:79,1
DA:80,1
DA:81,1
DA:82,1
DA:83,1
DA:84,1
DA:85,1
DA:86,1
DA:87,3
DA:88,1
LF:67
LH:67
BRDA:19,0,0,2
BRDA:22,1,0,1
BRDA:54,2,0,3
BRDA:59,3,0,1
BRDA:61,4,0,2
BRDA:72,5,0,1
BRF:6
BRH:6
end_of_record
TN:
SF:src/routes/refund/refund.test.ts
FNF:0
FNH:0
DA:1,1
DA:41,1
DA:42,1
DA:43,5
DA:44,1
DA:46,1
DA:47,1
DA:48,1
DA:49,1
DA:51,1
DA:53,1
DA:54,1
DA:55,1
DA:57,1
DA:58,1
DA:59,1
DA:60,1
DA:61,1
DA:63,1
DA:65,1
DA:66,1
DA:67,1
DA:69,1
DA:70,1
DA:71,1
DA:72,3
DA:73,1
DA:75,1
DA:76,1
DA:77,1
DA:78,1
DA:79,1
DA:80,1
DA:81,1
DA:83,1
DA:85,1
DA:86,1
DA:87,1
DA:88,1
DA:90,1
DA:91,1
DA:92,1
DA:93,1
DA:95,1
DA:97,1
DA:98,1
DA:99,1
DA:100,1
DA:101,1
DA:103,1
DA:104,1
DA:105,1
DA:107,1
DA:108,1
DA:109,1
DA:110,1
DA:111,1
DA:112,1
DA:113,1
DA:115,1
DA:117,1
DA:118,1
DA:120,1
DA:121,1
DA:122,1
DA:123,1
DA:124,1
DA:125,1
DA:126,1
DA:128,1
DA:130,1
DA:131,1
DA:132,1
DA:134,1
DA:136,1
DA:137,1
DA:138,1
DA:139,1
DA:140,1
LF:79
LH:79
BRDA:41,0,0,1
BRDA:42,1,0,5
BRDA:46,2,0,1
BRDA:47,3,0,1
BRDA:57,4,0,1
BRDA:69,5,0,1
BRDA:70,6,0,1
BRDA:71,7,0,3
BRDA:75,8,0,1
BRDA:107,9,0,1
BRDA:120,10,0,1
BRDA:130,11,0,1
BRF:12
BRH:12
end_of_record
TN:
SF:src/routes/register/+page.server.ts
FN:14,load
FN:19,register
FNF:2
FNH:2
FNDA:1,load
FNDA:5,register
DA:1,1
DA:14,1
DA:15,1
DA:16,1
DA:18,1
DA:19,1
DA:20,5
DA:21,5
DA:22,5
DA:24,5
DA:25,1
DA:26,1
DA:27,5
DA:28,1
DA:29,1
DA:31,3
DA:32,3
DA:34,3
DA:35,3
DA:36,3
DA:37,3
DA:38,3
DA:40,3
DA:41,3
DA:42,2
DA:43,2
DA:44,2
DA:45,2
DA:46,2
DA:47,2
DA:48,2
DA:49,2
DA:50,5
DA:51,1
DA:52,1
DA:53,2
DA:54,2
DA:55,2
DA:56,2
DA:57,2
DA:58,1
DA:59,1
DA:60,1
DA:61,1
DA:62,5
DA:63,1
LF:46
LH:46
BRDA:14,0,0,1
BRDA:19,1,0,5
BRDA:24,2,0,1
BRDA:26,3,0,4
BRDA:27,4,0,1
BRDA:29,5,0,3
BRDA:41,6,0,2
BRDA:50,7,0,1
BRDA:52,8,0,2
BRDA:57,9,0,1
BRF:10
BRH:10
end_of_record
TN:
SF:src/routes/register/register.test.ts
FNF:0
FNH:0
DA:1,1
DA:46,1
DA:47,1
DA:48,1
DA:54,1
DA:55,1
DA:57,1
DA:58,6
DA:59,1
DA:61,1
DA:62,1
DA:63,1
DA:64,1
DA:65,1
DA:66,1
DA:68,1
DA:69,1
DA:70,1
DA:71,1
DA:72,1
DA:74,1
DA:75,1
DA:76,1
DA:77,1
DA:78,1
DA:79,1
DA:80,1
DA:81,1
DA:83,1
DA:85,1
DA:86,1
DA:87,1
DA:88,1
DA:89,1
DA:90,1
DA:91,1
DA:92,1
DA:93,1
DA:94,1
DA:95,1
DA:97,1
DA:98,1
DA:99,1
DA:100,1
DA:102,1
DA:103,1
DA:104,1
DA:105,1
DA:106,1
DA:108,1
DA:110,1
DA:112,1
DA:113,1
DA:114,1
DA:116,1
DA:117,1
DA:118,1
DA:119,1
DA:121,1
DA:122,1
DA:123,1
DA:124,1
DA:125,1
DA:127,1
DA:128,1
DA:130,1
DA:132,1
DA:133,1
DA:134,1
DA:135,1
DA:137,1
DA:138,1
DA:139,1
DA:140,1
DA:142,1
DA:143,1
DA:144,1
DA:145,1
DA:146,1
DA:148,1
DA:149,1
DA:150,1
DA:151,1
DA:152,1
DA:154,1
DA:156,1
DA:157,1
DA:159,1
DA:160,1
DA:161,1
DA:162,1
DA:164,1
DA:165,1
DA:166,1
DA:167,1
DA:168,1
DA:169,1
DA:170,1
DA:171,1
DA:173,1
DA:174,1
DA:175,1
DA:176,1
DA:177,1
DA:179,1
DA:180,1
DA:181,1
DA:183,1
DA:185,1
DA:186,1
DA:187,1
DA:188,1
LF:112
LH:112
BRDA:46,0,0,1
BRDA:47,1,0,1
BRDA:57,2,0,6
BRDA:61,3,0,1
BRDA:62,4,0,1
BRDA:68,5,0,1
BRDA:69,6,0,1
BRDA:97,7,0,1
BRDA:116,8,0,1
BRDA:137,9,0,1
BRDA:159,10,0,1
BRDA:179,11,0,1
BRF:12
BRH:12
end_of_record
TN:
SF:src/routes/search/[searchTerm]/+page.server.ts
FN:6,load
FNF:1
FNH:1
FNDA:3,load
DA:1,1
DA:6,1
DA:7,3
DA:8,3
DA:9,3
DA:10,3
DA:11,3
DA:12,3
DA:13,3
DA:14,3
DA:15,3
DA:16,3
DA:17,3
DA:18,3
DA:20,2
DA:21,2
DA:22,2
DA:23,2
DA:24,2
DA:25,3
DA:26,1
DA:27,1
DA:28,3
LF:23
LH:23
BRDA:6,0,0,3
BRDA:18,1,0,2
BRDA:25,2,0,1
BRF:3
BRH:3
end_of_record
TN:
SF:src/routes/search/[searchTerm]/search.test.ts
FNF:0
FNH:0
DA:1,1
DA:16,1
DA:17,1
DA:18,3
DA:19,1
DA:21,1
DA:22,1
DA:23,1
DA:24,1
DA:25,1
DA:27,1
DA:29,1
DA:30,1
DA:31,1
DA:32,1
DA:33,1
DA:34,1
DA:35,1
DA:36,1
DA:37,1
DA:39,1
DA:40,1
DA:42,1
DA:44,1
DA:45,1
DA:46,1
DA:47,1
DA:48,1
DA:49,1
DA:51,1
DA:52,1
DA:54,1
DA:56,1
DA:57,1
DA:58,1
LF:35
LH:35
BRDA:16,0,0,1
BRDA:17,1,0,3
BRDA:21,2,0,1
BRDA:39,3,0,1
BRDA:51,4,0,1
BRF:5
BRH:5
end_of_record
TN:
SF:src/routes/show/[id]/+page.server.ts
FN:1,(empty-report)
FNF:1
FNH:0
FNDA:0,(empty-report)
DA:1,0
DA:35,0
DA:36,0
DA:37,0
DA:39,0
DA:40,0
DA:41,0
DA:43,0
DA:44,0
DA:45,0
DA:46,0
DA:48,0
DA:49,0
DA:50,0
DA:51,0
DA:52,0
DA:53,0
DA:54,0
DA:55,0
DA:56,0
DA:57,0
DA:58,0
DA:59,0
DA:60,0
DA:61,0
DA:63,0
DA:64,0
DA:65,0
DA:66,0
DA:67,0
DA:70,0
DA:72,0
DA:73,0
DA:74,0
DA:76,0
DA:77,0
DA:78,0
DA:79,0
DA:80,0
DA:81,0
DA:82,0
DA:85,0
DA:86,0
DA:87,0
DA:88,0
DA:90,0
DA:91,0
DA:92,0
DA:93,0
DA:94,0
DA:95,0
DA:96,0
DA:99,0
DA:100,0
DA:101,0
DA:102,0
DA:103,0
DA:104,0
DA:105,0
DA:106,0
DA:107,0
DA:109,0
DA:110,0
DA:111,0
DA:112,0
DA:113,0
DA:114,0
DA:115,0
DA:116,0
DA:117,0
DA:120,0
DA:121,0
DA:122,0
DA:123,0
DA:124,0
DA:125,0
DA:126,0
DA:127,0
DA:128,0
DA:129,0
DA:130,0
DA:131,0
DA:132,0
DA:135,0
DA:136,0
DA:137,0
DA:138,0
DA:139,0
DA:140,0
DA:141,0
DA:142,0
DA:143,0
DA:144,0
DA:145,0
DA:146,0
DA:148,0
DA:149,0
DA:150,0
DA:151,0
DA:152,0
DA:153,0
DA:154,0
DA:155,0
DA:156,0
DA:159,0
DA:160,0
DA:161,0
DA:162,0
DA:163,0
DA:164,0
DA:165,0
DA:166,0
DA:168,0
DA:169,0
DA:170,0
DA:171,0
DA:172,0
DA:173,0
DA:174,0
DA:175,0
DA:177,0
DA:178,0
DA:179,0
DA:180,0
DA:181,0
DA:182,0
DA:183,0
DA:184,0
DA:185,0
DA:186,0
DA:187,0
DA:188,0
DA:189,0
DA:190,0
DA:191,0
DA:192,0
DA:193,0
DA:195,0
DA:196,0
DA:197,0
DA:198,0
DA:199,0
DA:201,0
DA:202,0
DA:203,0
DA:205,0
DA:207,0
DA:208,0
DA:209,0
DA:210,0
DA:211,0
DA:212,0
DA:213,0
DA:214,0
DA:215,0
DA:216,0
DA:217,0
DA:219,0
DA:220,0
DA:221,0
DA:222,0
DA:223,0
DA:225,0
DA:226,0
DA:227,0
DA:228,0
DA:229,0
DA:230,0
DA:232,0
DA:233,0
DA:234,0
DA:236,0
DA:237,0
DA:238,0
DA:239,0
DA:240,0
DA:241,0
DA:242,0
DA:243,0
DA:245,0
DA:246,0
DA:248,0
DA:249,0
DA:250,0
DA:251,0
DA:253,0
DA:255,0
DA:257,0
DA:258,0
DA:259,0
DA:260,0
DA:261,0
DA:262,0
DA:263,0
DA:264,0
DA:265,0
DA:267,0
DA:268,0
DA:269,0
DA:270,0
DA:272,0
DA:274,0
DA:276,0
DA:277,0
DA:278,0
DA:279,0
DA:281,0
DA:284,0
DA:285,0
DA:286,0
DA:287,0
DA:289,0
DA:290,0
DA:291,0
DA:292,0
DA:293,0
DA:295,0
DA:298,0
DA:299,0
DA:300,0
DA:301,0
DA:302,0
DA:305,0
DA:306,0
DA:307,0
DA:308,0
DA:311,0
DA:312,0
DA:313,0
DA:314,0
DA:315,0
DA:316,0
DA:317,0
DA:318,0
DA:319,0
DA:320,0
DA:321,0
DA:322,0
DA:323,0
DA:324,0
DA:325,0
DA:327,0
DA:328,0
DA:329,0
DA:330,0
DA:331,0
DA:332,0
DA:333,0
DA:334,0
DA:336,0
DA:337,0
DA:338,0
DA:339,0
DA:340,0
DA:342,0
DA:343,0
DA:344,0
DA:345,0
DA:346,0
DA:349,0
DA:350,0
DA:351,0
DA:352,0
DA:355,0
DA:356,0
DA:357,0
DA:358,0
DA:359,0
DA:362,0
DA:363,0
DA:364,0
DA:365,0
DA:366,0
DA:367,0
DA:368,0
DA:369,0
DA:372,0
DA:373,0
DA:374,0
DA:375,0
DA:376,0
DA:377,0
DA:378,0
DA:379,0
DA:380,0
DA:383,0
DA:384,0
DA:385,0
DA:387,0
DA:388,0
DA:389,0
DA:390,0
DA:391,0
DA:392,0
DA:393,0
DA:394,0
DA:395,0
DA:396,0
DA:398,0
DA:399,0
DA:400,0
DA:401,0
DA:402,0
DA:403,0
DA:404,0
DA:407,0
DA:408,0
DA:409,0
DA:410,0
DA:411,0
DA:412,0
DA:413,0
DA:415,0
DA:416,0
DA:417,0
DA:418,0
DA:419,0
DA:420,0
DA:421,0
DA:424,0
DA:427,0
DA:428,0
DA:429,0
DA:430,0
DA:431,0
DA:433,0
DA:434,0
DA:435,0
DA:436,0
DA:437,0
DA:438,0
DA:439,0
DA:440,0
DA:441,0
DA:442,0
LF:335
LH:0
BRDA:1,0,0,0
BRF:1
BRH:0
end_of_record
TN:
SF:src/routes/validation/+page.server.ts
FN:16,validate
FNF:1
FNH:1
FNDA:6,validate
DA:1,1
DA:15,1
DA:16,1
DA:17,6
DA:18,6
DA:19,6
DA:21,6
DA:22,1
DA:23,1
DA:24,1
DA:25,1
DA:28,5
DA:29,5
DA:30,5
DA:31,5
DA:32,5
DA:33,5
DA:34,5
DA:35,5
DA:36,5
DA:37,5
DA:38,5
DA:39,5
DA:40,5
DA:41,5
DA:42,5
DA:43,5
DA:44,5
DA:45,5
DA:46,5
DA:47,5
DA:48,5
DA:50,6
DA:51,0
DA:52,0
DA:53,0
DA:54,0
DA:55,6
DA:56,1
DA:57,1
DA:58,1
DA:59,1
DA:60,6
DA:61,1
DA:62,1
DA:66,1
DA:67,1
DA:68,1
DA:69,1
DA:70,1
DA:71,1
DA:72,1
DA:73,1
DA:74,1
DA:75,1
DA:76,1
DA:77,1
DA:78,1
DA:79,1
DA:80,1
DA:81,1
DA:82,1
DA:83,1
DA:84,6
DA:85,2
DA:86,2
DA:87,2
DA:88,2
DA:89,2
DA:90,6
DA:91,1
LF:71
LH:67
BRDA:16,0,0,6
BRDA:19,1,0,5
BRDA:21,2,0,1
BRDA:25,3,0,5
BRDA:48,4,0,4
BRDA:50,5,0,0
BRDA:54,6,0,4
BRDA:55,7,0,1
BRDA:59,8,0,2
BRDA:60,9,0,1
BRDA:84,10,0,2
BRF:11
BRH:10
end_of_record
TN:
SF:src/routes/validation/validation.test.ts
FNF:0
FNH:0
DA:1,1
DA:49,1
DA:50,1
DA:51,6
DA:52,1
DA:54,1
DA:55,1
DA:56,1
DA:57,1
DA:58,1
DA:60,1
DA:62,1
DA:63,1
DA:65,1
DA:66,1
DA:67,1
DA:69,1
DA:70,1
DA:71,1
DA:73,1
DA:74,1
DA:75,1
DA:76,1
DA:77,1
DA:78,1
DA:79,1
DA:80,1
DA:81,1
DA:82,1
DA:83,1
DA:84,1
DA:85,1
DA:86,1
DA:87,1
DA:88,1
DA:89,1
DA:90,1
DA:92,1
DA:94,1
DA:95,1
DA:97,1
DA:98,1
DA:99,1
DA:101,1
DA:102,1
DA:103,1
DA:105,1
DA:106,1
DA:107,1
DA:108,1
DA:109,1
DA:110,1
DA:111,1
DA:112,1
DA:113,1
DA:114,1
DA:115,1
DA:116,1
DA:117,1
DA:118,1
DA:119,1
DA:120,1
DA:121,1
DA:122,1
DA:123,1
DA:124,1
DA:126,1
DA:128,1
DA:129,1
DA:131,1
DA:132,1
DA:133,1
DA:135,1
DA:136,1
DA:137,1
DA:139,1
DA:140,1
DA:141,1
DA:142,1
DA:143,1
DA:144,1
DA:145,1
DA:146,1
DA:147,1
DA:148,1
DA:149,1
DA:150,1
DA:151,1
DA:152,1
DA:153,1
DA:154,1
DA:155,1
DA:156,1
DA:157,1
DA:158,1
DA:160,1
DA:162,1
DA:163,1
DA:165,1
DA:166,1
DA:167,1
DA:169,1
DA:170,1
DA:171,1
DA:173,1
DA:174,1
DA:175,1
DA:176,1
DA:177,1
DA:178,1
DA:179,1
DA:180,1
DA:181,1
DA:182,1
DA:183,1
DA:184,1
DA:186,1
DA:187,1
DA:188,1
DA:189,1
DA:190,1
DA:191,1
DA:192,1
DA:193,1
DA:194,1
DA:195,1
DA:196,1
DA:197,1
DA:198,1
DA:199,1
DA:200,1
DA:201,1
DA:202,1
DA:203,1
DA:205,1
DA:206,1
DA:207,1
DA:208,1
DA:209,1
DA:210,1
DA:212,1
DA:214,1
DA:215,1
DA:216,1
DA:217,1
DA:218,1
DA:219,1
DA:220,1
DA:221,1
DA:222,1
DA:223,1
DA:224,1
DA:225,1
DA:226,1
DA:227,1
DA:229,1
DA:230,1
DA:231,1
DA:233,1
DA:234,1
DA:235,1
DA:237,1
DA:238,1
DA:239,1
DA:241,1
DA:242,1
DA:243,1
DA:244,1
DA:245,1
DA:246,1
DA:247,1
DA:248,1
DA:249,1
DA:250,1
DA:251,1
DA:252,1
DA:253,1
DA:254,1
DA:255,1
DA:256,1
DA:257,1
DA:258,1
DA:260,1
DA:262,1
DA:263,1
DA:264,1
DA:265,1
LF:187
LH:187
BRDA:49,0,0,1
BRDA:50,1,0,6
BRDA:54,2,0,1
BRDA:55,3,0,1
BRDA:65,4,0,1
BRDA:97,5,0,1
BRDA:131,6,0,1
BRDA:165,7,0,1
BRDA:233,8,0,1
BRF:9
BRH:9
end_of_record
